28-Sep-2017 14:02:49.681 정보 [main] org.apache.catalina.startup.VersionLoggerListener.log Server version:        Apache Tomcat/9.0.0.M26
28-Sep-2017 14:02:49.697 정보 [main] org.apache.catalina.startup.VersionLoggerListener.log Server built:          Aug 2 2017 20:29:05 UTC
28-Sep-2017 14:02:49.697 정보 [main] org.apache.catalina.startup.VersionLoggerListener.log Server number:         9.0.0.0
28-Sep-2017 14:02:49.697 정보 [main] org.apache.catalina.startup.VersionLoggerListener.log OS Name:               Windows 7
28-Sep-2017 14:02:49.697 정보 [main] org.apache.catalina.startup.VersionLoggerListener.log OS Version:            6.1
28-Sep-2017 14:02:49.712 정보 [main] org.apache.catalina.startup.VersionLoggerListener.log Architecture:          amd64
28-Sep-2017 14:02:49.712 정보 [main] org.apache.catalina.startup.VersionLoggerListener.log Java Home:             C:\Program Files\Java\jdk1.8.0_40\jre
28-Sep-2017 14:02:49.712 정보 [main] org.apache.catalina.startup.VersionLoggerListener.log JVM Version:           1.8.0_40-b26
28-Sep-2017 14:02:49.712 정보 [main] org.apache.catalina.startup.VersionLoggerListener.log JVM Vendor:            Oracle Corporation
28-Sep-2017 14:02:49.712 정보 [main] org.apache.catalina.startup.VersionLoggerListener.log CATALINA_BASE:         E:\2017_웹_서버_프로그래밍\apache-tomcat-9.0.0.M26
28-Sep-2017 14:02:49.712 정보 [main] org.apache.catalina.startup.VersionLoggerListener.log CATALINA_HOME:         E:\2017_웹_서버_프로그래밍\apache-tomcat-9.0.0.M26
28-Sep-2017 14:02:49.712 정보 [main] org.apache.catalina.startup.VersionLoggerListener.log Command line argument: -Djava.util.logging.config.file=E:\2017_웹_서버_프로그래밍\apache-tomcat-9.0.0.M26\conf\logging.properties
28-Sep-2017 14:02:49.728 정보 [main] org.apache.catalina.startup.VersionLoggerListener.log Command line argument: -Djava.util.logging.manager=org.apache.juli.ClassLoaderLogManager
28-Sep-2017 14:02:49.728 정보 [main] org.apache.catalina.startup.VersionLoggerListener.log Command line argument: -Djdk.tls.ephemeralDHKeySize=2048
28-Sep-2017 14:02:49.728 정보 [main] org.apache.catalina.startup.VersionLoggerListener.log Command line argument: -Djava.protocol.handler.pkgs=org.apache.catalina.webresources
28-Sep-2017 14:02:49.728 정보 [main] org.apache.catalina.startup.VersionLoggerListener.log Command line argument: -Dcatalina.base=E:\2017_웹_서버_프로그래밍\apache-tomcat-9.0.0.M26
28-Sep-2017 14:02:49.728 정보 [main] org.apache.catalina.startup.VersionLoggerListener.log Command line argument: -Dcatalina.home=E:\2017_웹_서버_프로그래밍\apache-tomcat-9.0.0.M26
28-Sep-2017 14:02:49.728 정보 [main] org.apache.catalina.startup.VersionLoggerListener.log Command line argument: -Djava.io.tmpdir=E:\2017_웹_서버_프로그래밍\apache-tomcat-9.0.0.M26\temp
28-Sep-2017 14:02:49.728 정보 [main] org.apache.catalina.core.AprLifecycleListener.lifecycleEvent The APR based Apache Tomcat Native library which allows optimal performance in production environments was not found on the java.library.path: [C:\Program Files\Java\jdk1.8.0_40\bin;C:\windows\Sun\Java\bin;C:\windows\system32;C:\windows;C:\Program Files\Java\jdk1.8.0_40\bin;C:\ProgramData\Oracle\Java\javapath;C:\Program Files (x86)\Intel\iCLS Client\;C:\Program Files\Intel\iCLS Client\;C:\windows\system32;C:\windows;C:\windows\System32\Wbem;C:\windows\System32\WindowsPowerShell\v1.0\;C:\Program Files\Intel\Intel(R) Management Engine Components\DAL;C:\Program Files\Intel\Intel(R) Management Engine Components\IPT;C:\Program Files (x86)\Intel\Intel(R) Management Engine Components\DAL;C:\Program Files (x86)\Intel\Intel(R) Management Engine Components\IPT;C:\Program Files (x86)\Intel\OpenCL SDK\3.0\bin\x86;C:\Program Files (x86)\Intel\OpenCL SDK\3.0\bin\x64;C:\Program Files (x86)\MATLAB\R2014b\runtime\win32;C:\Program Files (x86)\MATLAB\R2014b\bin;C:\Program Files\Java\jdk1.8.0_40\bin;C:\Program Files (x86)\Windows Kits\8.1\Windows Performance Toolkit\;C:\Program Files\Microsoft SQL Server\110\Tools\Binn\;C:\Program Files (x86)\Microsoft SDKs\TypeScript\1.0\;C:\Program Files\Microsoft SQL Server\120\Tools\Binn\;C:\Program Files\nodejs\;C:\windows\system32\config\systemprofile\.dnx\bin;C:\Program Files\Microsoft DNX\Dnvm\;C:\Program Files\Microsoft SQL Server\130\Tools\Binn\;C:\Program Files\Java\jdk1.8.0_40\bin;D:\goweb\apache-tomcat-9.0.0.M10\apache-tomcat-9.0.0.M10\bin;C:\Program Files\MySQL\MySQL Utilities 1.6\;C:\Program Files\PuTTY\;C:\Program Files\Java\jdk1.8.0_40\bin;C:\Users\user\AppData\Roaming\npm;C:\Python27;D:\ex2;.]
28-Sep-2017 14:02:50.461 정보 [main] org.apache.coyote.AbstractProtocol.init Initializing ProtocolHandler ["http-nio-8080"]
28-Sep-2017 14:02:50.648 정보 [main] org.apache.tomcat.util.net.NioSelectorPool.getSharedSelector Using a shared selector for servlet write/read
28-Sep-2017 14:02:50.648 정보 [main] org.apache.coyote.AbstractProtocol.init Initializing ProtocolHandler ["ajp-nio-8009"]
28-Sep-2017 14:02:50.664 정보 [main] org.apache.tomcat.util.net.NioSelectorPool.getSharedSelector Using a shared selector for servlet write/read
28-Sep-2017 14:02:50.664 정보 [main] org.apache.catalina.startup.Catalina.load Initialization processed in 1980 ms
28-Sep-2017 14:02:50.742 정보 [main] org.apache.catalina.core.StandardService.startInternal Starting service [Catalina]
28-Sep-2017 14:02:50.742 정보 [main] org.apache.catalina.core.StandardEngine.startInternal Starting Servlet Engine: Apache Tomcat/9.0.0.M26
28-Sep-2017 14:02:50.789 정보 [main] org.apache.catalina.startup.HostConfig.deployDirectory Deploying web application directory [E:\2017_웹_서버_프로그래밍\apache-tomcat-9.0.0.M26\webapps\docs]
28-Sep-2017 14:02:51.662 경고 [main] org.apache.catalina.util.SessionIdGeneratorBase.createSecureRandom Creation of SecureRandom instance for session ID generation using [SHA1PRNG] took [109] milliseconds.
28-Sep-2017 14:02:51.772 정보 [main] org.apache.catalina.startup.HostConfig.deployDirectory Deployment of web application directory [E:\2017_웹_서버_프로그래밍\apache-tomcat-9.0.0.M26\webapps\docs] has finished in [983] ms
28-Sep-2017 14:02:51.772 정보 [main] org.apache.catalina.startup.HostConfig.deployDirectory Deploying web application directory [E:\2017_웹_서버_프로그래밍\apache-tomcat-9.0.0.M26\webapps\examples]
28-Sep-2017 14:02:53.207 정보 [main] org.apache.catalina.startup.HostConfig.deployDirectory Deployment of web application directory [E:\2017_웹_서버_프로그래밍\apache-tomcat-9.0.0.M26\webapps\examples] has finished in [1,435] ms
28-Sep-2017 14:02:53.207 정보 [main] org.apache.catalina.startup.HostConfig.deployDirectory Deploying web application directory [E:\2017_웹_서버_프로그래밍\apache-tomcat-9.0.0.M26\webapps\host-manager]
28-Sep-2017 14:02:53.285 정보 [main] org.apache.catalina.startup.HostConfig.deployDirectory Deployment of web application directory [E:\2017_웹_서버_프로그래밍\apache-tomcat-9.0.0.M26\webapps\host-manager] has finished in [78] ms
28-Sep-2017 14:02:53.285 정보 [main] org.apache.catalina.startup.HostConfig.deployDirectory Deploying web application directory [E:\2017_웹_서버_프로그래밍\apache-tomcat-9.0.0.M26\webapps\manager]
28-Sep-2017 14:02:53.363 정보 [main] org.apache.catalina.startup.HostConfig.deployDirectory Deployment of web application directory [E:\2017_웹_서버_프로그래밍\apache-tomcat-9.0.0.M26\webapps\manager] has finished in [78] ms
28-Sep-2017 14:02:53.363 정보 [main] org.apache.catalina.startup.HostConfig.deployDirectory Deploying web application directory [E:\2017_웹_서버_프로그래밍\apache-tomcat-9.0.0.M26\webapps\ROOT]
28-Sep-2017 14:02:53.425 정보 [main] org.apache.catalina.startup.HostConfig.deployDirectory Deployment of web application directory [E:\2017_웹_서버_프로그래밍\apache-tomcat-9.0.0.M26\webapps\ROOT] has finished in [62] ms
28-Sep-2017 14:02:53.441 정보 [main] org.apache.catalina.startup.HostConfig.deployDirectory Deploying web application directory [E:\2017_웹_서버_프로그래밍\apache-tomcat-9.0.0.M26\webapps\websrv]
28-Sep-2017 14:02:54.112 정보 [main] org.apache.catalina.startup.HostConfig.deployDirectory Deployment of web application directory [E:\2017_웹_서버_프로그래밍\apache-tomcat-9.0.0.M26\webapps\websrv] has finished in [671] ms
28-Sep-2017 14:02:54.127 정보 [main] org.apache.coyote.AbstractProtocol.start Starting ProtocolHandler ["http-nio-8080"]
28-Sep-2017 14:02:54.143 정보 [main] org.apache.coyote.AbstractProtocol.start Starting ProtocolHandler ["ajp-nio-8009"]
28-Sep-2017 14:02:54.158 정보 [main] org.apache.catalina.startup.Catalina.start Server startup in 3488 ms
