19-Oct-2017 14:07:03.446 정보 [main] org.apache.catalina.startup.VersionLoggerListener.log Server version:        Apache Tomcat/9.0.0.M26
19-Oct-2017 14:07:03.452 정보 [main] org.apache.catalina.startup.VersionLoggerListener.log Server built:          Aug 2 2017 20:29:05 UTC
19-Oct-2017 14:07:03.453 정보 [main] org.apache.catalina.startup.VersionLoggerListener.log Server number:         9.0.0.0
19-Oct-2017 14:07:03.455 정보 [main] org.apache.catalina.startup.VersionLoggerListener.log OS Name:               Windows 7
19-Oct-2017 14:07:03.456 정보 [main] org.apache.catalina.startup.VersionLoggerListener.log OS Version:            6.1
19-Oct-2017 14:07:03.457 정보 [main] org.apache.catalina.startup.VersionLoggerListener.log Architecture:          amd64
19-Oct-2017 14:07:03.458 정보 [main] org.apache.catalina.startup.VersionLoggerListener.log Java Home:             C:\Program Files\Java\jdk1.8.0_40\jre
19-Oct-2017 14:07:03.460 정보 [main] org.apache.catalina.startup.VersionLoggerListener.log JVM Version:           1.8.0_40-b26
19-Oct-2017 14:07:03.461 정보 [main] org.apache.catalina.startup.VersionLoggerListener.log JVM Vendor:            Oracle Corporation
19-Oct-2017 14:07:03.463 정보 [main] org.apache.catalina.startup.VersionLoggerListener.log CATALINA_BASE:         E:\2017_웹_서버_프로그래밍\apache-tomcat-9.0.0.M26
19-Oct-2017 14:07:03.466 정보 [main] org.apache.catalina.startup.VersionLoggerListener.log CATALINA_HOME:         E:\2017_웹_서버_프로그래밍\apache-tomcat-9.0.0.M26
19-Oct-2017 14:07:03.469 정보 [main] org.apache.catalina.startup.VersionLoggerListener.log Command line argument: -Djava.util.logging.config.file=E:\2017_웹_서버_프로그래밍\apache-tomcat-9.0.0.M26\conf\logging.properties
19-Oct-2017 14:07:03.473 정보 [main] org.apache.catalina.startup.VersionLoggerListener.log Command line argument: -Djava.util.logging.manager=org.apache.juli.ClassLoaderLogManager
19-Oct-2017 14:07:03.474 정보 [main] org.apache.catalina.startup.VersionLoggerListener.log Command line argument: -Djdk.tls.ephemeralDHKeySize=2048
19-Oct-2017 14:07:03.476 정보 [main] org.apache.catalina.startup.VersionLoggerListener.log Command line argument: -Djava.protocol.handler.pkgs=org.apache.catalina.webresources
19-Oct-2017 14:07:03.478 정보 [main] org.apache.catalina.startup.VersionLoggerListener.log Command line argument: -Dcatalina.base=E:\2017_웹_서버_프로그래밍\apache-tomcat-9.0.0.M26
19-Oct-2017 14:07:03.481 정보 [main] org.apache.catalina.startup.VersionLoggerListener.log Command line argument: -Dcatalina.home=E:\2017_웹_서버_프로그래밍\apache-tomcat-9.0.0.M26
19-Oct-2017 14:07:03.483 정보 [main] org.apache.catalina.startup.VersionLoggerListener.log Command line argument: -Djava.io.tmpdir=E:\2017_웹_서버_프로그래밍\apache-tomcat-9.0.0.M26\temp
19-Oct-2017 14:07:03.486 정보 [main] org.apache.catalina.core.AprLifecycleListener.lifecycleEvent The APR based Apache Tomcat Native library which allows optimal performance in production environments was not found on the java.library.path: [C:\Program Files\Java\jdk1.8.0_40\bin;C:\windows\Sun\Java\bin;C:\windows\system32;C:\windows;C:\Program Files\Java\jdk1.8.0_40\bin;C:\ProgramData\Oracle\Java\javapath;C:\Program Files (x86)\Intel\iCLS Client\;C:\Program Files\Intel\iCLS Client\;C:\windows\system32;C:\windows;C:\windows\System32\Wbem;C:\windows\System32\WindowsPowerShell\v1.0\;C:\Program Files\Intel\Intel(R) Management Engine Components\DAL;C:\Program Files\Intel\Intel(R) Management Engine Components\IPT;C:\Program Files (x86)\Intel\Intel(R) Management Engine Components\DAL;C:\Program Files (x86)\Intel\Intel(R) Management Engine Components\IPT;C:\Program Files (x86)\Intel\OpenCL SDK\3.0\bin\x86;C:\Program Files (x86)\Intel\OpenCL SDK\3.0\bin\x64;C:\Program Files (x86)\MATLAB\R2014b\runtime\win32;C:\Program Files (x86)\MATLAB\R2014b\bin;C:\Program Files\Java\jdk1.8.0_40\bin;C:\Program Files (x86)\Windows Kits\8.1\Windows Performance Toolkit\;C:\Program Files\Microsoft SQL Server\110\Tools\Binn\;C:\Program Files (x86)\Microsoft SDKs\TypeScript\1.0\;C:\Program Files\Microsoft SQL Server\120\Tools\Binn\;C:\Program Files\nodejs\;C:\windows\system32\config\systemprofile\.dnx\bin;C:\Program Files\Microsoft DNX\Dnvm\;C:\Program Files\Microsoft SQL Server\130\Tools\Binn\;C:\Program Files\Java\jdk1.8.0_40\bin;D:\goweb\apache-tomcat-9.0.0.M10\apache-tomcat-9.0.0.M10\bin;C:\Program Files\MySQL\MySQL Utilities 1.6\;C:\Program Files\PuTTY\;C:\Program Files\Java\jdk1.8.0_40\bin;C:\Users\user\AppData\Roaming\npm;C:\Python27;D:\ex2;.]
19-Oct-2017 14:07:04.479 정보 [main] org.apache.coyote.AbstractProtocol.init Initializing ProtocolHandler ["http-nio-8080"]
19-Oct-2017 14:07:04.647 정보 [main] org.apache.tomcat.util.net.NioSelectorPool.getSharedSelector Using a shared selector for servlet write/read
19-Oct-2017 14:07:04.657 정보 [main] org.apache.coyote.AbstractProtocol.init Initializing ProtocolHandler ["ajp-nio-8009"]
19-Oct-2017 14:07:04.668 정보 [main] org.apache.tomcat.util.net.NioSelectorPool.getSharedSelector Using a shared selector for servlet write/read
19-Oct-2017 14:07:04.670 정보 [main] org.apache.catalina.startup.Catalina.load Initialization processed in 2166 ms
19-Oct-2017 14:07:04.773 정보 [main] org.apache.catalina.core.StandardService.startInternal Starting service [Catalina]
19-Oct-2017 14:07:04.775 정보 [main] org.apache.catalina.core.StandardEngine.startInternal Starting Servlet Engine: Apache Tomcat/9.0.0.M26
19-Oct-2017 14:07:04.811 정보 [main] org.apache.catalina.startup.HostConfig.deployDirectory Deploying web application directory [E:\2017_웹_서버_프로그래밍\apache-tomcat-9.0.0.M26\webapps\docs]
19-Oct-2017 14:07:05.908 정보 [main] org.apache.jasper.servlet.TldScanner.scanJars At least one JAR was scanned for TLDs yet contained no TLDs. Enable debug logging for this logger for a complete list of JARs that were scanned but no TLDs were found in them. Skipping unneeded JARs during scanning can improve startup time and JSP compilation time.
19-Oct-2017 14:07:06.064 경고 [main] org.apache.catalina.util.SessionIdGeneratorBase.createSecureRandom Creation of SecureRandom instance for session ID generation using [SHA1PRNG] took [103] milliseconds.
19-Oct-2017 14:07:06.111 정보 [main] org.apache.catalina.startup.HostConfig.deployDirectory Deployment of web application directory [E:\2017_웹_서버_프로그래밍\apache-tomcat-9.0.0.M26\webapps\docs] has finished in [1,300] ms
19-Oct-2017 14:07:06.113 정보 [main] org.apache.catalina.startup.HostConfig.deployDirectory Deploying web application directory [E:\2017_웹_서버_프로그래밍\apache-tomcat-9.0.0.M26\webapps\examples]
19-Oct-2017 14:07:07.791 정보 [main] org.apache.jasper.servlet.TldScanner.scanJars At least one JAR was scanned for TLDs yet contained no TLDs. Enable debug logging for this logger for a complete list of JARs that were scanned but no TLDs were found in them. Skipping unneeded JARs during scanning can improve startup time and JSP compilation time.
19-Oct-2017 14:07:07.902 정보 [main] org.apache.catalina.startup.HostConfig.deployDirectory Deployment of web application directory [E:\2017_웹_서버_프로그래밍\apache-tomcat-9.0.0.M26\webapps\examples] has finished in [1,789] ms
19-Oct-2017 14:07:07.905 정보 [main] org.apache.catalina.startup.HostConfig.deployDirectory Deploying web application directory [E:\2017_웹_서버_프로그래밍\apache-tomcat-9.0.0.M26\webapps\host-manager]
19-Oct-2017 14:07:08.335 정보 [main] org.apache.jasper.servlet.TldScanner.scanJars At least one JAR was scanned for TLDs yet contained no TLDs. Enable debug logging for this logger for a complete list of JARs that were scanned but no TLDs were found in them. Skipping unneeded JARs during scanning can improve startup time and JSP compilation time.
19-Oct-2017 14:07:08.347 정보 [main] org.apache.catalina.startup.HostConfig.deployDirectory Deployment of web application directory [E:\2017_웹_서버_프로그래밍\apache-tomcat-9.0.0.M26\webapps\host-manager] has finished in [442] ms
19-Oct-2017 14:07:08.350 정보 [main] org.apache.catalina.startup.HostConfig.deployDirectory Deploying web application directory [E:\2017_웹_서버_프로그래밍\apache-tomcat-9.0.0.M26\webapps\manager]
19-Oct-2017 14:07:08.823 정보 [main] org.apache.jasper.servlet.TldScanner.scanJars At least one JAR was scanned for TLDs yet contained no TLDs. Enable debug logging for this logger for a complete list of JARs that were scanned but no TLDs were found in them. Skipping unneeded JARs during scanning can improve startup time and JSP compilation time.
19-Oct-2017 14:07:08.831 정보 [main] org.apache.catalina.startup.HostConfig.deployDirectory Deployment of web application directory [E:\2017_웹_서버_프로그래밍\apache-tomcat-9.0.0.M26\webapps\manager] has finished in [481] ms
19-Oct-2017 14:07:08.833 정보 [main] org.apache.catalina.startup.HostConfig.deployDirectory Deploying web application directory [E:\2017_웹_서버_프로그래밍\apache-tomcat-9.0.0.M26\webapps\ROOT]
19-Oct-2017 14:07:09.247 정보 [main] org.apache.jasper.servlet.TldScanner.scanJars At least one JAR was scanned for TLDs yet contained no TLDs. Enable debug logging for this logger for a complete list of JARs that were scanned but no TLDs were found in them. Skipping unneeded JARs during scanning can improve startup time and JSP compilation time.
19-Oct-2017 14:07:09.255 정보 [main] org.apache.catalina.startup.HostConfig.deployDirectory Deployment of web application directory [E:\2017_웹_서버_프로그래밍\apache-tomcat-9.0.0.M26\webapps\ROOT] has finished in [422] ms
19-Oct-2017 14:07:09.257 정보 [main] org.apache.catalina.startup.HostConfig.deployDirectory Deploying web application directory [E:\2017_웹_서버_프로그래밍\apache-tomcat-9.0.0.M26\webapps\websrv]
19-Oct-2017 14:07:09.794 정보 [main] org.apache.jasper.servlet.TldScanner.scanJars At least one JAR was scanned for TLDs yet contained no TLDs. Enable debug logging for this logger for a complete list of JARs that were scanned but no TLDs were found in them. Skipping unneeded JARs during scanning can improve startup time and JSP compilation time.
19-Oct-2017 14:07:09.817 정보 [main] org.apache.catalina.startup.HostConfig.deployDirectory Deployment of web application directory [E:\2017_웹_서버_프로그래밍\apache-tomcat-9.0.0.M26\webapps\websrv] has finished in [560] ms
19-Oct-2017 14:07:09.822 정보 [main] org.apache.coyote.AbstractProtocol.start Starting ProtocolHandler ["http-nio-8080"]
19-Oct-2017 14:07:09.836 정보 [main] org.apache.coyote.AbstractProtocol.start Starting ProtocolHandler ["ajp-nio-8009"]
19-Oct-2017 14:07:09.841 정보 [main] org.apache.catalina.startup.Catalina.start Server startup in 5169 ms
19-Oct-2017 14:37:01.696 정보 [Thread-5] org.apache.coyote.AbstractProtocol.pause Pausing ProtocolHandler ["http-nio-8080"]
19-Oct-2017 14:37:01.917 정보 [Thread-5] org.apache.coyote.AbstractProtocol.pause Pausing ProtocolHandler ["ajp-nio-8009"]
19-Oct-2017 14:37:02.083 정보 [Thread-5] org.apache.catalina.core.StandardService.stopInternal Stopping service [Catalina]
19-Oct-2017 14:37:02.217 정보 [Thread-5] org.apache.coyote.AbstractProtocol.stop Stopping ProtocolHandler ["http-nio-8080"]
19-Oct-2017 14:37:02.222 정보 [Thread-5] org.apache.coyote.AbstractProtocol.stop Stopping ProtocolHandler ["ajp-nio-8009"]
19-Oct-2017 14:37:02.226 정보 [Thread-5] org.apache.coyote.AbstractProtocol.destroy Destroying ProtocolHandler ["http-nio-8080"]
19-Oct-2017 14:37:02.229 정보 [Thread-5] org.apache.coyote.AbstractProtocol.destroy Destroying ProtocolHandler ["ajp-nio-8009"]
19-Oct-2017 14:37:09.272 정보 [main] org.apache.catalina.startup.VersionLoggerListener.log Server version:        Apache Tomcat/9.0.0.M26
19-Oct-2017 14:37:09.274 정보 [main] org.apache.catalina.startup.VersionLoggerListener.log Server built:          Aug 2 2017 20:29:05 UTC
19-Oct-2017 14:37:09.275 정보 [main] org.apache.catalina.startup.VersionLoggerListener.log Server number:         9.0.0.0
19-Oct-2017 14:37:09.276 정보 [main] org.apache.catalina.startup.VersionLoggerListener.log OS Name:               Windows 7
19-Oct-2017 14:37:09.277 정보 [main] org.apache.catalina.startup.VersionLoggerListener.log OS Version:            6.1
19-Oct-2017 14:37:09.278 정보 [main] org.apache.catalina.startup.VersionLoggerListener.log Architecture:          amd64
19-Oct-2017 14:37:09.279 정보 [main] org.apache.catalina.startup.VersionLoggerListener.log Java Home:             C:\Program Files\Java\jdk1.8.0_40\jre
19-Oct-2017 14:37:09.281 정보 [main] org.apache.catalina.startup.VersionLoggerListener.log JVM Version:           1.8.0_40-b26
19-Oct-2017 14:37:09.282 정보 [main] org.apache.catalina.startup.VersionLoggerListener.log JVM Vendor:            Oracle Corporation
19-Oct-2017 14:37:09.283 정보 [main] org.apache.catalina.startup.VersionLoggerListener.log CATALINA_BASE:         E:\2017_웹_서버_프로그래밍\apache-tomcat-9.0.0.M26
19-Oct-2017 14:37:09.284 정보 [main] org.apache.catalina.startup.VersionLoggerListener.log CATALINA_HOME:         E:\2017_웹_서버_프로그래밍\apache-tomcat-9.0.0.M26
19-Oct-2017 14:37:09.286 정보 [main] org.apache.catalina.startup.VersionLoggerListener.log Command line argument: -Djava.util.logging.config.file=E:\2017_웹_서버_프로그래밍\apache-tomcat-9.0.0.M26\conf\logging.properties
19-Oct-2017 14:37:09.289 정보 [main] org.apache.catalina.startup.VersionLoggerListener.log Command line argument: -Djava.util.logging.manager=org.apache.juli.ClassLoaderLogManager
19-Oct-2017 14:37:09.290 정보 [main] org.apache.catalina.startup.VersionLoggerListener.log Command line argument: -Djdk.tls.ephemeralDHKeySize=2048
19-Oct-2017 14:37:09.292 정보 [main] org.apache.catalina.startup.VersionLoggerListener.log Command line argument: -Djava.protocol.handler.pkgs=org.apache.catalina.webresources
19-Oct-2017 14:37:09.294 정보 [main] org.apache.catalina.startup.VersionLoggerListener.log Command line argument: -Dcatalina.base=E:\2017_웹_서버_프로그래밍\apache-tomcat-9.0.0.M26
19-Oct-2017 14:37:09.296 정보 [main] org.apache.catalina.startup.VersionLoggerListener.log Command line argument: -Dcatalina.home=E:\2017_웹_서버_프로그래밍\apache-tomcat-9.0.0.M26
19-Oct-2017 14:37:09.298 정보 [main] org.apache.catalina.startup.VersionLoggerListener.log Command line argument: -Djava.io.tmpdir=E:\2017_웹_서버_프로그래밍\apache-tomcat-9.0.0.M26\temp
19-Oct-2017 14:37:09.301 정보 [main] org.apache.catalina.core.AprLifecycleListener.lifecycleEvent The APR based Apache Tomcat Native library which allows optimal performance in production environments was not found on the java.library.path: [C:\Program Files\Java\jdk1.8.0_40\bin;C:\windows\Sun\Java\bin;C:\windows\system32;C:\windows;C:\Program Files\Java\jdk1.8.0_40\bin;C:\ProgramData\Oracle\Java\javapath;C:\Program Files (x86)\Intel\iCLS Client\;C:\Program Files\Intel\iCLS Client\;C:\windows\system32;C:\windows;C:\windows\System32\Wbem;C:\windows\System32\WindowsPowerShell\v1.0\;C:\Program Files\Intel\Intel(R) Management Engine Components\DAL;C:\Program Files\Intel\Intel(R) Management Engine Components\IPT;C:\Program Files (x86)\Intel\Intel(R) Management Engine Components\DAL;C:\Program Files (x86)\Intel\Intel(R) Management Engine Components\IPT;C:\Program Files (x86)\Intel\OpenCL SDK\3.0\bin\x86;C:\Program Files (x86)\Intel\OpenCL SDK\3.0\bin\x64;C:\Program Files (x86)\MATLAB\R2014b\runtime\win32;C:\Program Files (x86)\MATLAB\R2014b\bin;C:\Program Files\Java\jdk1.8.0_40\bin;C:\Program Files (x86)\Windows Kits\8.1\Windows Performance Toolkit\;C:\Program Files\Microsoft SQL Server\110\Tools\Binn\;C:\Program Files (x86)\Microsoft SDKs\TypeScript\1.0\;C:\Program Files\Microsoft SQL Server\120\Tools\Binn\;C:\Program Files\nodejs\;C:\windows\system32\config\systemprofile\.dnx\bin;C:\Program Files\Microsoft DNX\Dnvm\;C:\Program Files\Microsoft SQL Server\130\Tools\Binn\;C:\Program Files\Java\jdk1.8.0_40\bin;D:\goweb\apache-tomcat-9.0.0.M10\apache-tomcat-9.0.0.M10\bin;C:\Program Files\MySQL\MySQL Utilities 1.6\;C:\Program Files\PuTTY\;C:\Program Files\Java\jdk1.8.0_40\bin;C:\Users\user\AppData\Roaming\npm;C:\Python27;D:\ex2;.]
19-Oct-2017 14:37:09.417 정보 [main] org.apache.coyote.AbstractProtocol.init Initializing ProtocolHandler ["http-nio-8080"]
19-Oct-2017 14:37:09.452 정보 [main] org.apache.tomcat.util.net.NioSelectorPool.getSharedSelector Using a shared selector for servlet write/read
19-Oct-2017 14:37:09.456 정보 [main] org.apache.coyote.AbstractProtocol.init Initializing ProtocolHandler ["ajp-nio-8009"]
19-Oct-2017 14:37:09.460 정보 [main] org.apache.tomcat.util.net.NioSelectorPool.getSharedSelector Using a shared selector for servlet write/read
19-Oct-2017 14:37:09.462 정보 [main] org.apache.catalina.startup.Catalina.load Initialization processed in 489 ms
19-Oct-2017 14:37:09.501 정보 [main] org.apache.catalina.core.StandardService.startInternal Starting service [Catalina]
19-Oct-2017 14:37:09.502 정보 [main] org.apache.catalina.core.StandardEngine.startInternal Starting Servlet Engine: Apache Tomcat/9.0.0.M26
19-Oct-2017 14:37:09.517 정보 [main] org.apache.catalina.startup.HostConfig.deployDirectory Deploying web application directory [E:\2017_웹_서버_프로그래밍\apache-tomcat-9.0.0.M26\webapps\docs]
19-Oct-2017 14:37:10.202 정보 [main] org.apache.jasper.servlet.TldScanner.scanJars At least one JAR was scanned for TLDs yet contained no TLDs. Enable debug logging for this logger for a complete list of JARs that were scanned but no TLDs were found in them. Skipping unneeded JARs during scanning can improve startup time and JSP compilation time.
19-Oct-2017 14:37:10.350 정보 [main] org.apache.catalina.startup.HostConfig.deployDirectory Deployment of web application directory [E:\2017_웹_서버_프로그래밍\apache-tomcat-9.0.0.M26\webapps\docs] has finished in [832] ms
19-Oct-2017 14:37:10.352 정보 [main] org.apache.catalina.startup.HostConfig.deployDirectory Deploying web application directory [E:\2017_웹_서버_프로그래밍\apache-tomcat-9.0.0.M26\webapps\examples]
19-Oct-2017 14:37:11.983 정보 [main] org.apache.jasper.servlet.TldScanner.scanJars At least one JAR was scanned for TLDs yet contained no TLDs. Enable debug logging for this logger for a complete list of JARs that were scanned but no TLDs were found in them. Skipping unneeded JARs during scanning can improve startup time and JSP compilation time.
19-Oct-2017 14:37:12.105 정보 [main] org.apache.catalina.startup.HostConfig.deployDirectory Deployment of web application directory [E:\2017_웹_서버_프로그래밍\apache-tomcat-9.0.0.M26\webapps\examples] has finished in [1,753] ms
19-Oct-2017 14:37:12.107 정보 [main] org.apache.catalina.startup.HostConfig.deployDirectory Deploying web application directory [E:\2017_웹_서버_프로그래밍\apache-tomcat-9.0.0.M26\webapps\host-manager]
19-Oct-2017 14:37:12.545 정보 [main] org.apache.jasper.servlet.TldScanner.scanJars At least one JAR was scanned for TLDs yet contained no TLDs. Enable debug logging for this logger for a complete list of JARs that were scanned but no TLDs were found in them. Skipping unneeded JARs during scanning can improve startup time and JSP compilation time.
19-Oct-2017 14:37:12.558 정보 [main] org.apache.catalina.startup.HostConfig.deployDirectory Deployment of web application directory [E:\2017_웹_서버_프로그래밍\apache-tomcat-9.0.0.M26\webapps\host-manager] has finished in [451] ms
19-Oct-2017 14:37:12.560 정보 [main] org.apache.catalina.startup.HostConfig.deployDirectory Deploying web application directory [E:\2017_웹_서버_프로그래밍\apache-tomcat-9.0.0.M26\webapps\manager]
19-Oct-2017 14:37:13.014 정보 [main] org.apache.jasper.servlet.TldScanner.scanJars At least one JAR was scanned for TLDs yet contained no TLDs. Enable debug logging for this logger for a complete list of JARs that were scanned but no TLDs were found in them. Skipping unneeded JARs during scanning can improve startup time and JSP compilation time.
19-Oct-2017 14:37:13.023 정보 [main] org.apache.catalina.startup.HostConfig.deployDirectory Deployment of web application directory [E:\2017_웹_서버_프로그래밍\apache-tomcat-9.0.0.M26\webapps\manager] has finished in [462] ms
19-Oct-2017 14:37:13.025 정보 [main] org.apache.catalina.startup.HostConfig.deployDirectory Deploying web application directory [E:\2017_웹_서버_프로그래밍\apache-tomcat-9.0.0.M26\webapps\ROOT]
19-Oct-2017 14:37:13.438 정보 [main] org.apache.jasper.servlet.TldScanner.scanJars At least one JAR was scanned for TLDs yet contained no TLDs. Enable debug logging for this logger for a complete list of JARs that were scanned but no TLDs were found in them. Skipping unneeded JARs during scanning can improve startup time and JSP compilation time.
19-Oct-2017 14:37:13.446 정보 [main] org.apache.catalina.startup.HostConfig.deployDirectory Deployment of web application directory [E:\2017_웹_서버_프로그래밍\apache-tomcat-9.0.0.M26\webapps\ROOT] has finished in [421] ms
19-Oct-2017 14:37:13.449 정보 [main] org.apache.catalina.startup.HostConfig.deployDirectory Deploying web application directory [E:\2017_웹_서버_프로그래밍\apache-tomcat-9.0.0.M26\webapps\websrv]
19-Oct-2017 14:37:14.016 정보 [main] org.apache.jasper.servlet.TldScanner.scanJars At least one JAR was scanned for TLDs yet contained no TLDs. Enable debug logging for this logger for a complete list of JARs that were scanned but no TLDs were found in them. Skipping unneeded JARs during scanning can improve startup time and JSP compilation time.
19-Oct-2017 14:37:14.047 정보 [main] org.apache.catalina.startup.HostConfig.deployDirectory Deployment of web application directory [E:\2017_웹_서버_프로그래밍\apache-tomcat-9.0.0.M26\webapps\websrv] has finished in [598] ms
19-Oct-2017 14:37:14.052 정보 [main] org.apache.coyote.AbstractProtocol.start Starting ProtocolHandler ["http-nio-8080"]
19-Oct-2017 14:37:14.066 정보 [main] org.apache.coyote.AbstractProtocol.start Starting ProtocolHandler ["ajp-nio-8009"]
19-Oct-2017 14:37:14.072 정보 [main] org.apache.catalina.startup.Catalina.start Server startup in 4608 ms
19-Oct-2017 14:40:01.540 정보 [main] org.apache.catalina.startup.VersionLoggerListener.log Server version:        Apache Tomcat/9.0.0.M26
19-Oct-2017 14:40:01.542 정보 [main] org.apache.catalina.startup.VersionLoggerListener.log Server built:          Aug 2 2017 20:29:05 UTC
19-Oct-2017 14:40:01.543 정보 [main] org.apache.catalina.startup.VersionLoggerListener.log Server number:         9.0.0.0
19-Oct-2017 14:40:01.544 정보 [main] org.apache.catalina.startup.VersionLoggerListener.log OS Name:               Windows 7
19-Oct-2017 14:40:01.545 정보 [main] org.apache.catalina.startup.VersionLoggerListener.log OS Version:            6.1
19-Oct-2017 14:40:01.546 정보 [main] org.apache.catalina.startup.VersionLoggerListener.log Architecture:          amd64
19-Oct-2017 14:40:01.547 정보 [main] org.apache.catalina.startup.VersionLoggerListener.log Java Home:             C:\Program Files\Java\jdk1.8.0_40\jre
19-Oct-2017 14:40:01.549 정보 [main] org.apache.catalina.startup.VersionLoggerListener.log JVM Version:           1.8.0_40-b26
19-Oct-2017 14:40:01.550 정보 [main] org.apache.catalina.startup.VersionLoggerListener.log JVM Vendor:            Oracle Corporation
19-Oct-2017 14:40:01.551 정보 [main] org.apache.catalina.startup.VersionLoggerListener.log CATALINA_BASE:         E:\2017_웹_서버_프로그래밍\apache-tomcat-9.0.0.M26
19-Oct-2017 14:40:01.552 정보 [main] org.apache.catalina.startup.VersionLoggerListener.log CATALINA_HOME:         E:\2017_웹_서버_프로그래밍\apache-tomcat-9.0.0.M26
19-Oct-2017 14:40:01.554 정보 [main] org.apache.catalina.startup.VersionLoggerListener.log Command line argument: -Djava.util.logging.config.file=E:\2017_웹_서버_프로그래밍\apache-tomcat-9.0.0.M26\conf\logging.properties
19-Oct-2017 14:40:01.557 정보 [main] org.apache.catalina.startup.VersionLoggerListener.log Command line argument: -Djava.util.logging.manager=org.apache.juli.ClassLoaderLogManager
19-Oct-2017 14:40:01.559 정보 [main] org.apache.catalina.startup.VersionLoggerListener.log Command line argument: -Djdk.tls.ephemeralDHKeySize=2048
19-Oct-2017 14:40:01.560 정보 [main] org.apache.catalina.startup.VersionLoggerListener.log Command line argument: -Djava.protocol.handler.pkgs=org.apache.catalina.webresources
19-Oct-2017 14:40:01.561 정보 [main] org.apache.catalina.startup.VersionLoggerListener.log Command line argument: -Dcatalina.base=E:\2017_웹_서버_프로그래밍\apache-tomcat-9.0.0.M26
19-Oct-2017 14:40:01.564 정보 [main] org.apache.catalina.startup.VersionLoggerListener.log Command line argument: -Dcatalina.home=E:\2017_웹_서버_프로그래밍\apache-tomcat-9.0.0.M26
19-Oct-2017 14:40:01.566 정보 [main] org.apache.catalina.startup.VersionLoggerListener.log Command line argument: -Djava.io.tmpdir=E:\2017_웹_서버_프로그래밍\apache-tomcat-9.0.0.M26\temp
19-Oct-2017 14:40:01.568 정보 [main] org.apache.catalina.core.AprLifecycleListener.lifecycleEvent The APR based Apache Tomcat Native library which allows optimal performance in production environments was not found on the java.library.path: [C:\Program Files\Java\jdk1.8.0_40\bin;C:\windows\Sun\Java\bin;C:\windows\system32;C:\windows;C:\Program Files\Java\jdk1.8.0_40\bin;C:\ProgramData\Oracle\Java\javapath;C:\Program Files (x86)\Intel\iCLS Client\;C:\Program Files\Intel\iCLS Client\;C:\windows\system32;C:\windows;C:\windows\System32\Wbem;C:\windows\System32\WindowsPowerShell\v1.0\;C:\Program Files\Intel\Intel(R) Management Engine Components\DAL;C:\Program Files\Intel\Intel(R) Management Engine Components\IPT;C:\Program Files (x86)\Intel\Intel(R) Management Engine Components\DAL;C:\Program Files (x86)\Intel\Intel(R) Management Engine Components\IPT;C:\Program Files (x86)\Intel\OpenCL SDK\3.0\bin\x86;C:\Program Files (x86)\Intel\OpenCL SDK\3.0\bin\x64;C:\Program Files (x86)\MATLAB\R2014b\runtime\win32;C:\Program Files (x86)\MATLAB\R2014b\bin;C:\Program Files\Java\jdk1.8.0_40\bin;C:\Program Files (x86)\Windows Kits\8.1\Windows Performance Toolkit\;C:\Program Files\Microsoft SQL Server\110\Tools\Binn\;C:\Program Files (x86)\Microsoft SDKs\TypeScript\1.0\;C:\Program Files\Microsoft SQL Server\120\Tools\Binn\;C:\Program Files\nodejs\;C:\windows\system32\config\systemprofile\.dnx\bin;C:\Program Files\Microsoft DNX\Dnvm\;C:\Program Files\Microsoft SQL Server\130\Tools\Binn\;C:\Program Files\Java\jdk1.8.0_40\bin;D:\goweb\apache-tomcat-9.0.0.M10\apache-tomcat-9.0.0.M10\bin;C:\Program Files\MySQL\MySQL Utilities 1.6\;C:\Program Files\PuTTY\;C:\Program Files\Java\jdk1.8.0_40\bin;C:\Users\user\AppData\Roaming\npm;C:\Python27;D:\ex2;.]
19-Oct-2017 14:40:01.684 정보 [main] org.apache.coyote.AbstractProtocol.init Initializing ProtocolHandler ["http-nio-8080"]
19-Oct-2017 14:40:01.719 정보 [main] org.apache.tomcat.util.net.NioSelectorPool.getSharedSelector Using a shared selector for servlet write/read
19-Oct-2017 14:40:01.723 정보 [main] org.apache.coyote.AbstractProtocol.init Initializing ProtocolHandler ["ajp-nio-8009"]
19-Oct-2017 14:40:01.728 정보 [main] org.apache.tomcat.util.net.NioSelectorPool.getSharedSelector Using a shared selector for servlet write/read
19-Oct-2017 14:40:01.730 정보 [main] org.apache.catalina.startup.Catalina.load Initialization processed in 494 ms
19-Oct-2017 14:40:01.768 정보 [main] org.apache.catalina.core.StandardService.startInternal Starting service [Catalina]
19-Oct-2017 14:40:01.769 정보 [main] org.apache.catalina.core.StandardEngine.startInternal Starting Servlet Engine: Apache Tomcat/9.0.0.M26
19-Oct-2017 14:40:01.784 정보 [main] org.apache.catalina.startup.HostConfig.deployDirectory Deploying web application directory [E:\2017_웹_서버_프로그래밍\apache-tomcat-9.0.0.M26\webapps\docs]
19-Oct-2017 14:40:02.528 정보 [main] org.apache.jasper.servlet.TldScanner.scanJars At least one JAR was scanned for TLDs yet contained no TLDs. Enable debug logging for this logger for a complete list of JARs that were scanned but no TLDs were found in them. Skipping unneeded JARs during scanning can improve startup time and JSP compilation time.
19-Oct-2017 14:40:02.686 정보 [main] org.apache.catalina.startup.HostConfig.deployDirectory Deployment of web application directory [E:\2017_웹_서버_프로그래밍\apache-tomcat-9.0.0.M26\webapps\docs] has finished in [902] ms
19-Oct-2017 14:40:02.688 정보 [main] org.apache.catalina.startup.HostConfig.deployDirectory Deploying web application directory [E:\2017_웹_서버_프로그래밍\apache-tomcat-9.0.0.M26\webapps\examples]
19-Oct-2017 14:40:04.203 정보 [main] org.apache.jasper.servlet.TldScanner.scanJars At least one JAR was scanned for TLDs yet contained no TLDs. Enable debug logging for this logger for a complete list of JARs that were scanned but no TLDs were found in them. Skipping unneeded JARs during scanning can improve startup time and JSP compilation time.
19-Oct-2017 14:40:04.315 정보 [main] org.apache.catalina.startup.HostConfig.deployDirectory Deployment of web application directory [E:\2017_웹_서버_프로그래밍\apache-tomcat-9.0.0.M26\webapps\examples] has finished in [1,627] ms
19-Oct-2017 14:40:04.318 정보 [main] org.apache.catalina.startup.HostConfig.deployDirectory Deploying web application directory [E:\2017_웹_서버_프로그래밍\apache-tomcat-9.0.0.M26\webapps\host-manager]
19-Oct-2017 14:40:04.874 정보 [main] org.apache.jasper.servlet.TldScanner.scanJars At least one JAR was scanned for TLDs yet contained no TLDs. Enable debug logging for this logger for a complete list of JARs that were scanned but no TLDs were found in them. Skipping unneeded JARs during scanning can improve startup time and JSP compilation time.
19-Oct-2017 14:40:04.889 정보 [main] org.apache.catalina.startup.HostConfig.deployDirectory Deployment of web application directory [E:\2017_웹_서버_프로그래밍\apache-tomcat-9.0.0.M26\webapps\host-manager] has finished in [571] ms
19-Oct-2017 14:40:04.892 정보 [main] org.apache.catalina.startup.HostConfig.deployDirectory Deploying web application directory [E:\2017_웹_서버_프로그래밍\apache-tomcat-9.0.0.M26\webapps\manager]
19-Oct-2017 14:40:05.411 정보 [main] org.apache.jasper.servlet.TldScanner.scanJars At least one JAR was scanned for TLDs yet contained no TLDs. Enable debug logging for this logger for a complete list of JARs that were scanned but no TLDs were found in them. Skipping unneeded JARs during scanning can improve startup time and JSP compilation time.
19-Oct-2017 14:40:05.422 정보 [main] org.apache.catalina.startup.HostConfig.deployDirectory Deployment of web application directory [E:\2017_웹_서버_프로그래밍\apache-tomcat-9.0.0.M26\webapps\manager] has finished in [530] ms
19-Oct-2017 14:40:05.426 정보 [main] org.apache.catalina.startup.HostConfig.deployDirectory Deploying web application directory [E:\2017_웹_서버_프로그래밍\apache-tomcat-9.0.0.M26\webapps\ROOT]
19-Oct-2017 14:40:06.048 정보 [main] org.apache.jasper.servlet.TldScanner.scanJars At least one JAR was scanned for TLDs yet contained no TLDs. Enable debug logging for this logger for a complete list of JARs that were scanned but no TLDs were found in them. Skipping unneeded JARs during scanning can improve startup time and JSP compilation time.
19-Oct-2017 14:40:06.061 정보 [main] org.apache.catalina.startup.HostConfig.deployDirectory Deployment of web application directory [E:\2017_웹_서버_프로그래밍\apache-tomcat-9.0.0.M26\webapps\ROOT] has finished in [634] ms
19-Oct-2017 14:40:06.066 정보 [main] org.apache.catalina.startup.HostConfig.deployDirectory Deploying web application directory [E:\2017_웹_서버_프로그래밍\apache-tomcat-9.0.0.M26\webapps\websrv]
19-Oct-2017 14:40:06.847 정보 [main] org.apache.jasper.servlet.TldScanner.scanJars At least one JAR was scanned for TLDs yet contained no TLDs. Enable debug logging for this logger for a complete list of JARs that were scanned but no TLDs were found in them. Skipping unneeded JARs during scanning can improve startup time and JSP compilation time.
19-Oct-2017 14:40:06.861 정보 [main] org.apache.catalina.startup.HostConfig.deployDirectory Deployment of web application directory [E:\2017_웹_서버_프로그래밍\apache-tomcat-9.0.0.M26\webapps\websrv] has finished in [795] ms
19-Oct-2017 14:40:06.866 정보 [main] org.apache.coyote.AbstractProtocol.start Starting ProtocolHandler ["http-nio-8080"]
19-Oct-2017 14:40:06.881 정보 [main] org.apache.coyote.AbstractProtocol.start Starting ProtocolHandler ["ajp-nio-8009"]
19-Oct-2017 14:40:06.887 정보 [main] org.apache.catalina.startup.Catalina.start Server startup in 5156 ms
19-Oct-2017 14:41:26.890 정보 [Thread-5] org.apache.coyote.AbstractProtocol.pause Pausing ProtocolHandler ["http-nio-8080"]
19-Oct-2017 14:41:27.066 정보 [Thread-5] org.apache.coyote.AbstractProtocol.pause Pausing ProtocolHandler ["ajp-nio-8009"]
19-Oct-2017 14:41:27.235 정보 [Thread-5] org.apache.catalina.core.StandardService.stopInternal Stopping service [Catalina]
19-Oct-2017 14:41:27.292 정보 [Thread-5] org.apache.coyote.AbstractProtocol.stop Stopping ProtocolHandler ["http-nio-8080"]
19-Oct-2017 14:41:27.296 정보 [Thread-5] org.apache.coyote.AbstractProtocol.stop Stopping ProtocolHandler ["ajp-nio-8009"]
19-Oct-2017 14:41:27.300 정보 [Thread-5] org.apache.coyote.AbstractProtocol.destroy Destroying ProtocolHandler ["http-nio-8080"]
19-Oct-2017 14:41:27.301 정보 [Thread-5] org.apache.coyote.AbstractProtocol.destroy Destroying ProtocolHandler ["ajp-nio-8009"]
19-Oct-2017 14:41:38.741 정보 [main] org.apache.catalina.startup.VersionLoggerListener.log Server version:        Apache Tomcat/9.0.0.M26
19-Oct-2017 14:41:38.743 정보 [main] org.apache.catalina.startup.VersionLoggerListener.log Server built:          Aug 2 2017 20:29:05 UTC
19-Oct-2017 14:41:38.744 정보 [main] org.apache.catalina.startup.VersionLoggerListener.log Server number:         9.0.0.0
19-Oct-2017 14:41:38.745 정보 [main] org.apache.catalina.startup.VersionLoggerListener.log OS Name:               Windows 7
19-Oct-2017 14:41:38.746 정보 [main] org.apache.catalina.startup.VersionLoggerListener.log OS Version:            6.1
19-Oct-2017 14:41:38.747 정보 [main] org.apache.catalina.startup.VersionLoggerListener.log Architecture:          amd64
19-Oct-2017 14:41:38.748 정보 [main] org.apache.catalina.startup.VersionLoggerListener.log Java Home:             C:\Program Files\Java\jdk1.8.0_40\jre
19-Oct-2017 14:41:38.750 정보 [main] org.apache.catalina.startup.VersionLoggerListener.log JVM Version:           1.8.0_40-b26
19-Oct-2017 14:41:38.751 정보 [main] org.apache.catalina.startup.VersionLoggerListener.log JVM Vendor:            Oracle Corporation
19-Oct-2017 14:41:38.752 정보 [main] org.apache.catalina.startup.VersionLoggerListener.log CATALINA_BASE:         E:\2017_웹_서버_프로그래밍\apache-tomcat-9.0.0.M26
19-Oct-2017 14:41:38.754 정보 [main] org.apache.catalina.startup.VersionLoggerListener.log CATALINA_HOME:         E:\2017_웹_서버_프로그래밍\apache-tomcat-9.0.0.M26
19-Oct-2017 14:41:38.756 정보 [main] org.apache.catalina.startup.VersionLoggerListener.log Command line argument: -Djava.util.logging.config.file=E:\2017_웹_서버_프로그래밍\apache-tomcat-9.0.0.M26\conf\logging.properties
19-Oct-2017 14:41:38.758 정보 [main] org.apache.catalina.startup.VersionLoggerListener.log Command line argument: -Djava.util.logging.manager=org.apache.juli.ClassLoaderLogManager
19-Oct-2017 14:41:38.760 정보 [main] org.apache.catalina.startup.VersionLoggerListener.log Command line argument: -Djdk.tls.ephemeralDHKeySize=2048
19-Oct-2017 14:41:38.762 정보 [main] org.apache.catalina.startup.VersionLoggerListener.log Command line argument: -Djava.protocol.handler.pkgs=org.apache.catalina.webresources
19-Oct-2017 14:41:38.763 정보 [main] org.apache.catalina.startup.VersionLoggerListener.log Command line argument: -Dcatalina.base=E:\2017_웹_서버_프로그래밍\apache-tomcat-9.0.0.M26
19-Oct-2017 14:41:38.766 정보 [main] org.apache.catalina.startup.VersionLoggerListener.log Command line argument: -Dcatalina.home=E:\2017_웹_서버_프로그래밍\apache-tomcat-9.0.0.M26
19-Oct-2017 14:41:38.768 정보 [main] org.apache.catalina.startup.VersionLoggerListener.log Command line argument: -Djava.io.tmpdir=E:\2017_웹_서버_프로그래밍\apache-tomcat-9.0.0.M26\temp
19-Oct-2017 14:41:38.770 정보 [main] org.apache.catalina.core.AprLifecycleListener.lifecycleEvent The APR based Apache Tomcat Native library which allows optimal performance in production environments was not found on the java.library.path: [C:\Program Files\Java\jdk1.8.0_40\bin;C:\windows\Sun\Java\bin;C:\windows\system32;C:\windows;C:\Program Files\Java\jdk1.8.0_40\bin;C:\ProgramData\Oracle\Java\javapath;C:\Program Files (x86)\Intel\iCLS Client\;C:\Program Files\Intel\iCLS Client\;C:\windows\system32;C:\windows;C:\windows\System32\Wbem;C:\windows\System32\WindowsPowerShell\v1.0\;C:\Program Files\Intel\Intel(R) Management Engine Components\DAL;C:\Program Files\Intel\Intel(R) Management Engine Components\IPT;C:\Program Files (x86)\Intel\Intel(R) Management Engine Components\DAL;C:\Program Files (x86)\Intel\Intel(R) Management Engine Components\IPT;C:\Program Files (x86)\Intel\OpenCL SDK\3.0\bin\x86;C:\Program Files (x86)\Intel\OpenCL SDK\3.0\bin\x64;C:\Program Files (x86)\MATLAB\R2014b\runtime\win32;C:\Program Files (x86)\MATLAB\R2014b\bin;C:\Program Files\Java\jdk1.8.0_40\bin;C:\Program Files (x86)\Windows Kits\8.1\Windows Performance Toolkit\;C:\Program Files\Microsoft SQL Server\110\Tools\Binn\;C:\Program Files (x86)\Microsoft SDKs\TypeScript\1.0\;C:\Program Files\Microsoft SQL Server\120\Tools\Binn\;C:\Program Files\nodejs\;C:\windows\system32\config\systemprofile\.dnx\bin;C:\Program Files\Microsoft DNX\Dnvm\;C:\Program Files\Microsoft SQL Server\130\Tools\Binn\;C:\Program Files\Java\jdk1.8.0_40\bin;D:\goweb\apache-tomcat-9.0.0.M10\apache-tomcat-9.0.0.M10\bin;C:\Program Files\MySQL\MySQL Utilities 1.6\;C:\Program Files\PuTTY\;C:\Program Files\Java\jdk1.8.0_40\bin;C:\Users\user\AppData\Roaming\npm;C:\Python27;D:\ex2;.]
19-Oct-2017 14:41:38.890 정보 [main] org.apache.coyote.AbstractProtocol.init Initializing ProtocolHandler ["http-nio-8080"]
19-Oct-2017 14:41:38.927 정보 [main] org.apache.tomcat.util.net.NioSelectorPool.getSharedSelector Using a shared selector for servlet write/read
19-Oct-2017 14:41:38.931 정보 [main] org.apache.coyote.AbstractProtocol.init Initializing ProtocolHandler ["ajp-nio-8009"]
19-Oct-2017 14:41:38.936 정보 [main] org.apache.tomcat.util.net.NioSelectorPool.getSharedSelector Using a shared selector for servlet write/read
19-Oct-2017 14:41:38.938 정보 [main] org.apache.catalina.startup.Catalina.load Initialization processed in 497 ms
19-Oct-2017 14:41:38.974 정보 [main] org.apache.catalina.core.StandardService.startInternal Starting service [Catalina]
19-Oct-2017 14:41:38.975 정보 [main] org.apache.catalina.core.StandardEngine.startInternal Starting Servlet Engine: Apache Tomcat/9.0.0.M26
19-Oct-2017 14:41:38.989 정보 [main] org.apache.catalina.startup.HostConfig.deployDirectory Deploying web application directory [E:\2017_웹_서버_프로그래밍\apache-tomcat-9.0.0.M26\webapps\docs]
19-Oct-2017 14:41:39.693 정보 [main] org.apache.jasper.servlet.TldScanner.scanJars At least one JAR was scanned for TLDs yet contained no TLDs. Enable debug logging for this logger for a complete list of JARs that were scanned but no TLDs were found in them. Skipping unneeded JARs during scanning can improve startup time and JSP compilation time.
19-Oct-2017 14:41:39.847 정보 [main] org.apache.catalina.startup.HostConfig.deployDirectory Deployment of web application directory [E:\2017_웹_서버_프로그래밍\apache-tomcat-9.0.0.M26\webapps\docs] has finished in [858] ms
19-Oct-2017 14:41:39.850 정보 [main] org.apache.catalina.startup.HostConfig.deployDirectory Deploying web application directory [E:\2017_웹_서버_프로그래밍\apache-tomcat-9.0.0.M26\webapps\examples]
19-Oct-2017 14:41:41.379 정보 [main] org.apache.jasper.servlet.TldScanner.scanJars At least one JAR was scanned for TLDs yet contained no TLDs. Enable debug logging for this logger for a complete list of JARs that were scanned but no TLDs were found in them. Skipping unneeded JARs during scanning can improve startup time and JSP compilation time.
19-Oct-2017 14:41:41.498 정보 [main] org.apache.catalina.startup.HostConfig.deployDirectory Deployment of web application directory [E:\2017_웹_서버_프로그래밍\apache-tomcat-9.0.0.M26\webapps\examples] has finished in [1,647] ms
19-Oct-2017 14:41:41.500 정보 [main] org.apache.catalina.startup.HostConfig.deployDirectory Deploying web application directory [E:\2017_웹_서버_프로그래밍\apache-tomcat-9.0.0.M26\webapps\host-manager]
19-Oct-2017 14:41:41.992 정보 [main] org.apache.jasper.servlet.TldScanner.scanJars At least one JAR was scanned for TLDs yet contained no TLDs. Enable debug logging for this logger for a complete list of JARs that were scanned but no TLDs were found in them. Skipping unneeded JARs during scanning can improve startup time and JSP compilation time.
19-Oct-2017 14:41:42.009 정보 [main] org.apache.catalina.startup.HostConfig.deployDirectory Deployment of web application directory [E:\2017_웹_서버_프로그래밍\apache-tomcat-9.0.0.M26\webapps\host-manager] has finished in [509] ms
19-Oct-2017 14:41:42.014 정보 [main] org.apache.catalina.startup.HostConfig.deployDirectory Deploying web application directory [E:\2017_웹_서버_프로그래밍\apache-tomcat-9.0.0.M26\webapps\manager]
19-Oct-2017 14:41:42.536 정보 [main] org.apache.jasper.servlet.TldScanner.scanJars At least one JAR was scanned for TLDs yet contained no TLDs. Enable debug logging for this logger for a complete list of JARs that were scanned but no TLDs were found in them. Skipping unneeded JARs during scanning can improve startup time and JSP compilation time.
19-Oct-2017 14:41:42.544 정보 [main] org.apache.catalina.startup.HostConfig.deployDirectory Deployment of web application directory [E:\2017_웹_서버_프로그래밍\apache-tomcat-9.0.0.M26\webapps\manager] has finished in [531] ms
19-Oct-2017 14:41:42.547 정보 [main] org.apache.catalina.startup.HostConfig.deployDirectory Deploying web application directory [E:\2017_웹_서버_프로그래밍\apache-tomcat-9.0.0.M26\webapps\ROOT]
19-Oct-2017 14:41:43.011 정보 [main] org.apache.jasper.servlet.TldScanner.scanJars At least one JAR was scanned for TLDs yet contained no TLDs. Enable debug logging for this logger for a complete list of JARs that were scanned but no TLDs were found in them. Skipping unneeded JARs during scanning can improve startup time and JSP compilation time.
19-Oct-2017 14:41:43.025 정보 [main] org.apache.catalina.startup.HostConfig.deployDirectory Deployment of web application directory [E:\2017_웹_서버_프로그래밍\apache-tomcat-9.0.0.M26\webapps\ROOT] has finished in [478] ms
19-Oct-2017 14:41:43.032 정보 [main] org.apache.catalina.startup.HostConfig.deployDirectory Deploying web application directory [E:\2017_웹_서버_프로그래밍\apache-tomcat-9.0.0.M26\webapps\websrv]
19-Oct-2017 14:41:43.760 정보 [main] org.apache.jasper.servlet.TldScanner.scanJars At least one JAR was scanned for TLDs yet contained no TLDs. Enable debug logging for this logger for a complete list of JARs that were scanned but no TLDs were found in them. Skipping unneeded JARs during scanning can improve startup time and JSP compilation time.
19-Oct-2017 14:41:43.774 정보 [main] org.apache.catalina.startup.HostConfig.deployDirectory Deployment of web application directory [E:\2017_웹_서버_프로그래밍\apache-tomcat-9.0.0.M26\webapps\websrv] has finished in [742] ms
19-Oct-2017 14:41:43.780 정보 [main] org.apache.coyote.AbstractProtocol.start Starting ProtocolHandler ["http-nio-8080"]
19-Oct-2017 14:41:43.798 정보 [main] org.apache.coyote.AbstractProtocol.start Starting ProtocolHandler ["ajp-nio-8009"]
19-Oct-2017 14:41:43.806 정보 [main] org.apache.catalina.startup.Catalina.start Server startup in 4867 ms
19-Oct-2017 14:44:56.805 정보 [Thread-5] org.apache.coyote.AbstractProtocol.pause Pausing ProtocolHandler ["http-nio-8080"]
19-Oct-2017 14:44:57.013 정보 [Thread-5] org.apache.coyote.AbstractProtocol.pause Pausing ProtocolHandler ["ajp-nio-8009"]
19-Oct-2017 14:44:57.158 정보 [Thread-5] org.apache.catalina.core.StandardService.stopInternal Stopping service [Catalina]
19-Oct-2017 14:44:57.220 정보 [Thread-5] org.apache.coyote.AbstractProtocol.stop Stopping ProtocolHandler ["http-nio-8080"]
19-Oct-2017 14:44:57.224 정보 [Thread-5] org.apache.coyote.AbstractProtocol.stop Stopping ProtocolHandler ["ajp-nio-8009"]
19-Oct-2017 14:44:57.227 정보 [Thread-5] org.apache.coyote.AbstractProtocol.destroy Destroying ProtocolHandler ["http-nio-8080"]
19-Oct-2017 14:44:57.230 정보 [Thread-5] org.apache.coyote.AbstractProtocol.destroy Destroying ProtocolHandler ["ajp-nio-8009"]
19-Oct-2017 14:45:01.018 정보 [main] org.apache.catalina.startup.VersionLoggerListener.log Server version:        Apache Tomcat/9.0.0.M26
19-Oct-2017 14:45:01.020 정보 [main] org.apache.catalina.startup.VersionLoggerListener.log Server built:          Aug 2 2017 20:29:05 UTC
19-Oct-2017 14:45:01.021 정보 [main] org.apache.catalina.startup.VersionLoggerListener.log Server number:         9.0.0.0
19-Oct-2017 14:45:01.022 정보 [main] org.apache.catalina.startup.VersionLoggerListener.log OS Name:               Windows 7
19-Oct-2017 14:45:01.023 정보 [main] org.apache.catalina.startup.VersionLoggerListener.log OS Version:            6.1
19-Oct-2017 14:45:01.024 정보 [main] org.apache.catalina.startup.VersionLoggerListener.log Architecture:          amd64
19-Oct-2017 14:45:01.025 정보 [main] org.apache.catalina.startup.VersionLoggerListener.log Java Home:             C:\Program Files\Java\jdk1.8.0_40\jre
19-Oct-2017 14:45:01.026 정보 [main] org.apache.catalina.startup.VersionLoggerListener.log JVM Version:           1.8.0_40-b26
19-Oct-2017 14:45:01.027 정보 [main] org.apache.catalina.startup.VersionLoggerListener.log JVM Vendor:            Oracle Corporation
19-Oct-2017 14:45:01.028 정보 [main] org.apache.catalina.startup.VersionLoggerListener.log CATALINA_BASE:         E:\2017_웹_서버_프로그래밍\apache-tomcat-9.0.0.M26
19-Oct-2017 14:45:01.030 정보 [main] org.apache.catalina.startup.VersionLoggerListener.log CATALINA_HOME:         E:\2017_웹_서버_프로그래밍\apache-tomcat-9.0.0.M26
19-Oct-2017 14:45:01.032 정보 [main] org.apache.catalina.startup.VersionLoggerListener.log Command line argument: -Djava.util.logging.config.file=E:\2017_웹_서버_프로그래밍\apache-tomcat-9.0.0.M26\conf\logging.properties
19-Oct-2017 14:45:01.034 정보 [main] org.apache.catalina.startup.VersionLoggerListener.log Command line argument: -Djava.util.logging.manager=org.apache.juli.ClassLoaderLogManager
19-Oct-2017 14:45:01.035 정보 [main] org.apache.catalina.startup.VersionLoggerListener.log Command line argument: -Djdk.tls.ephemeralDHKeySize=2048
19-Oct-2017 14:45:01.038 정보 [main] org.apache.catalina.startup.VersionLoggerListener.log Command line argument: -Djava.protocol.handler.pkgs=org.apache.catalina.webresources
19-Oct-2017 14:45:01.039 정보 [main] org.apache.catalina.startup.VersionLoggerListener.log Command line argument: -Dcatalina.base=E:\2017_웹_서버_프로그래밍\apache-tomcat-9.0.0.M26
19-Oct-2017 14:45:01.042 정보 [main] org.apache.catalina.startup.VersionLoggerListener.log Command line argument: -Dcatalina.home=E:\2017_웹_서버_프로그래밍\apache-tomcat-9.0.0.M26
19-Oct-2017 14:45:01.044 정보 [main] org.apache.catalina.startup.VersionLoggerListener.log Command line argument: -Djava.io.tmpdir=E:\2017_웹_서버_프로그래밍\apache-tomcat-9.0.0.M26\temp
19-Oct-2017 14:45:01.046 정보 [main] org.apache.catalina.core.AprLifecycleListener.lifecycleEvent The APR based Apache Tomcat Native library which allows optimal performance in production environments was not found on the java.library.path: [C:\Program Files\Java\jdk1.8.0_40\bin;C:\windows\Sun\Java\bin;C:\windows\system32;C:\windows;C:\Program Files\Java\jdk1.8.0_40\bin;C:\ProgramData\Oracle\Java\javapath;C:\Program Files (x86)\Intel\iCLS Client\;C:\Program Files\Intel\iCLS Client\;C:\windows\system32;C:\windows;C:\windows\System32\Wbem;C:\windows\System32\WindowsPowerShell\v1.0\;C:\Program Files\Intel\Intel(R) Management Engine Components\DAL;C:\Program Files\Intel\Intel(R) Management Engine Components\IPT;C:\Program Files (x86)\Intel\Intel(R) Management Engine Components\DAL;C:\Program Files (x86)\Intel\Intel(R) Management Engine Components\IPT;C:\Program Files (x86)\Intel\OpenCL SDK\3.0\bin\x86;C:\Program Files (x86)\Intel\OpenCL SDK\3.0\bin\x64;C:\Program Files (x86)\MATLAB\R2014b\runtime\win32;C:\Program Files (x86)\MATLAB\R2014b\bin;C:\Program Files\Java\jdk1.8.0_40\bin;C:\Program Files (x86)\Windows Kits\8.1\Windows Performance Toolkit\;C:\Program Files\Microsoft SQL Server\110\Tools\Binn\;C:\Program Files (x86)\Microsoft SDKs\TypeScript\1.0\;C:\Program Files\Microsoft SQL Server\120\Tools\Binn\;C:\Program Files\nodejs\;C:\windows\system32\config\systemprofile\.dnx\bin;C:\Program Files\Microsoft DNX\Dnvm\;C:\Program Files\Microsoft SQL Server\130\Tools\Binn\;C:\Program Files\Java\jdk1.8.0_40\bin;D:\goweb\apache-tomcat-9.0.0.M10\apache-tomcat-9.0.0.M10\bin;C:\Program Files\MySQL\MySQL Utilities 1.6\;C:\Program Files\PuTTY\;C:\Program Files\Java\jdk1.8.0_40\bin;C:\Users\user\AppData\Roaming\npm;C:\Python27;D:\ex2;.]
19-Oct-2017 14:45:01.162 정보 [main] org.apache.coyote.AbstractProtocol.init Initializing ProtocolHandler ["http-nio-8080"]
19-Oct-2017 14:45:01.196 정보 [main] org.apache.tomcat.util.net.NioSelectorPool.getSharedSelector Using a shared selector for servlet write/read
19-Oct-2017 14:45:01.200 정보 [main] org.apache.coyote.AbstractProtocol.init Initializing ProtocolHandler ["ajp-nio-8009"]
19-Oct-2017 14:45:01.204 정보 [main] org.apache.tomcat.util.net.NioSelectorPool.getSharedSelector Using a shared selector for servlet write/read
19-Oct-2017 14:45:01.206 정보 [main] org.apache.catalina.startup.Catalina.load Initialization processed in 491 ms
19-Oct-2017 14:45:01.242 정보 [main] org.apache.catalina.core.StandardService.startInternal Starting service [Catalina]
19-Oct-2017 14:45:01.243 정보 [main] org.apache.catalina.core.StandardEngine.startInternal Starting Servlet Engine: Apache Tomcat/9.0.0.M26
19-Oct-2017 14:45:01.258 정보 [main] org.apache.catalina.startup.HostConfig.deployDirectory Deploying web application directory [E:\2017_웹_서버_프로그래밍\apache-tomcat-9.0.0.M26\webapps\docs]
19-Oct-2017 14:45:01.977 정보 [main] org.apache.jasper.servlet.TldScanner.scanJars At least one JAR was scanned for TLDs yet contained no TLDs. Enable debug logging for this logger for a complete list of JARs that were scanned but no TLDs were found in them. Skipping unneeded JARs during scanning can improve startup time and JSP compilation time.
19-Oct-2017 14:45:02.142 정보 [main] org.apache.catalina.startup.HostConfig.deployDirectory Deployment of web application directory [E:\2017_웹_서버_프로그래밍\apache-tomcat-9.0.0.M26\webapps\docs] has finished in [884] ms
19-Oct-2017 14:45:02.145 정보 [main] org.apache.catalina.startup.HostConfig.deployDirectory Deploying web application directory [E:\2017_웹_서버_프로그래밍\apache-tomcat-9.0.0.M26\webapps\examples]
19-Oct-2017 14:45:03.942 정보 [main] org.apache.jasper.servlet.TldScanner.scanJars At least one JAR was scanned for TLDs yet contained no TLDs. Enable debug logging for this logger for a complete list of JARs that were scanned but no TLDs were found in them. Skipping unneeded JARs during scanning can improve startup time and JSP compilation time.
19-Oct-2017 14:45:04.068 정보 [main] org.apache.catalina.startup.HostConfig.deployDirectory Deployment of web application directory [E:\2017_웹_서버_프로그래밍\apache-tomcat-9.0.0.M26\webapps\examples] has finished in [1,923] ms
19-Oct-2017 14:45:04.070 정보 [main] org.apache.catalina.startup.HostConfig.deployDirectory Deploying web application directory [E:\2017_웹_서버_프로그래밍\apache-tomcat-9.0.0.M26\webapps\host-manager]
19-Oct-2017 14:45:04.522 정보 [main] org.apache.jasper.servlet.TldScanner.scanJars At least one JAR was scanned for TLDs yet contained no TLDs. Enable debug logging for this logger for a complete list of JARs that were scanned but no TLDs were found in them. Skipping unneeded JARs during scanning can improve startup time and JSP compilation time.
19-Oct-2017 14:45:04.536 정보 [main] org.apache.catalina.startup.HostConfig.deployDirectory Deployment of web application directory [E:\2017_웹_서버_프로그래밍\apache-tomcat-9.0.0.M26\webapps\host-manager] has finished in [466] ms
19-Oct-2017 14:45:04.538 정보 [main] org.apache.catalina.startup.HostConfig.deployDirectory Deploying web application directory [E:\2017_웹_서버_프로그래밍\apache-tomcat-9.0.0.M26\webapps\manager]
19-Oct-2017 14:45:05.026 정보 [main] org.apache.jasper.servlet.TldScanner.scanJars At least one JAR was scanned for TLDs yet contained no TLDs. Enable debug logging for this logger for a complete list of JARs that were scanned but no TLDs were found in them. Skipping unneeded JARs during scanning can improve startup time and JSP compilation time.
19-Oct-2017 14:45:05.035 정보 [main] org.apache.catalina.startup.HostConfig.deployDirectory Deployment of web application directory [E:\2017_웹_서버_프로그래밍\apache-tomcat-9.0.0.M26\webapps\manager] has finished in [496] ms
19-Oct-2017 14:45:05.037 정보 [main] org.apache.catalina.startup.HostConfig.deployDirectory Deploying web application directory [E:\2017_웹_서버_프로그래밍\apache-tomcat-9.0.0.M26\webapps\ROOT]
19-Oct-2017 14:45:05.498 정보 [main] org.apache.jasper.servlet.TldScanner.scanJars At least one JAR was scanned for TLDs yet contained no TLDs. Enable debug logging for this logger for a complete list of JARs that were scanned but no TLDs were found in them. Skipping unneeded JARs during scanning can improve startup time and JSP compilation time.
19-Oct-2017 14:45:05.507 정보 [main] org.apache.catalina.startup.HostConfig.deployDirectory Deployment of web application directory [E:\2017_웹_서버_프로그래밍\apache-tomcat-9.0.0.M26\webapps\ROOT] has finished in [470] ms
19-Oct-2017 14:45:05.511 정보 [main] org.apache.catalina.startup.HostConfig.deployDirectory Deploying web application directory [E:\2017_웹_서버_프로그래밍\apache-tomcat-9.0.0.M26\webapps\websrv]
19-Oct-2017 14:45:06.100 정보 [main] org.apache.jasper.servlet.TldScanner.scanJars At least one JAR was scanned for TLDs yet contained no TLDs. Enable debug logging for this logger for a complete list of JARs that were scanned but no TLDs were found in them. Skipping unneeded JARs during scanning can improve startup time and JSP compilation time.
19-Oct-2017 14:45:06.129 정보 [main] org.apache.catalina.startup.HostConfig.deployDirectory Deployment of web application directory [E:\2017_웹_서버_프로그래밍\apache-tomcat-9.0.0.M26\webapps\websrv] has finished in [618] ms
19-Oct-2017 14:45:06.134 정보 [main] org.apache.coyote.AbstractProtocol.start Starting ProtocolHandler ["http-nio-8080"]
19-Oct-2017 14:45:06.148 정보 [main] org.apache.coyote.AbstractProtocol.start Starting ProtocolHandler ["ajp-nio-8009"]
19-Oct-2017 14:45:06.154 정보 [main] org.apache.catalina.startup.Catalina.start Server startup in 4946 ms
19-Oct-2017 14:46:10.122 정보 [Thread-5] org.apache.coyote.AbstractProtocol.pause Pausing ProtocolHandler ["http-nio-8080"]
19-Oct-2017 14:46:10.387 정보 [Thread-5] org.apache.coyote.AbstractProtocol.pause Pausing ProtocolHandler ["ajp-nio-8009"]
19-Oct-2017 14:46:10.595 정보 [Thread-5] org.apache.catalina.core.StandardService.stopInternal Stopping service [Catalina]
19-Oct-2017 14:46:10.654 정보 [Thread-5] org.apache.coyote.AbstractProtocol.stop Stopping ProtocolHandler ["http-nio-8080"]
19-Oct-2017 14:46:10.658 정보 [Thread-5] org.apache.coyote.AbstractProtocol.stop Stopping ProtocolHandler ["ajp-nio-8009"]
19-Oct-2017 14:46:10.662 정보 [Thread-5] org.apache.coyote.AbstractProtocol.destroy Destroying ProtocolHandler ["http-nio-8080"]
19-Oct-2017 14:46:10.664 정보 [Thread-5] org.apache.coyote.AbstractProtocol.destroy Destroying ProtocolHandler ["ajp-nio-8009"]
19-Oct-2017 14:46:15.370 정보 [main] org.apache.catalina.startup.VersionLoggerListener.log Server version:        Apache Tomcat/9.0.0.M26
19-Oct-2017 14:46:15.372 정보 [main] org.apache.catalina.startup.VersionLoggerListener.log Server built:          Aug 2 2017 20:29:05 UTC
19-Oct-2017 14:46:15.373 정보 [main] org.apache.catalina.startup.VersionLoggerListener.log Server number:         9.0.0.0
19-Oct-2017 14:46:15.374 정보 [main] org.apache.catalina.startup.VersionLoggerListener.log OS Name:               Windows 7
19-Oct-2017 14:46:15.375 정보 [main] org.apache.catalina.startup.VersionLoggerListener.log OS Version:            6.1
19-Oct-2017 14:46:15.376 정보 [main] org.apache.catalina.startup.VersionLoggerListener.log Architecture:          amd64
19-Oct-2017 14:46:15.377 정보 [main] org.apache.catalina.startup.VersionLoggerListener.log Java Home:             C:\Program Files\Java\jdk1.8.0_40\jre
19-Oct-2017 14:46:15.379 정보 [main] org.apache.catalina.startup.VersionLoggerListener.log JVM Version:           1.8.0_40-b26
19-Oct-2017 14:46:15.381 정보 [main] org.apache.catalina.startup.VersionLoggerListener.log JVM Vendor:            Oracle Corporation
19-Oct-2017 14:46:15.382 정보 [main] org.apache.catalina.startup.VersionLoggerListener.log CATALINA_BASE:         E:\2017_웹_서버_프로그래밍\apache-tomcat-9.0.0.M26
19-Oct-2017 14:46:15.384 정보 [main] org.apache.catalina.startup.VersionLoggerListener.log CATALINA_HOME:         E:\2017_웹_서버_프로그래밍\apache-tomcat-9.0.0.M26
19-Oct-2017 14:46:15.386 정보 [main] org.apache.catalina.startup.VersionLoggerListener.log Command line argument: -Djava.util.logging.config.file=E:\2017_웹_서버_프로그래밍\apache-tomcat-9.0.0.M26\conf\logging.properties
19-Oct-2017 14:46:15.388 정보 [main] org.apache.catalina.startup.VersionLoggerListener.log Command line argument: -Djava.util.logging.manager=org.apache.juli.ClassLoaderLogManager
19-Oct-2017 14:46:15.389 정보 [main] org.apache.catalina.startup.VersionLoggerListener.log Command line argument: -Djdk.tls.ephemeralDHKeySize=2048
19-Oct-2017 14:46:15.392 정보 [main] org.apache.catalina.startup.VersionLoggerListener.log Command line argument: -Djava.protocol.handler.pkgs=org.apache.catalina.webresources
19-Oct-2017 14:46:15.393 정보 [main] org.apache.catalina.startup.VersionLoggerListener.log Command line argument: -Dcatalina.base=E:\2017_웹_서버_프로그래밍\apache-tomcat-9.0.0.M26
19-Oct-2017 14:46:15.396 정보 [main] org.apache.catalina.startup.VersionLoggerListener.log Command line argument: -Dcatalina.home=E:\2017_웹_서버_프로그래밍\apache-tomcat-9.0.0.M26
19-Oct-2017 14:46:15.398 정보 [main] org.apache.catalina.startup.VersionLoggerListener.log Command line argument: -Djava.io.tmpdir=E:\2017_웹_서버_프로그래밍\apache-tomcat-9.0.0.M26\temp
19-Oct-2017 14:46:15.400 정보 [main] org.apache.catalina.core.AprLifecycleListener.lifecycleEvent The APR based Apache Tomcat Native library which allows optimal performance in production environments was not found on the java.library.path: [C:\Program Files\Java\jdk1.8.0_40\bin;C:\windows\Sun\Java\bin;C:\windows\system32;C:\windows;C:\Program Files\Java\jdk1.8.0_40\bin;C:\ProgramData\Oracle\Java\javapath;C:\Program Files (x86)\Intel\iCLS Client\;C:\Program Files\Intel\iCLS Client\;C:\windows\system32;C:\windows;C:\windows\System32\Wbem;C:\windows\System32\WindowsPowerShell\v1.0\;C:\Program Files\Intel\Intel(R) Management Engine Components\DAL;C:\Program Files\Intel\Intel(R) Management Engine Components\IPT;C:\Program Files (x86)\Intel\Intel(R) Management Engine Components\DAL;C:\Program Files (x86)\Intel\Intel(R) Management Engine Components\IPT;C:\Program Files (x86)\Intel\OpenCL SDK\3.0\bin\x86;C:\Program Files (x86)\Intel\OpenCL SDK\3.0\bin\x64;C:\Program Files (x86)\MATLAB\R2014b\runtime\win32;C:\Program Files (x86)\MATLAB\R2014b\bin;C:\Program Files\Java\jdk1.8.0_40\bin;C:\Program Files (x86)\Windows Kits\8.1\Windows Performance Toolkit\;C:\Program Files\Microsoft SQL Server\110\Tools\Binn\;C:\Program Files (x86)\Microsoft SDKs\TypeScript\1.0\;C:\Program Files\Microsoft SQL Server\120\Tools\Binn\;C:\Program Files\nodejs\;C:\windows\system32\config\systemprofile\.dnx\bin;C:\Program Files\Microsoft DNX\Dnvm\;C:\Program Files\Microsoft SQL Server\130\Tools\Binn\;C:\Program Files\Java\jdk1.8.0_40\bin;D:\goweb\apache-tomcat-9.0.0.M10\apache-tomcat-9.0.0.M10\bin;C:\Program Files\MySQL\MySQL Utilities 1.6\;C:\Program Files\PuTTY\;C:\Program Files\Java\jdk1.8.0_40\bin;C:\Users\user\AppData\Roaming\npm;C:\Python27;D:\ex2;.]
19-Oct-2017 14:46:15.517 정보 [main] org.apache.coyote.AbstractProtocol.init Initializing ProtocolHandler ["http-nio-8080"]
19-Oct-2017 14:46:15.553 정보 [main] org.apache.tomcat.util.net.NioSelectorPool.getSharedSelector Using a shared selector for servlet write/read
19-Oct-2017 14:46:15.557 정보 [main] org.apache.coyote.AbstractProtocol.init Initializing ProtocolHandler ["ajp-nio-8009"]
19-Oct-2017 14:46:15.562 정보 [main] org.apache.tomcat.util.net.NioSelectorPool.getSharedSelector Using a shared selector for servlet write/read
19-Oct-2017 14:46:15.563 정보 [main] org.apache.catalina.startup.Catalina.load Initialization processed in 496 ms
19-Oct-2017 14:46:15.599 정보 [main] org.apache.catalina.core.StandardService.startInternal Starting service [Catalina]
19-Oct-2017 14:46:15.600 정보 [main] org.apache.catalina.core.StandardEngine.startInternal Starting Servlet Engine: Apache Tomcat/9.0.0.M26
19-Oct-2017 14:46:15.615 정보 [main] org.apache.catalina.startup.HostConfig.deployDirectory Deploying web application directory [E:\2017_웹_서버_프로그래밍\apache-tomcat-9.0.0.M26\webapps\docs]
19-Oct-2017 14:46:16.298 정보 [main] org.apache.jasper.servlet.TldScanner.scanJars At least one JAR was scanned for TLDs yet contained no TLDs. Enable debug logging for this logger for a complete list of JARs that were scanned but no TLDs were found in them. Skipping unneeded JARs during scanning can improve startup time and JSP compilation time.
19-Oct-2017 14:46:16.453 정보 [main] org.apache.catalina.startup.HostConfig.deployDirectory Deployment of web application directory [E:\2017_웹_서버_프로그래밍\apache-tomcat-9.0.0.M26\webapps\docs] has finished in [837] ms
19-Oct-2017 14:46:16.455 정보 [main] org.apache.catalina.startup.HostConfig.deployDirectory Deploying web application directory [E:\2017_웹_서버_프로그래밍\apache-tomcat-9.0.0.M26\webapps\examples]
19-Oct-2017 14:46:17.935 정보 [main] org.apache.jasper.servlet.TldScanner.scanJars At least one JAR was scanned for TLDs yet contained no TLDs. Enable debug logging for this logger for a complete list of JARs that were scanned but no TLDs were found in them. Skipping unneeded JARs during scanning can improve startup time and JSP compilation time.
19-Oct-2017 14:46:18.062 정보 [main] org.apache.catalina.startup.HostConfig.deployDirectory Deployment of web application directory [E:\2017_웹_서버_프로그래밍\apache-tomcat-9.0.0.M26\webapps\examples] has finished in [1,606] ms
19-Oct-2017 14:46:18.064 정보 [main] org.apache.catalina.startup.HostConfig.deployDirectory Deploying web application directory [E:\2017_웹_서버_프로그래밍\apache-tomcat-9.0.0.M26\webapps\host-manager]
19-Oct-2017 14:46:18.496 정보 [main] org.apache.jasper.servlet.TldScanner.scanJars At least one JAR was scanned for TLDs yet contained no TLDs. Enable debug logging for this logger for a complete list of JARs that were scanned but no TLDs were found in them. Skipping unneeded JARs during scanning can improve startup time and JSP compilation time.
19-Oct-2017 14:46:18.509 정보 [main] org.apache.catalina.startup.HostConfig.deployDirectory Deployment of web application directory [E:\2017_웹_서버_프로그래밍\apache-tomcat-9.0.0.M26\webapps\host-manager] has finished in [444] ms
19-Oct-2017 14:46:18.511 정보 [main] org.apache.catalina.startup.HostConfig.deployDirectory Deploying web application directory [E:\2017_웹_서버_프로그래밍\apache-tomcat-9.0.0.M26\webapps\manager]
19-Oct-2017 14:46:18.959 정보 [main] org.apache.jasper.servlet.TldScanner.scanJars At least one JAR was scanned for TLDs yet contained no TLDs. Enable debug logging for this logger for a complete list of JARs that were scanned but no TLDs were found in them. Skipping unneeded JARs during scanning can improve startup time and JSP compilation time.
19-Oct-2017 14:46:18.967 정보 [main] org.apache.catalina.startup.HostConfig.deployDirectory Deployment of web application directory [E:\2017_웹_서버_프로그래밍\apache-tomcat-9.0.0.M26\webapps\manager] has finished in [456] ms
19-Oct-2017 14:46:18.970 정보 [main] org.apache.catalina.startup.HostConfig.deployDirectory Deploying web application directory [E:\2017_웹_서버_프로그래밍\apache-tomcat-9.0.0.M26\webapps\ROOT]
19-Oct-2017 14:46:19.383 정보 [main] org.apache.jasper.servlet.TldScanner.scanJars At least one JAR was scanned for TLDs yet contained no TLDs. Enable debug logging for this logger for a complete list of JARs that were scanned but no TLDs were found in them. Skipping unneeded JARs during scanning can improve startup time and JSP compilation time.
19-Oct-2017 14:46:19.391 정보 [main] org.apache.catalina.startup.HostConfig.deployDirectory Deployment of web application directory [E:\2017_웹_서버_프로그래밍\apache-tomcat-9.0.0.M26\webapps\ROOT] has finished in [421] ms
19-Oct-2017 14:46:19.394 정보 [main] org.apache.catalina.startup.HostConfig.deployDirectory Deploying web application directory [E:\2017_웹_서버_프로그래밍\apache-tomcat-9.0.0.M26\webapps\websrv]
19-Oct-2017 14:46:19.933 정보 [main] org.apache.jasper.servlet.TldScanner.scanJars At least one JAR was scanned for TLDs yet contained no TLDs. Enable debug logging for this logger for a complete list of JARs that were scanned but no TLDs were found in them. Skipping unneeded JARs during scanning can improve startup time and JSP compilation time.
19-Oct-2017 14:46:19.961 정보 [main] org.apache.catalina.startup.HostConfig.deployDirectory Deployment of web application directory [E:\2017_웹_서버_프로그래밍\apache-tomcat-9.0.0.M26\webapps\websrv] has finished in [567] ms
19-Oct-2017 14:46:19.965 정보 [main] org.apache.coyote.AbstractProtocol.start Starting ProtocolHandler ["http-nio-8080"]
19-Oct-2017 14:46:19.980 정보 [main] org.apache.coyote.AbstractProtocol.start Starting ProtocolHandler ["ajp-nio-8009"]
19-Oct-2017 14:46:19.985 정보 [main] org.apache.catalina.startup.Catalina.start Server startup in 4420 ms
19-Oct-2017 14:48:15.123 정보 [Thread-5] org.apache.coyote.AbstractProtocol.pause Pausing ProtocolHandler ["http-nio-8080"]
19-Oct-2017 14:48:15.321 정보 [Thread-5] org.apache.coyote.AbstractProtocol.pause Pausing ProtocolHandler ["ajp-nio-8009"]
19-Oct-2017 14:48:15.481 정보 [Thread-5] org.apache.catalina.core.StandardService.stopInternal Stopping service [Catalina]
19-Oct-2017 14:48:15.548 정보 [Thread-5] org.apache.coyote.AbstractProtocol.stop Stopping ProtocolHandler ["http-nio-8080"]
19-Oct-2017 14:48:15.551 정보 [Thread-5] org.apache.coyote.AbstractProtocol.stop Stopping ProtocolHandler ["ajp-nio-8009"]
19-Oct-2017 14:48:15.555 정보 [Thread-5] org.apache.coyote.AbstractProtocol.destroy Destroying ProtocolHandler ["http-nio-8080"]
19-Oct-2017 14:48:15.557 정보 [Thread-5] org.apache.coyote.AbstractProtocol.destroy Destroying ProtocolHandler ["ajp-nio-8009"]
19-Oct-2017 14:48:18.243 정보 [main] org.apache.catalina.startup.VersionLoggerListener.log Server version:        Apache Tomcat/9.0.0.M26
19-Oct-2017 14:48:18.245 정보 [main] org.apache.catalina.startup.VersionLoggerListener.log Server built:          Aug 2 2017 20:29:05 UTC
19-Oct-2017 14:48:18.246 정보 [main] org.apache.catalina.startup.VersionLoggerListener.log Server number:         9.0.0.0
19-Oct-2017 14:48:18.247 정보 [main] org.apache.catalina.startup.VersionLoggerListener.log OS Name:               Windows 7
19-Oct-2017 14:48:18.248 정보 [main] org.apache.catalina.startup.VersionLoggerListener.log OS Version:            6.1
19-Oct-2017 14:48:18.249 정보 [main] org.apache.catalina.startup.VersionLoggerListener.log Architecture:          amd64
19-Oct-2017 14:48:18.250 정보 [main] org.apache.catalina.startup.VersionLoggerListener.log Java Home:             C:\Program Files\Java\jdk1.8.0_40\jre
19-Oct-2017 14:48:18.252 정보 [main] org.apache.catalina.startup.VersionLoggerListener.log JVM Version:           1.8.0_40-b26
19-Oct-2017 14:48:18.253 정보 [main] org.apache.catalina.startup.VersionLoggerListener.log JVM Vendor:            Oracle Corporation
19-Oct-2017 14:48:18.254 정보 [main] org.apache.catalina.startup.VersionLoggerListener.log CATALINA_BASE:         E:\2017_웹_서버_프로그래밍\apache-tomcat-9.0.0.M26
19-Oct-2017 14:48:18.256 정보 [main] org.apache.catalina.startup.VersionLoggerListener.log CATALINA_HOME:         E:\2017_웹_서버_프로그래밍\apache-tomcat-9.0.0.M26
19-Oct-2017 14:48:18.258 정보 [main] org.apache.catalina.startup.VersionLoggerListener.log Command line argument: -Djava.util.logging.config.file=E:\2017_웹_서버_프로그래밍\apache-tomcat-9.0.0.M26\conf\logging.properties
19-Oct-2017 14:48:18.260 정보 [main] org.apache.catalina.startup.VersionLoggerListener.log Command line argument: -Djava.util.logging.manager=org.apache.juli.ClassLoaderLogManager
19-Oct-2017 14:48:18.262 정보 [main] org.apache.catalina.startup.VersionLoggerListener.log Command line argument: -Djdk.tls.ephemeralDHKeySize=2048
19-Oct-2017 14:48:18.264 정보 [main] org.apache.catalina.startup.VersionLoggerListener.log Command line argument: -Djava.protocol.handler.pkgs=org.apache.catalina.webresources
19-Oct-2017 14:48:18.265 정보 [main] org.apache.catalina.startup.VersionLoggerListener.log Command line argument: -Dcatalina.base=E:\2017_웹_서버_프로그래밍\apache-tomcat-9.0.0.M26
19-Oct-2017 14:48:18.268 정보 [main] org.apache.catalina.startup.VersionLoggerListener.log Command line argument: -Dcatalina.home=E:\2017_웹_서버_프로그래밍\apache-tomcat-9.0.0.M26
19-Oct-2017 14:48:18.270 정보 [main] org.apache.catalina.startup.VersionLoggerListener.log Command line argument: -Djava.io.tmpdir=E:\2017_웹_서버_프로그래밍\apache-tomcat-9.0.0.M26\temp
19-Oct-2017 14:48:18.272 정보 [main] org.apache.catalina.core.AprLifecycleListener.lifecycleEvent The APR based Apache Tomcat Native library which allows optimal performance in production environments was not found on the java.library.path: [C:\Program Files\Java\jdk1.8.0_40\bin;C:\windows\Sun\Java\bin;C:\windows\system32;C:\windows;C:\Program Files\Java\jdk1.8.0_40\bin;C:\ProgramData\Oracle\Java\javapath;C:\Program Files (x86)\Intel\iCLS Client\;C:\Program Files\Intel\iCLS Client\;C:\windows\system32;C:\windows;C:\windows\System32\Wbem;C:\windows\System32\WindowsPowerShell\v1.0\;C:\Program Files\Intel\Intel(R) Management Engine Components\DAL;C:\Program Files\Intel\Intel(R) Management Engine Components\IPT;C:\Program Files (x86)\Intel\Intel(R) Management Engine Components\DAL;C:\Program Files (x86)\Intel\Intel(R) Management Engine Components\IPT;C:\Program Files (x86)\Intel\OpenCL SDK\3.0\bin\x86;C:\Program Files (x86)\Intel\OpenCL SDK\3.0\bin\x64;C:\Program Files (x86)\MATLAB\R2014b\runtime\win32;C:\Program Files (x86)\MATLAB\R2014b\bin;C:\Program Files\Java\jdk1.8.0_40\bin;C:\Program Files (x86)\Windows Kits\8.1\Windows Performance Toolkit\;C:\Program Files\Microsoft SQL Server\110\Tools\Binn\;C:\Program Files (x86)\Microsoft SDKs\TypeScript\1.0\;C:\Program Files\Microsoft SQL Server\120\Tools\Binn\;C:\Program Files\nodejs\;C:\windows\system32\config\systemprofile\.dnx\bin;C:\Program Files\Microsoft DNX\Dnvm\;C:\Program Files\Microsoft SQL Server\130\Tools\Binn\;C:\Program Files\Java\jdk1.8.0_40\bin;D:\goweb\apache-tomcat-9.0.0.M10\apache-tomcat-9.0.0.M10\bin;C:\Program Files\MySQL\MySQL Utilities 1.6\;C:\Program Files\PuTTY\;C:\Program Files\Java\jdk1.8.0_40\bin;C:\Users\user\AppData\Roaming\npm;C:\Python27;D:\ex2;.]
19-Oct-2017 14:48:18.393 정보 [main] org.apache.coyote.AbstractProtocol.init Initializing ProtocolHandler ["http-nio-8080"]
19-Oct-2017 14:48:18.430 정보 [main] org.apache.tomcat.util.net.NioSelectorPool.getSharedSelector Using a shared selector for servlet write/read
19-Oct-2017 14:48:18.434 정보 [main] org.apache.coyote.AbstractProtocol.init Initializing ProtocolHandler ["ajp-nio-8009"]
19-Oct-2017 14:48:18.439 정보 [main] org.apache.tomcat.util.net.NioSelectorPool.getSharedSelector Using a shared selector for servlet write/read
19-Oct-2017 14:48:18.440 정보 [main] org.apache.catalina.startup.Catalina.load Initialization processed in 505 ms
19-Oct-2017 14:48:18.478 정보 [main] org.apache.catalina.core.StandardService.startInternal Starting service [Catalina]
19-Oct-2017 14:48:18.479 정보 [main] org.apache.catalina.core.StandardEngine.startInternal Starting Servlet Engine: Apache Tomcat/9.0.0.M26
19-Oct-2017 14:48:18.494 정보 [main] org.apache.catalina.startup.HostConfig.deployDirectory Deploying web application directory [E:\2017_웹_서버_프로그래밍\apache-tomcat-9.0.0.M26\webapps\docs]
19-Oct-2017 14:48:19.186 정보 [main] org.apache.jasper.servlet.TldScanner.scanJars At least one JAR was scanned for TLDs yet contained no TLDs. Enable debug logging for this logger for a complete list of JARs that were scanned but no TLDs were found in them. Skipping unneeded JARs during scanning can improve startup time and JSP compilation time.
19-Oct-2017 14:48:19.340 정보 [main] org.apache.catalina.startup.HostConfig.deployDirectory Deployment of web application directory [E:\2017_웹_서버_프로그래밍\apache-tomcat-9.0.0.M26\webapps\docs] has finished in [846] ms
19-Oct-2017 14:48:19.343 정보 [main] org.apache.catalina.startup.HostConfig.deployDirectory Deploying web application directory [E:\2017_웹_서버_프로그래밍\apache-tomcat-9.0.0.M26\webapps\examples]
19-Oct-2017 14:48:20.832 정보 [main] org.apache.jasper.servlet.TldScanner.scanJars At least one JAR was scanned for TLDs yet contained no TLDs. Enable debug logging for this logger for a complete list of JARs that were scanned but no TLDs were found in them. Skipping unneeded JARs during scanning can improve startup time and JSP compilation time.
19-Oct-2017 14:48:20.956 정보 [main] org.apache.catalina.startup.HostConfig.deployDirectory Deployment of web application directory [E:\2017_웹_서버_프로그래밍\apache-tomcat-9.0.0.M26\webapps\examples] has finished in [1,613] ms
19-Oct-2017 14:48:20.959 정보 [main] org.apache.catalina.startup.HostConfig.deployDirectory Deploying web application directory [E:\2017_웹_서버_프로그래밍\apache-tomcat-9.0.0.M26\webapps\host-manager]
19-Oct-2017 14:48:21.454 정보 [main] org.apache.jasper.servlet.TldScanner.scanJars At least one JAR was scanned for TLDs yet contained no TLDs. Enable debug logging for this logger for a complete list of JARs that were scanned but no TLDs were found in them. Skipping unneeded JARs during scanning can improve startup time and JSP compilation time.
19-Oct-2017 14:48:21.468 정보 [main] org.apache.catalina.startup.HostConfig.deployDirectory Deployment of web application directory [E:\2017_웹_서버_프로그래밍\apache-tomcat-9.0.0.M26\webapps\host-manager] has finished in [509] ms
19-Oct-2017 14:48:21.471 정보 [main] org.apache.catalina.startup.HostConfig.deployDirectory Deploying web application directory [E:\2017_웹_서버_프로그래밍\apache-tomcat-9.0.0.M26\webapps\manager]
19-Oct-2017 14:48:21.941 정보 [main] org.apache.jasper.servlet.TldScanner.scanJars At least one JAR was scanned for TLDs yet contained no TLDs. Enable debug logging for this logger for a complete list of JARs that were scanned but no TLDs were found in them. Skipping unneeded JARs during scanning can improve startup time and JSP compilation time.
19-Oct-2017 14:48:21.950 정보 [main] org.apache.catalina.startup.HostConfig.deployDirectory Deployment of web application directory [E:\2017_웹_서버_프로그래밍\apache-tomcat-9.0.0.M26\webapps\manager] has finished in [478] ms
19-Oct-2017 14:48:21.952 정보 [main] org.apache.catalina.startup.HostConfig.deployDirectory Deploying web application directory [E:\2017_웹_서버_프로그래밍\apache-tomcat-9.0.0.M26\webapps\ROOT]
19-Oct-2017 14:48:22.391 정보 [main] org.apache.jasper.servlet.TldScanner.scanJars At least one JAR was scanned for TLDs yet contained no TLDs. Enable debug logging for this logger for a complete list of JARs that were scanned but no TLDs were found in them. Skipping unneeded JARs during scanning can improve startup time and JSP compilation time.
19-Oct-2017 14:48:22.400 정보 [main] org.apache.catalina.startup.HostConfig.deployDirectory Deployment of web application directory [E:\2017_웹_서버_프로그래밍\apache-tomcat-9.0.0.M26\webapps\ROOT] has finished in [447] ms
19-Oct-2017 14:48:22.403 정보 [main] org.apache.catalina.startup.HostConfig.deployDirectory Deploying web application directory [E:\2017_웹_서버_프로그래밍\apache-tomcat-9.0.0.M26\webapps\websrv]
19-Oct-2017 14:48:23.137 정보 [main] org.apache.jasper.servlet.TldScanner.scanJars At least one JAR was scanned for TLDs yet contained no TLDs. Enable debug logging for this logger for a complete list of JARs that were scanned but no TLDs were found in them. Skipping unneeded JARs during scanning can improve startup time and JSP compilation time.
19-Oct-2017 14:48:23.173 정보 [main] org.apache.catalina.startup.HostConfig.deployDirectory Deployment of web application directory [E:\2017_웹_서버_프로그래밍\apache-tomcat-9.0.0.M26\webapps\websrv] has finished in [769] ms
19-Oct-2017 14:48:23.179 정보 [main] org.apache.coyote.AbstractProtocol.start Starting ProtocolHandler ["http-nio-8080"]
19-Oct-2017 14:48:23.196 정보 [main] org.apache.coyote.AbstractProtocol.start Starting ProtocolHandler ["ajp-nio-8009"]
19-Oct-2017 14:48:23.201 정보 [main] org.apache.catalina.startup.Catalina.start Server startup in 4758 ms
19-Oct-2017 16:25:41.217 정보 [Thread-5] org.apache.coyote.AbstractProtocol.pause Pausing ProtocolHandler ["http-nio-8080"]
19-Oct-2017 16:25:41.414 정보 [Thread-5] org.apache.coyote.AbstractProtocol.pause Pausing ProtocolHandler ["ajp-nio-8009"]
19-Oct-2017 16:25:41.576 정보 [Thread-5] org.apache.catalina.core.StandardService.stopInternal Stopping service [Catalina]
19-Oct-2017 16:25:41.676 정보 [Thread-5] org.apache.coyote.AbstractProtocol.stop Stopping ProtocolHandler ["http-nio-8080"]
19-Oct-2017 16:25:41.679 정보 [Thread-5] org.apache.coyote.AbstractProtocol.stop Stopping ProtocolHandler ["ajp-nio-8009"]
19-Oct-2017 16:25:41.682 정보 [Thread-5] org.apache.coyote.AbstractProtocol.destroy Destroying ProtocolHandler ["http-nio-8080"]
19-Oct-2017 16:25:41.684 정보 [Thread-5] org.apache.coyote.AbstractProtocol.destroy Destroying ProtocolHandler ["ajp-nio-8009"]
19-Oct-2017 16:25:46.617 정보 [main] org.apache.catalina.startup.VersionLoggerListener.log Server version:        Apache Tomcat/9.0.0.M26
19-Oct-2017 16:25:46.619 정보 [main] org.apache.catalina.startup.VersionLoggerListener.log Server built:          Aug 2 2017 20:29:05 UTC
19-Oct-2017 16:25:46.620 정보 [main] org.apache.catalina.startup.VersionLoggerListener.log Server number:         9.0.0.0
19-Oct-2017 16:25:46.621 정보 [main] org.apache.catalina.startup.VersionLoggerListener.log OS Name:               Windows 7
19-Oct-2017 16:25:46.622 정보 [main] org.apache.catalina.startup.VersionLoggerListener.log OS Version:            6.1
19-Oct-2017 16:25:46.623 정보 [main] org.apache.catalina.startup.VersionLoggerListener.log Architecture:          amd64
19-Oct-2017 16:25:46.624 정보 [main] org.apache.catalina.startup.VersionLoggerListener.log Java Home:             C:\Program Files\Java\jdk1.8.0_40\jre
19-Oct-2017 16:25:46.625 정보 [main] org.apache.catalina.startup.VersionLoggerListener.log JVM Version:           1.8.0_40-b26
19-Oct-2017 16:25:46.626 정보 [main] org.apache.catalina.startup.VersionLoggerListener.log JVM Vendor:            Oracle Corporation
19-Oct-2017 16:25:46.627 정보 [main] org.apache.catalina.startup.VersionLoggerListener.log CATALINA_BASE:         E:\2017_웹_서버_프로그래밍\apache-tomcat-9.0.0.M26
19-Oct-2017 16:25:46.629 정보 [main] org.apache.catalina.startup.VersionLoggerListener.log CATALINA_HOME:         E:\2017_웹_서버_프로그래밍\apache-tomcat-9.0.0.M26
19-Oct-2017 16:25:46.631 정보 [main] org.apache.catalina.startup.VersionLoggerListener.log Command line argument: -Djava.util.logging.config.file=E:\2017_웹_서버_프로그래밍\apache-tomcat-9.0.0.M26\conf\logging.properties
19-Oct-2017 16:25:46.634 정보 [main] org.apache.catalina.startup.VersionLoggerListener.log Command line argument: -Djava.util.logging.manager=org.apache.juli.ClassLoaderLogManager
19-Oct-2017 16:25:46.635 정보 [main] org.apache.catalina.startup.VersionLoggerListener.log Command line argument: -Djdk.tls.ephemeralDHKeySize=2048
19-Oct-2017 16:25:46.637 정보 [main] org.apache.catalina.startup.VersionLoggerListener.log Command line argument: -Djava.protocol.handler.pkgs=org.apache.catalina.webresources
19-Oct-2017 16:25:46.639 정보 [main] org.apache.catalina.startup.VersionLoggerListener.log Command line argument: -Dcatalina.base=E:\2017_웹_서버_프로그래밍\apache-tomcat-9.0.0.M26
19-Oct-2017 16:25:46.641 정보 [main] org.apache.catalina.startup.VersionLoggerListener.log Command line argument: -Dcatalina.home=E:\2017_웹_서버_프로그래밍\apache-tomcat-9.0.0.M26
19-Oct-2017 16:25:46.644 정보 [main] org.apache.catalina.startup.VersionLoggerListener.log Command line argument: -Djava.io.tmpdir=E:\2017_웹_서버_프로그래밍\apache-tomcat-9.0.0.M26\temp
19-Oct-2017 16:25:46.646 정보 [main] org.apache.catalina.core.AprLifecycleListener.lifecycleEvent The APR based Apache Tomcat Native library which allows optimal performance in production environments was not found on the java.library.path: [C:\Program Files\Java\jdk1.8.0_40\bin;C:\windows\Sun\Java\bin;C:\windows\system32;C:\windows;C:\Program Files\Java\jdk1.8.0_40\bin;C:\ProgramData\Oracle\Java\javapath;C:\Program Files (x86)\Intel\iCLS Client\;C:\Program Files\Intel\iCLS Client\;C:\windows\system32;C:\windows;C:\windows\System32\Wbem;C:\windows\System32\WindowsPowerShell\v1.0\;C:\Program Files\Intel\Intel(R) Management Engine Components\DAL;C:\Program Files\Intel\Intel(R) Management Engine Components\IPT;C:\Program Files (x86)\Intel\Intel(R) Management Engine Components\DAL;C:\Program Files (x86)\Intel\Intel(R) Management Engine Components\IPT;C:\Program Files (x86)\Intel\OpenCL SDK\3.0\bin\x86;C:\Program Files (x86)\Intel\OpenCL SDK\3.0\bin\x64;C:\Program Files (x86)\MATLAB\R2014b\runtime\win32;C:\Program Files (x86)\MATLAB\R2014b\bin;C:\Program Files\Java\jdk1.8.0_40\bin;C:\Program Files (x86)\Windows Kits\8.1\Windows Performance Toolkit\;C:\Program Files\Microsoft SQL Server\110\Tools\Binn\;C:\Program Files (x86)\Microsoft SDKs\TypeScript\1.0\;C:\Program Files\Microsoft SQL Server\120\Tools\Binn\;C:\Program Files\nodejs\;C:\windows\system32\config\systemprofile\.dnx\bin;C:\Program Files\Microsoft DNX\Dnvm\;C:\Program Files\Microsoft SQL Server\130\Tools\Binn\;C:\Program Files\Java\jdk1.8.0_40\bin;D:\goweb\apache-tomcat-9.0.0.M10\apache-tomcat-9.0.0.M10\bin;C:\Program Files\MySQL\MySQL Utilities 1.6\;C:\Program Files\PuTTY\;C:\Program Files\Java\jdk1.8.0_40\bin;C:\Users\user\AppData\Roaming\npm;C:\Python27;D:\ex2;.]
19-Oct-2017 16:25:46.771 정보 [main] org.apache.coyote.AbstractProtocol.init Initializing ProtocolHandler ["http-nio-8080"]
19-Oct-2017 16:25:46.809 정보 [main] org.apache.tomcat.util.net.NioSelectorPool.getSharedSelector Using a shared selector for servlet write/read
19-Oct-2017 16:25:46.813 정보 [main] org.apache.coyote.AbstractProtocol.init Initializing ProtocolHandler ["ajp-nio-8009"]
19-Oct-2017 16:25:46.818 정보 [main] org.apache.tomcat.util.net.NioSelectorPool.getSharedSelector Using a shared selector for servlet write/read
19-Oct-2017 16:25:46.819 정보 [main] org.apache.catalina.startup.Catalina.load Initialization processed in 513 ms
19-Oct-2017 16:25:46.860 정보 [main] org.apache.catalina.core.StandardService.startInternal Starting service [Catalina]
19-Oct-2017 16:25:46.861 정보 [main] org.apache.catalina.core.StandardEngine.startInternal Starting Servlet Engine: Apache Tomcat/9.0.0.M26
19-Oct-2017 16:25:46.876 정보 [main] org.apache.catalina.startup.HostConfig.deployDirectory Deploying web application directory [E:\2017_웹_서버_프로그래밍\apache-tomcat-9.0.0.M26\webapps\docs]
19-Oct-2017 16:25:47.586 정보 [main] org.apache.jasper.servlet.TldScanner.scanJars At least one JAR was scanned for TLDs yet contained no TLDs. Enable debug logging for this logger for a complete list of JARs that were scanned but no TLDs were found in them. Skipping unneeded JARs during scanning can improve startup time and JSP compilation time.
19-Oct-2017 16:25:47.740 정보 [main] org.apache.catalina.startup.HostConfig.deployDirectory Deployment of web application directory [E:\2017_웹_서버_프로그래밍\apache-tomcat-9.0.0.M26\webapps\docs] has finished in [863] ms
19-Oct-2017 16:25:47.743 정보 [main] org.apache.catalina.startup.HostConfig.deployDirectory Deploying web application directory [E:\2017_웹_서버_프로그래밍\apache-tomcat-9.0.0.M26\webapps\examples]
19-Oct-2017 16:25:49.353 정보 [main] org.apache.jasper.servlet.TldScanner.scanJars At least one JAR was scanned for TLDs yet contained no TLDs. Enable debug logging for this logger for a complete list of JARs that were scanned but no TLDs were found in them. Skipping unneeded JARs during scanning can improve startup time and JSP compilation time.
19-Oct-2017 16:25:49.465 정보 [main] org.apache.catalina.startup.HostConfig.deployDirectory Deployment of web application directory [E:\2017_웹_서버_프로그래밍\apache-tomcat-9.0.0.M26\webapps\examples] has finished in [1,721] ms
19-Oct-2017 16:25:49.467 정보 [main] org.apache.catalina.startup.HostConfig.deployDirectory Deploying web application directory [E:\2017_웹_서버_프로그래밍\apache-tomcat-9.0.0.M26\webapps\host-manager]
19-Oct-2017 16:25:49.900 정보 [main] org.apache.jasper.servlet.TldScanner.scanJars At least one JAR was scanned for TLDs yet contained no TLDs. Enable debug logging for this logger for a complete list of JARs that were scanned but no TLDs were found in them. Skipping unneeded JARs during scanning can improve startup time and JSP compilation time.
19-Oct-2017 16:25:49.917 정보 [main] org.apache.catalina.startup.HostConfig.deployDirectory Deployment of web application directory [E:\2017_웹_서버_프로그래밍\apache-tomcat-9.0.0.M26\webapps\host-manager] has finished in [450] ms
19-Oct-2017 16:25:49.920 정보 [main] org.apache.catalina.startup.HostConfig.deployDirectory Deploying web application directory [E:\2017_웹_서버_프로그래밍\apache-tomcat-9.0.0.M26\webapps\manager]
19-Oct-2017 16:25:50.394 정보 [main] org.apache.jasper.servlet.TldScanner.scanJars At least one JAR was scanned for TLDs yet contained no TLDs. Enable debug logging for this logger for a complete list of JARs that were scanned but no TLDs were found in them. Skipping unneeded JARs during scanning can improve startup time and JSP compilation time.
19-Oct-2017 16:25:50.405 정보 [main] org.apache.catalina.startup.HostConfig.deployDirectory Deployment of web application directory [E:\2017_웹_서버_프로그래밍\apache-tomcat-9.0.0.M26\webapps\manager] has finished in [485] ms
19-Oct-2017 16:25:50.410 정보 [main] org.apache.catalina.startup.HostConfig.deployDirectory Deploying web application directory [E:\2017_웹_서버_프로그래밍\apache-tomcat-9.0.0.M26\webapps\ROOT]
19-Oct-2017 16:25:50.885 정보 [main] org.apache.jasper.servlet.TldScanner.scanJars At least one JAR was scanned for TLDs yet contained no TLDs. Enable debug logging for this logger for a complete list of JARs that were scanned but no TLDs were found in them. Skipping unneeded JARs during scanning can improve startup time and JSP compilation time.
19-Oct-2017 16:25:50.895 정보 [main] org.apache.catalina.startup.HostConfig.deployDirectory Deployment of web application directory [E:\2017_웹_서버_프로그래밍\apache-tomcat-9.0.0.M26\webapps\ROOT] has finished in [485] ms
19-Oct-2017 16:25:50.898 정보 [main] org.apache.catalina.startup.HostConfig.deployDirectory Deploying web application directory [E:\2017_웹_서버_프로그래밍\apache-tomcat-9.0.0.M26\webapps\websrv]
19-Oct-2017 16:25:51.511 정보 [main] org.apache.jasper.servlet.TldScanner.scanJars At least one JAR was scanned for TLDs yet contained no TLDs. Enable debug logging for this logger for a complete list of JARs that were scanned but no TLDs were found in them. Skipping unneeded JARs during scanning can improve startup time and JSP compilation time.
19-Oct-2017 16:25:51.544 정보 [main] org.apache.catalina.startup.HostConfig.deployDirectory Deployment of web application directory [E:\2017_웹_서버_프로그래밍\apache-tomcat-9.0.0.M26\webapps\websrv] has finished in [646] ms
19-Oct-2017 16:25:51.549 정보 [main] org.apache.coyote.AbstractProtocol.start Starting ProtocolHandler ["http-nio-8080"]
19-Oct-2017 16:25:51.564 정보 [main] org.apache.coyote.AbstractProtocol.start Starting ProtocolHandler ["ajp-nio-8009"]
19-Oct-2017 16:25:51.568 정보 [main] org.apache.catalina.startup.Catalina.start Server startup in 4747 ms
19-Oct-2017 16:56:04.755 정보 [Thread-5] org.apache.coyote.AbstractProtocol.pause Pausing ProtocolHandler ["http-nio-8080"]
19-Oct-2017 16:56:04.939 정보 [Thread-5] org.apache.coyote.AbstractProtocol.pause Pausing ProtocolHandler ["ajp-nio-8009"]
19-Oct-2017 16:56:05.110 정보 [Thread-5] org.apache.catalina.core.StandardService.stopInternal Stopping service [Catalina]
19-Oct-2017 16:56:05.213 정보 [Thread-5] org.apache.coyote.AbstractProtocol.stop Stopping ProtocolHandler ["http-nio-8080"]
19-Oct-2017 16:56:05.219 정보 [Thread-5] org.apache.coyote.AbstractProtocol.stop Stopping ProtocolHandler ["ajp-nio-8009"]
19-Oct-2017 16:56:05.224 정보 [Thread-5] org.apache.coyote.AbstractProtocol.destroy Destroying ProtocolHandler ["http-nio-8080"]
19-Oct-2017 16:56:05.227 정보 [Thread-5] org.apache.coyote.AbstractProtocol.destroy Destroying ProtocolHandler ["ajp-nio-8009"]
19-Oct-2017 16:56:07.400 정보 [main] org.apache.catalina.startup.VersionLoggerListener.log Server version:        Apache Tomcat/9.0.0.M26
19-Oct-2017 16:56:07.402 정보 [main] org.apache.catalina.startup.VersionLoggerListener.log Server built:          Aug 2 2017 20:29:05 UTC
19-Oct-2017 16:56:07.403 정보 [main] org.apache.catalina.startup.VersionLoggerListener.log Server number:         9.0.0.0
19-Oct-2017 16:56:07.404 정보 [main] org.apache.catalina.startup.VersionLoggerListener.log OS Name:               Windows 7
19-Oct-2017 16:56:07.405 정보 [main] org.apache.catalina.startup.VersionLoggerListener.log OS Version:            6.1
19-Oct-2017 16:56:07.406 정보 [main] org.apache.catalina.startup.VersionLoggerListener.log Architecture:          amd64
19-Oct-2017 16:56:07.407 정보 [main] org.apache.catalina.startup.VersionLoggerListener.log Java Home:             C:\Program Files\Java\jdk1.8.0_40\jre
19-Oct-2017 16:56:07.408 정보 [main] org.apache.catalina.startup.VersionLoggerListener.log JVM Version:           1.8.0_40-b26
19-Oct-2017 16:56:07.409 정보 [main] org.apache.catalina.startup.VersionLoggerListener.log JVM Vendor:            Oracle Corporation
19-Oct-2017 16:56:07.410 정보 [main] org.apache.catalina.startup.VersionLoggerListener.log CATALINA_BASE:         E:\2017_웹_서버_프로그래밍\apache-tomcat-9.0.0.M26
19-Oct-2017 16:56:07.412 정보 [main] org.apache.catalina.startup.VersionLoggerListener.log CATALINA_HOME:         E:\2017_웹_서버_프로그래밍\apache-tomcat-9.0.0.M26
19-Oct-2017 16:56:07.414 정보 [main] org.apache.catalina.startup.VersionLoggerListener.log Command line argument: -Djava.util.logging.config.file=E:\2017_웹_서버_프로그래밍\apache-tomcat-9.0.0.M26\conf\logging.properties
19-Oct-2017 16:56:07.416 정보 [main] org.apache.catalina.startup.VersionLoggerListener.log Command line argument: -Djava.util.logging.manager=org.apache.juli.ClassLoaderLogManager
19-Oct-2017 16:56:07.418 정보 [main] org.apache.catalina.startup.VersionLoggerListener.log Command line argument: -Djdk.tls.ephemeralDHKeySize=2048
19-Oct-2017 16:56:07.420 정보 [main] org.apache.catalina.startup.VersionLoggerListener.log Command line argument: -Djava.protocol.handler.pkgs=org.apache.catalina.webresources
19-Oct-2017 16:56:07.422 정보 [main] org.apache.catalina.startup.VersionLoggerListener.log Command line argument: -Dcatalina.base=E:\2017_웹_서버_프로그래밍\apache-tomcat-9.0.0.M26
19-Oct-2017 16:56:07.425 정보 [main] org.apache.catalina.startup.VersionLoggerListener.log Command line argument: -Dcatalina.home=E:\2017_웹_서버_프로그래밍\apache-tomcat-9.0.0.M26
19-Oct-2017 16:56:07.427 정보 [main] org.apache.catalina.startup.VersionLoggerListener.log Command line argument: -Djava.io.tmpdir=E:\2017_웹_서버_프로그래밍\apache-tomcat-9.0.0.M26\temp
19-Oct-2017 16:56:07.431 정보 [main] org.apache.catalina.core.AprLifecycleListener.lifecycleEvent The APR based Apache Tomcat Native library which allows optimal performance in production environments was not found on the java.library.path: [C:\Program Files\Java\jdk1.8.0_40\bin;C:\windows\Sun\Java\bin;C:\windows\system32;C:\windows;C:\Program Files\Java\jdk1.8.0_40\bin;C:\ProgramData\Oracle\Java\javapath;C:\Program Files (x86)\Intel\iCLS Client\;C:\Program Files\Intel\iCLS Client\;C:\windows\system32;C:\windows;C:\windows\System32\Wbem;C:\windows\System32\WindowsPowerShell\v1.0\;C:\Program Files\Intel\Intel(R) Management Engine Components\DAL;C:\Program Files\Intel\Intel(R) Management Engine Components\IPT;C:\Program Files (x86)\Intel\Intel(R) Management Engine Components\DAL;C:\Program Files (x86)\Intel\Intel(R) Management Engine Components\IPT;C:\Program Files (x86)\Intel\OpenCL SDK\3.0\bin\x86;C:\Program Files (x86)\Intel\OpenCL SDK\3.0\bin\x64;C:\Program Files (x86)\MATLAB\R2014b\runtime\win32;C:\Program Files (x86)\MATLAB\R2014b\bin;C:\Program Files\Java\jdk1.8.0_40\bin;C:\Program Files (x86)\Windows Kits\8.1\Windows Performance Toolkit\;C:\Program Files\Microsoft SQL Server\110\Tools\Binn\;C:\Program Files (x86)\Microsoft SDKs\TypeScript\1.0\;C:\Program Files\Microsoft SQL Server\120\Tools\Binn\;C:\Program Files\nodejs\;C:\windows\system32\config\systemprofile\.dnx\bin;C:\Program Files\Microsoft DNX\Dnvm\;C:\Program Files\Microsoft SQL Server\130\Tools\Binn\;C:\Program Files\Java\jdk1.8.0_40\bin;D:\goweb\apache-tomcat-9.0.0.M10\apache-tomcat-9.0.0.M10\bin;C:\Program Files\MySQL\MySQL Utilities 1.6\;C:\Program Files\PuTTY\;C:\Program Files\Java\jdk1.8.0_40\bin;C:\Users\user\AppData\Roaming\npm;C:\Python27;D:\ex2;.]
19-Oct-2017 16:56:07.551 정보 [main] org.apache.coyote.AbstractProtocol.init Initializing ProtocolHandler ["http-nio-8080"]
19-Oct-2017 16:56:07.587 정보 [main] org.apache.tomcat.util.net.NioSelectorPool.getSharedSelector Using a shared selector for servlet write/read
19-Oct-2017 16:56:07.591 정보 [main] org.apache.coyote.AbstractProtocol.init Initializing ProtocolHandler ["ajp-nio-8009"]
19-Oct-2017 16:56:07.595 정보 [main] org.apache.tomcat.util.net.NioSelectorPool.getSharedSelector Using a shared selector for servlet write/read
19-Oct-2017 16:56:07.596 정보 [main] org.apache.catalina.startup.Catalina.load Initialization processed in 493 ms
19-Oct-2017 16:56:07.633 정보 [main] org.apache.catalina.core.StandardService.startInternal Starting service [Catalina]
19-Oct-2017 16:56:07.634 정보 [main] org.apache.catalina.core.StandardEngine.startInternal Starting Servlet Engine: Apache Tomcat/9.0.0.M26
19-Oct-2017 16:56:07.649 정보 [main] org.apache.catalina.startup.HostConfig.deployDirectory Deploying web application directory [E:\2017_웹_서버_프로그래밍\apache-tomcat-9.0.0.M26\webapps\docs]
19-Oct-2017 16:56:08.519 정보 [main] org.apache.jasper.servlet.TldScanner.scanJars At least one JAR was scanned for TLDs yet contained no TLDs. Enable debug logging for this logger for a complete list of JARs that were scanned but no TLDs were found in them. Skipping unneeded JARs during scanning can improve startup time and JSP compilation time.
19-Oct-2017 16:56:08.668 정보 [main] org.apache.catalina.startup.HostConfig.deployDirectory Deployment of web application directory [E:\2017_웹_서버_프로그래밍\apache-tomcat-9.0.0.M26\webapps\docs] has finished in [1,019] ms
19-Oct-2017 16:56:08.671 정보 [main] org.apache.catalina.startup.HostConfig.deployDirectory Deploying web application directory [E:\2017_웹_서버_프로그래밍\apache-tomcat-9.0.0.M26\webapps\examples]
19-Oct-2017 16:56:10.087 정보 [main] org.apache.jasper.servlet.TldScanner.scanJars At least one JAR was scanned for TLDs yet contained no TLDs. Enable debug logging for this logger for a complete list of JARs that were scanned but no TLDs were found in them. Skipping unneeded JARs during scanning can improve startup time and JSP compilation time.
19-Oct-2017 16:56:10.210 정보 [main] org.apache.catalina.startup.HostConfig.deployDirectory Deployment of web application directory [E:\2017_웹_서버_프로그래밍\apache-tomcat-9.0.0.M26\webapps\examples] has finished in [1,538] ms
19-Oct-2017 16:56:10.212 정보 [main] org.apache.catalina.startup.HostConfig.deployDirectory Deploying web application directory [E:\2017_웹_서버_프로그래밍\apache-tomcat-9.0.0.M26\webapps\host-manager]
19-Oct-2017 16:56:10.775 정보 [main] org.apache.jasper.servlet.TldScanner.scanJars At least one JAR was scanned for TLDs yet contained no TLDs. Enable debug logging for this logger for a complete list of JARs that were scanned but no TLDs were found in them. Skipping unneeded JARs during scanning can improve startup time and JSP compilation time.
19-Oct-2017 16:56:10.797 정보 [main] org.apache.catalina.startup.HostConfig.deployDirectory Deployment of web application directory [E:\2017_웹_서버_프로그래밍\apache-tomcat-9.0.0.M26\webapps\host-manager] has finished in [584] ms
19-Oct-2017 16:56:10.799 정보 [main] org.apache.catalina.startup.HostConfig.deployDirectory Deploying web application directory [E:\2017_웹_서버_프로그래밍\apache-tomcat-9.0.0.M26\webapps\manager]
19-Oct-2017 16:56:11.346 정보 [main] org.apache.jasper.servlet.TldScanner.scanJars At least one JAR was scanned for TLDs yet contained no TLDs. Enable debug logging for this logger for a complete list of JARs that were scanned but no TLDs were found in them. Skipping unneeded JARs during scanning can improve startup time and JSP compilation time.
19-Oct-2017 16:56:11.362 정보 [main] org.apache.catalina.startup.HostConfig.deployDirectory Deployment of web application directory [E:\2017_웹_서버_프로그래밍\apache-tomcat-9.0.0.M26\webapps\manager] has finished in [563] ms
19-Oct-2017 16:56:11.364 정보 [main] org.apache.catalina.startup.HostConfig.deployDirectory Deploying web application directory [E:\2017_웹_서버_프로그래밍\apache-tomcat-9.0.0.M26\webapps\ROOT]
19-Oct-2017 16:56:11.916 정보 [main] org.apache.jasper.servlet.TldScanner.scanJars At least one JAR was scanned for TLDs yet contained no TLDs. Enable debug logging for this logger for a complete list of JARs that were scanned but no TLDs were found in them. Skipping unneeded JARs during scanning can improve startup time and JSP compilation time.
19-Oct-2017 16:56:11.931 정보 [main] org.apache.catalina.startup.HostConfig.deployDirectory Deployment of web application directory [E:\2017_웹_서버_프로그래밍\apache-tomcat-9.0.0.M26\webapps\ROOT] has finished in [567] ms
19-Oct-2017 16:56:11.934 정보 [main] org.apache.catalina.startup.HostConfig.deployDirectory Deploying web application directory [E:\2017_웹_서버_프로그래밍\apache-tomcat-9.0.0.M26\webapps\websrv]
19-Oct-2017 16:56:12.616 정보 [main] org.apache.jasper.servlet.TldScanner.scanJars At least one JAR was scanned for TLDs yet contained no TLDs. Enable debug logging for this logger for a complete list of JARs that were scanned but no TLDs were found in them. Skipping unneeded JARs during scanning can improve startup time and JSP compilation time.
19-Oct-2017 16:56:12.653 정보 [main] org.apache.catalina.startup.HostConfig.deployDirectory Deployment of web application directory [E:\2017_웹_서버_프로그래밍\apache-tomcat-9.0.0.M26\webapps\websrv] has finished in [719] ms
19-Oct-2017 16:56:12.658 정보 [main] org.apache.coyote.AbstractProtocol.start Starting ProtocolHandler ["http-nio-8080"]
19-Oct-2017 16:56:12.670 정보 [main] org.apache.coyote.AbstractProtocol.start Starting ProtocolHandler ["ajp-nio-8009"]
19-Oct-2017 16:56:12.676 정보 [main] org.apache.catalina.startup.Catalina.start Server startup in 5078 ms
19-Oct-2017 16:59:52.528 정보 [Thread-5] org.apache.coyote.AbstractProtocol.pause Pausing ProtocolHandler ["http-nio-8080"]
19-Oct-2017 16:59:52.764 정보 [Thread-5] org.apache.coyote.AbstractProtocol.pause Pausing ProtocolHandler ["ajp-nio-8009"]
19-Oct-2017 16:59:52.963 정보 [Thread-5] org.apache.catalina.core.StandardService.stopInternal Stopping service [Catalina]
19-Oct-2017 16:59:53.029 정보 [Thread-5] org.apache.coyote.AbstractProtocol.stop Stopping ProtocolHandler ["http-nio-8080"]
19-Oct-2017 16:59:53.031 정보 [Thread-5] org.apache.coyote.AbstractProtocol.stop Stopping ProtocolHandler ["ajp-nio-8009"]
19-Oct-2017 16:59:53.034 정보 [Thread-5] org.apache.coyote.AbstractProtocol.destroy Destroying ProtocolHandler ["http-nio-8080"]
19-Oct-2017 16:59:53.036 정보 [Thread-5] org.apache.coyote.AbstractProtocol.destroy Destroying ProtocolHandler ["ajp-nio-8009"]
