21-Sep-2017 14:07:23.060 정보 [main] org.apache.catalina.startup.VersionLoggerListener.log Server version:        Apache Tomcat/9.0.0.M26
21-Sep-2017 14:07:23.060 정보 [main] org.apache.catalina.startup.VersionLoggerListener.log Server built:          Aug 2 2017 20:29:05 UTC
21-Sep-2017 14:07:23.060 정보 [main] org.apache.catalina.startup.VersionLoggerListener.log Server number:         9.0.0.0
21-Sep-2017 14:07:23.060 정보 [main] org.apache.catalina.startup.VersionLoggerListener.log OS Name:               Windows 7
21-Sep-2017 14:07:23.076 정보 [main] org.apache.catalina.startup.VersionLoggerListener.log OS Version:            6.1
21-Sep-2017 14:07:23.076 정보 [main] org.apache.catalina.startup.VersionLoggerListener.log Architecture:          amd64
21-Sep-2017 14:07:23.076 정보 [main] org.apache.catalina.startup.VersionLoggerListener.log Java Home:             C:\Program Files\Java\jdk1.8.0_40\jre
21-Sep-2017 14:07:23.076 정보 [main] org.apache.catalina.startup.VersionLoggerListener.log JVM Version:           1.8.0_40-b26
21-Sep-2017 14:07:23.076 정보 [main] org.apache.catalina.startup.VersionLoggerListener.log JVM Vendor:            Oracle Corporation
21-Sep-2017 14:07:23.076 정보 [main] org.apache.catalina.startup.VersionLoggerListener.log CATALINA_BASE:         E:\2017_웹_서버_프로그래밍\apache-tomcat-9.0.0.M26
21-Sep-2017 14:07:23.076 정보 [main] org.apache.catalina.startup.VersionLoggerListener.log CATALINA_HOME:         E:\2017_웹_서버_프로그래밍\apache-tomcat-9.0.0.M26
21-Sep-2017 14:07:23.076 정보 [main] org.apache.catalina.startup.VersionLoggerListener.log Command line argument: -Djava.util.logging.config.file=E:\2017_웹_서버_프로그래밍\apache-tomcat-9.0.0.M26\conf\logging.properties
21-Sep-2017 14:07:23.092 정보 [main] org.apache.catalina.startup.VersionLoggerListener.log Command line argument: -Djava.util.logging.manager=org.apache.juli.ClassLoaderLogManager
21-Sep-2017 14:07:23.092 정보 [main] org.apache.catalina.startup.VersionLoggerListener.log Command line argument: -Djdk.tls.ephemeralDHKeySize=2048
21-Sep-2017 14:07:23.092 정보 [main] org.apache.catalina.startup.VersionLoggerListener.log Command line argument: -Djava.protocol.handler.pkgs=org.apache.catalina.webresources
21-Sep-2017 14:07:23.092 정보 [main] org.apache.catalina.startup.VersionLoggerListener.log Command line argument: -Dcatalina.base=E:\2017_웹_서버_프로그래밍\apache-tomcat-9.0.0.M26
21-Sep-2017 14:07:23.092 정보 [main] org.apache.catalina.startup.VersionLoggerListener.log Command line argument: -Dcatalina.home=E:\2017_웹_서버_프로그래밍\apache-tomcat-9.0.0.M26
21-Sep-2017 14:07:23.092 정보 [main] org.apache.catalina.startup.VersionLoggerListener.log Command line argument: -Djava.io.tmpdir=E:\2017_웹_서버_프로그래밍\apache-tomcat-9.0.0.M26\temp
21-Sep-2017 14:07:23.092 정보 [main] org.apache.catalina.core.AprLifecycleListener.lifecycleEvent The APR based Apache Tomcat Native library which allows optimal performance in production environments was not found on the java.library.path: [C:\Program Files\Java\jdk1.8.0_40\bin;C:\windows\Sun\Java\bin;C:\windows\system32;C:\windows;C:\Program Files\Java\jdk1.8.0_40\bin;C:\ProgramData\Oracle\Java\javapath;C:\Program Files (x86)\Intel\iCLS Client\;C:\Program Files\Intel\iCLS Client\;C:\windows\system32;C:\windows;C:\windows\System32\Wbem;C:\windows\System32\WindowsPowerShell\v1.0\;C:\Program Files\Intel\Intel(R) Management Engine Components\DAL;C:\Program Files\Intel\Intel(R) Management Engine Components\IPT;C:\Program Files (x86)\Intel\Intel(R) Management Engine Components\DAL;C:\Program Files (x86)\Intel\Intel(R) Management Engine Components\IPT;C:\Program Files (x86)\Intel\OpenCL SDK\3.0\bin\x86;C:\Program Files (x86)\Intel\OpenCL SDK\3.0\bin\x64;C:\Program Files (x86)\MATLAB\R2014b\runtime\win32;C:\Program Files (x86)\MATLAB\R2014b\bin;C:\Program Files\Java\jdk1.8.0_40\bin;C:\Program Files (x86)\Windows Kits\8.1\Windows Performance Toolkit\;C:\Program Files\Microsoft SQL Server\110\Tools\Binn\;C:\Program Files (x86)\Microsoft SDKs\TypeScript\1.0\;C:\Program Files\Microsoft SQL Server\120\Tools\Binn\;C:\Program Files\nodejs\;C:\windows\system32\config\systemprofile\.dnx\bin;C:\Program Files\Microsoft DNX\Dnvm\;C:\Program Files\Microsoft SQL Server\130\Tools\Binn\;C:\Program Files\Java\jdk1.8.0_40\bin;D:\goweb\apache-tomcat-9.0.0.M10\apache-tomcat-9.0.0.M10\bin;C:\Program Files\MySQL\MySQL Utilities 1.6\;C:\Program Files\PuTTY\;C:\Program Files\Java\jdk1.8.0_40\bin;C:\Users\user\AppData\Roaming\npm;C:\Python27;D:\ex2;.]
21-Sep-2017 14:07:23.981 정보 [main] org.apache.coyote.AbstractProtocol.init Initializing ProtocolHandler ["http-nio-8080"]
21-Sep-2017 14:07:24.137 정보 [main] org.apache.tomcat.util.net.NioSelectorPool.getSharedSelector Using a shared selector for servlet write/read
21-Sep-2017 14:07:24.152 정보 [main] org.apache.coyote.AbstractProtocol.init Initializing ProtocolHandler ["ajp-nio-8009"]
21-Sep-2017 14:07:24.152 정보 [main] org.apache.tomcat.util.net.NioSelectorPool.getSharedSelector Using a shared selector for servlet write/read
21-Sep-2017 14:07:24.168 정보 [main] org.apache.catalina.startup.Catalina.load Initialization processed in 1952 ms
21-Sep-2017 14:07:24.230 정보 [main] org.apache.catalina.core.StandardService.startInternal Starting service [Catalina]
21-Sep-2017 14:07:24.230 정보 [main] org.apache.catalina.core.StandardEngine.startInternal Starting Servlet Engine: Apache Tomcat/9.0.0.M26
21-Sep-2017 14:07:24.262 정보 [main] org.apache.catalina.startup.HostConfig.deployDirectory Deploying web application directory [E:\2017_웹_서버_프로그래밍\apache-tomcat-9.0.0.M26\webapps\docs]
21-Sep-2017 14:07:24.901 정보 [main] org.apache.catalina.startup.HostConfig.deployDirectory Deployment of web application directory [E:\2017_웹_서버_프로그래밍\apache-tomcat-9.0.0.M26\webapps\docs] has finished in [639] ms
21-Sep-2017 14:07:24.901 정보 [main] org.apache.catalina.startup.HostConfig.deployDirectory Deploying web application directory [E:\2017_웹_서버_프로그래밍\apache-tomcat-9.0.0.M26\webapps\examples]
21-Sep-2017 14:07:26.087 정보 [main] org.apache.catalina.startup.HostConfig.deployDirectory Deployment of web application directory [E:\2017_웹_서버_프로그래밍\apache-tomcat-9.0.0.M26\webapps\examples] has finished in [1,186] ms
21-Sep-2017 14:07:26.087 정보 [main] org.apache.catalina.startup.HostConfig.deployDirectory Deploying web application directory [E:\2017_웹_서버_프로그래밍\apache-tomcat-9.0.0.M26\webapps\host-manager]
21-Sep-2017 14:07:26.165 정보 [main] org.apache.catalina.startup.HostConfig.deployDirectory Deployment of web application directory [E:\2017_웹_서버_프로그래밍\apache-tomcat-9.0.0.M26\webapps\host-manager] has finished in [78] ms
21-Sep-2017 14:07:26.165 정보 [main] org.apache.catalina.startup.HostConfig.deployDirectory Deploying web application directory [E:\2017_웹_서버_프로그래밍\apache-tomcat-9.0.0.M26\webapps\manager]
21-Sep-2017 14:07:26.243 정보 [main] org.apache.catalina.startup.HostConfig.deployDirectory Deployment of web application directory [E:\2017_웹_서버_프로그래밍\apache-tomcat-9.0.0.M26\webapps\manager] has finished in [78] ms
21-Sep-2017 14:07:26.243 정보 [main] org.apache.catalina.startup.HostConfig.deployDirectory Deploying web application directory [E:\2017_웹_서버_프로그래밍\apache-tomcat-9.0.0.M26\webapps\ROOT]
21-Sep-2017 14:07:26.305 정보 [main] org.apache.catalina.startup.HostConfig.deployDirectory Deployment of web application directory [E:\2017_웹_서버_프로그래밍\apache-tomcat-9.0.0.M26\webapps\ROOT] has finished in [62] ms
21-Sep-2017 14:07:26.305 정보 [main] org.apache.catalina.startup.HostConfig.deployDirectory Deploying web application directory [E:\2017_웹_서버_프로그래밍\apache-tomcat-9.0.0.M26\webapps\websrv]
21-Sep-2017 14:07:26.446 정보 [main] org.apache.catalina.startup.HostConfig.deployDirectory Deployment of web application directory [E:\2017_웹_서버_프로그래밍\apache-tomcat-9.0.0.M26\webapps\websrv] has finished in [141] ms
21-Sep-2017 14:07:26.446 정보 [main] org.apache.coyote.AbstractProtocol.start Starting ProtocolHandler ["http-nio-8080"]
21-Sep-2017 14:07:26.461 정보 [main] org.apache.coyote.AbstractProtocol.start Starting ProtocolHandler ["ajp-nio-8009"]
21-Sep-2017 14:07:26.461 정보 [main] org.apache.catalina.startup.Catalina.start Server startup in 2302 ms
21-Sep-2017 15:10:19.252 정보 [Thread-5] org.apache.coyote.AbstractProtocol.pause Pausing ProtocolHandler ["http-nio-8080"]
21-Sep-2017 15:10:19.470 정보 [Thread-5] org.apache.coyote.AbstractProtocol.pause Pausing ProtocolHandler ["ajp-nio-8009"]
21-Sep-2017 15:10:19.649 정보 [Thread-5] org.apache.catalina.core.StandardService.stopInternal Stopping service [Catalina]
21-Sep-2017 15:10:19.747 정보 [Thread-5] org.apache.coyote.AbstractProtocol.stop Stopping ProtocolHandler ["http-nio-8080"]
21-Sep-2017 15:10:19.752 정보 [Thread-5] org.apache.coyote.AbstractProtocol.stop Stopping ProtocolHandler ["ajp-nio-8009"]
21-Sep-2017 15:10:19.756 정보 [Thread-5] org.apache.coyote.AbstractProtocol.destroy Destroying ProtocolHandler ["http-nio-8080"]
21-Sep-2017 15:10:19.762 정보 [Thread-5] org.apache.coyote.AbstractProtocol.destroy Destroying ProtocolHandler ["ajp-nio-8009"]
21-Sep-2017 15:10:22.160 정보 [main] org.apache.catalina.startup.VersionLoggerListener.log Server version:        Apache Tomcat/9.0.0.M26
21-Sep-2017 15:10:22.162 정보 [main] org.apache.catalina.startup.VersionLoggerListener.log Server built:          Aug 2 2017 20:29:05 UTC
21-Sep-2017 15:10:22.162 정보 [main] org.apache.catalina.startup.VersionLoggerListener.log Server number:         9.0.0.0
21-Sep-2017 15:10:22.163 정보 [main] org.apache.catalina.startup.VersionLoggerListener.log OS Name:               Windows 7
21-Sep-2017 15:10:22.164 정보 [main] org.apache.catalina.startup.VersionLoggerListener.log OS Version:            6.1
21-Sep-2017 15:10:22.164 정보 [main] org.apache.catalina.startup.VersionLoggerListener.log Architecture:          amd64
21-Sep-2017 15:10:22.165 정보 [main] org.apache.catalina.startup.VersionLoggerListener.log Java Home:             C:\Program Files\Java\jdk1.8.0_40\jre
21-Sep-2017 15:10:22.166 정보 [main] org.apache.catalina.startup.VersionLoggerListener.log JVM Version:           1.8.0_40-b26
21-Sep-2017 15:10:22.167 정보 [main] org.apache.catalina.startup.VersionLoggerListener.log JVM Vendor:            Oracle Corporation
21-Sep-2017 15:10:22.167 정보 [main] org.apache.catalina.startup.VersionLoggerListener.log CATALINA_BASE:         E:\2017_웹_서버_프로그래밍\apache-tomcat-9.0.0.M26
21-Sep-2017 15:10:22.168 정보 [main] org.apache.catalina.startup.VersionLoggerListener.log CATALINA_HOME:         E:\2017_웹_서버_프로그래밍\apache-tomcat-9.0.0.M26
21-Sep-2017 15:10:22.169 정보 [main] org.apache.catalina.startup.VersionLoggerListener.log Command line argument: -Djava.util.logging.config.file=E:\2017_웹_서버_프로그래밍\apache-tomcat-9.0.0.M26\conf\logging.properties
21-Sep-2017 15:10:22.170 정보 [main] org.apache.catalina.startup.VersionLoggerListener.log Command line argument: -Djava.util.logging.manager=org.apache.juli.ClassLoaderLogManager
21-Sep-2017 15:10:22.171 정보 [main] org.apache.catalina.startup.VersionLoggerListener.log Command line argument: -Djdk.tls.ephemeralDHKeySize=2048
21-Sep-2017 15:10:22.171 정보 [main] org.apache.catalina.startup.VersionLoggerListener.log Command line argument: -Djava.protocol.handler.pkgs=org.apache.catalina.webresources
21-Sep-2017 15:10:22.172 정보 [main] org.apache.catalina.startup.VersionLoggerListener.log Command line argument: -Dcatalina.base=E:\2017_웹_서버_프로그래밍\apache-tomcat-9.0.0.M26
21-Sep-2017 15:10:22.173 정보 [main] org.apache.catalina.startup.VersionLoggerListener.log Command line argument: -Dcatalina.home=E:\2017_웹_서버_프로그래밍\apache-tomcat-9.0.0.M26
21-Sep-2017 15:10:22.174 정보 [main] org.apache.catalina.startup.VersionLoggerListener.log Command line argument: -Djava.io.tmpdir=E:\2017_웹_서버_프로그래밍\apache-tomcat-9.0.0.M26\temp
21-Sep-2017 15:10:22.174 정보 [main] org.apache.catalina.core.AprLifecycleListener.lifecycleEvent The APR based Apache Tomcat Native library which allows optimal performance in production environments was not found on the java.library.path: [C:\Program Files\Java\jdk1.8.0_40\bin;C:\windows\Sun\Java\bin;C:\windows\system32;C:\windows;C:\Program Files\Java\jdk1.8.0_40\bin;C:\ProgramData\Oracle\Java\javapath;C:\Program Files (x86)\Intel\iCLS Client\;C:\Program Files\Intel\iCLS Client\;C:\windows\system32;C:\windows;C:\windows\System32\Wbem;C:\windows\System32\WindowsPowerShell\v1.0\;C:\Program Files\Intel\Intel(R) Management Engine Components\DAL;C:\Program Files\Intel\Intel(R) Management Engine Components\IPT;C:\Program Files (x86)\Intel\Intel(R) Management Engine Components\DAL;C:\Program Files (x86)\Intel\Intel(R) Management Engine Components\IPT;C:\Program Files (x86)\Intel\OpenCL SDK\3.0\bin\x86;C:\Program Files (x86)\Intel\OpenCL SDK\3.0\bin\x64;C:\Program Files (x86)\MATLAB\R2014b\runtime\win32;C:\Program Files (x86)\MATLAB\R2014b\bin;C:\Program Files\Java\jdk1.8.0_40\bin;C:\Program Files (x86)\Windows Kits\8.1\Windows Performance Toolkit\;C:\Program Files\Microsoft SQL Server\110\Tools\Binn\;C:\Program Files (x86)\Microsoft SDKs\TypeScript\1.0\;C:\Program Files\Microsoft SQL Server\120\Tools\Binn\;C:\Program Files\nodejs\;C:\windows\system32\config\systemprofile\.dnx\bin;C:\Program Files\Microsoft DNX\Dnvm\;C:\Program Files\Microsoft SQL Server\130\Tools\Binn\;C:\Program Files\Java\jdk1.8.0_40\bin;D:\goweb\apache-tomcat-9.0.0.M10\apache-tomcat-9.0.0.M10\bin;C:\Program Files\MySQL\MySQL Utilities 1.6\;C:\Program Files\PuTTY\;C:\Program Files\Java\jdk1.8.0_40\bin;C:\Users\user\AppData\Roaming\npm;C:\Python27;D:\ex2;.]
21-Sep-2017 15:10:22.292 정보 [main] org.apache.coyote.AbstractProtocol.init Initializing ProtocolHandler ["http-nio-8080"]
21-Sep-2017 15:10:22.322 정보 [main] org.apache.tomcat.util.net.NioSelectorPool.getSharedSelector Using a shared selector for servlet write/read
21-Sep-2017 15:10:22.325 정보 [main] org.apache.coyote.AbstractProtocol.init Initializing ProtocolHandler ["ajp-nio-8009"]
21-Sep-2017 15:10:22.328 정보 [main] org.apache.tomcat.util.net.NioSelectorPool.getSharedSelector Using a shared selector for servlet write/read
21-Sep-2017 15:10:22.329 정보 [main] org.apache.catalina.startup.Catalina.load Initialization processed in 476 ms
21-Sep-2017 15:10:22.366 정보 [main] org.apache.catalina.core.StandardService.startInternal Starting service [Catalina]
21-Sep-2017 15:10:22.367 정보 [main] org.apache.catalina.core.StandardEngine.startInternal Starting Servlet Engine: Apache Tomcat/9.0.0.M26
21-Sep-2017 15:10:22.382 정보 [main] org.apache.catalina.startup.HostConfig.deployDirectory Deploying web application directory [E:\2017_웹_서버_프로그래밍\apache-tomcat-9.0.0.M26\webapps\docs]
21-Sep-2017 15:10:22.779 정보 [main] org.apache.catalina.startup.HostConfig.deployDirectory Deployment of web application directory [E:\2017_웹_서버_프로그래밍\apache-tomcat-9.0.0.M26\webapps\docs] has finished in [397] ms
21-Sep-2017 15:10:22.781 정보 [main] org.apache.catalina.startup.HostConfig.deployDirectory Deploying web application directory [E:\2017_웹_서버_프로그래밍\apache-tomcat-9.0.0.M26\webapps\examples]
21-Sep-2017 15:10:23.953 정보 [main] org.apache.catalina.startup.HostConfig.deployDirectory Deployment of web application directory [E:\2017_웹_서버_프로그래밍\apache-tomcat-9.0.0.M26\webapps\examples] has finished in [1,173] ms
21-Sep-2017 15:10:23.954 정보 [main] org.apache.catalina.startup.HostConfig.deployDirectory Deploying web application directory [E:\2017_웹_서버_프로그래밍\apache-tomcat-9.0.0.M26\webapps\host-manager]
21-Sep-2017 15:10:24.029 정보 [main] org.apache.catalina.startup.HostConfig.deployDirectory Deployment of web application directory [E:\2017_웹_서버_프로그래밍\apache-tomcat-9.0.0.M26\webapps\host-manager] has finished in [75] ms
21-Sep-2017 15:10:24.031 정보 [main] org.apache.catalina.startup.HostConfig.deployDirectory Deploying web application directory [E:\2017_웹_서버_프로그래밍\apache-tomcat-9.0.0.M26\webapps\manager]
21-Sep-2017 15:10:24.097 정보 [main] org.apache.catalina.startup.HostConfig.deployDirectory Deployment of web application directory [E:\2017_웹_서버_프로그래밍\apache-tomcat-9.0.0.M26\webapps\manager] has finished in [66] ms
21-Sep-2017 15:10:24.098 정보 [main] org.apache.catalina.startup.HostConfig.deployDirectory Deploying web application directory [E:\2017_웹_서버_프로그래밍\apache-tomcat-9.0.0.M26\webapps\ROOT]
21-Sep-2017 15:10:24.158 정보 [main] org.apache.catalina.startup.HostConfig.deployDirectory Deployment of web application directory [E:\2017_웹_서버_프로그래밍\apache-tomcat-9.0.0.M26\webapps\ROOT] has finished in [60] ms
21-Sep-2017 15:10:24.159 정보 [main] org.apache.catalina.startup.HostConfig.deployDirectory Deploying web application directory [E:\2017_웹_서버_프로그래밍\apache-tomcat-9.0.0.M26\webapps\websrv]
21-Sep-2017 15:10:24.248 정보 [main] org.apache.catalina.startup.HostConfig.deployDirectory Deployment of web application directory [E:\2017_웹_서버_프로그래밍\apache-tomcat-9.0.0.M26\webapps\websrv] has finished in [89] ms
21-Sep-2017 15:10:24.251 정보 [main] org.apache.coyote.AbstractProtocol.start Starting ProtocolHandler ["http-nio-8080"]
21-Sep-2017 15:10:24.265 정보 [main] org.apache.coyote.AbstractProtocol.start Starting ProtocolHandler ["ajp-nio-8009"]
21-Sep-2017 15:10:24.269 정보 [main] org.apache.catalina.startup.Catalina.start Server startup in 1939 ms
21-Sep-2017 15:11:16.171 정보 [Thread-5] org.apache.coyote.AbstractProtocol.pause Pausing ProtocolHandler ["http-nio-8080"]
21-Sep-2017 15:11:16.387 정보 [Thread-5] org.apache.coyote.AbstractProtocol.pause Pausing ProtocolHandler ["ajp-nio-8009"]
21-Sep-2017 15:11:16.591 정보 [Thread-5] org.apache.catalina.core.StandardService.stopInternal Stopping service [Catalina]
21-Sep-2017 15:11:16.641 정보 [Thread-5] org.apache.coyote.AbstractProtocol.stop Stopping ProtocolHandler ["http-nio-8080"]
21-Sep-2017 15:11:16.644 정보 [Thread-5] org.apache.coyote.AbstractProtocol.stop Stopping ProtocolHandler ["ajp-nio-8009"]
21-Sep-2017 15:11:16.646 정보 [Thread-5] org.apache.coyote.AbstractProtocol.destroy Destroying ProtocolHandler ["http-nio-8080"]
21-Sep-2017 15:11:16.647 정보 [Thread-5] org.apache.coyote.AbstractProtocol.destroy Destroying ProtocolHandler ["ajp-nio-8009"]
21-Sep-2017 15:11:18.444 정보 [main] org.apache.catalina.startup.VersionLoggerListener.log Server version:        Apache Tomcat/9.0.0.M26
21-Sep-2017 15:11:18.446 정보 [main] org.apache.catalina.startup.VersionLoggerListener.log Server built:          Aug 2 2017 20:29:05 UTC
21-Sep-2017 15:11:18.447 정보 [main] org.apache.catalina.startup.VersionLoggerListener.log Server number:         9.0.0.0
21-Sep-2017 15:11:18.447 정보 [main] org.apache.catalina.startup.VersionLoggerListener.log OS Name:               Windows 7
21-Sep-2017 15:11:18.448 정보 [main] org.apache.catalina.startup.VersionLoggerListener.log OS Version:            6.1
21-Sep-2017 15:11:18.449 정보 [main] org.apache.catalina.startup.VersionLoggerListener.log Architecture:          amd64
21-Sep-2017 15:11:18.449 정보 [main] org.apache.catalina.startup.VersionLoggerListener.log Java Home:             C:\Program Files\Java\jdk1.8.0_40\jre
21-Sep-2017 15:11:18.450 정보 [main] org.apache.catalina.startup.VersionLoggerListener.log JVM Version:           1.8.0_40-b26
21-Sep-2017 15:11:18.451 정보 [main] org.apache.catalina.startup.VersionLoggerListener.log JVM Vendor:            Oracle Corporation
21-Sep-2017 15:11:18.452 정보 [main] org.apache.catalina.startup.VersionLoggerListener.log CATALINA_BASE:         E:\2017_웹_서버_프로그래밍\apache-tomcat-9.0.0.M26
21-Sep-2017 15:11:18.452 정보 [main] org.apache.catalina.startup.VersionLoggerListener.log CATALINA_HOME:         E:\2017_웹_서버_프로그래밍\apache-tomcat-9.0.0.M26
21-Sep-2017 15:11:18.453 정보 [main] org.apache.catalina.startup.VersionLoggerListener.log Command line argument: -Djava.util.logging.config.file=E:\2017_웹_서버_프로그래밍\apache-tomcat-9.0.0.M26\conf\logging.properties
21-Sep-2017 15:11:18.454 정보 [main] org.apache.catalina.startup.VersionLoggerListener.log Command line argument: -Djava.util.logging.manager=org.apache.juli.ClassLoaderLogManager
21-Sep-2017 15:11:18.455 정보 [main] org.apache.catalina.startup.VersionLoggerListener.log Command line argument: -Djdk.tls.ephemeralDHKeySize=2048
21-Sep-2017 15:11:18.456 정보 [main] org.apache.catalina.startup.VersionLoggerListener.log Command line argument: -Djava.protocol.handler.pkgs=org.apache.catalina.webresources
21-Sep-2017 15:11:18.456 정보 [main] org.apache.catalina.startup.VersionLoggerListener.log Command line argument: -Dcatalina.base=E:\2017_웹_서버_프로그래밍\apache-tomcat-9.0.0.M26
21-Sep-2017 15:11:18.457 정보 [main] org.apache.catalina.startup.VersionLoggerListener.log Command line argument: -Dcatalina.home=E:\2017_웹_서버_프로그래밍\apache-tomcat-9.0.0.M26
21-Sep-2017 15:11:18.458 정보 [main] org.apache.catalina.startup.VersionLoggerListener.log Command line argument: -Djava.io.tmpdir=E:\2017_웹_서버_프로그래밍\apache-tomcat-9.0.0.M26\temp
21-Sep-2017 15:11:18.459 정보 [main] org.apache.catalina.core.AprLifecycleListener.lifecycleEvent The APR based Apache Tomcat Native library which allows optimal performance in production environments was not found on the java.library.path: [C:\Program Files\Java\jdk1.8.0_40\bin;C:\windows\Sun\Java\bin;C:\windows\system32;C:\windows;C:\Program Files\Java\jdk1.8.0_40\bin;C:\ProgramData\Oracle\Java\javapath;C:\Program Files (x86)\Intel\iCLS Client\;C:\Program Files\Intel\iCLS Client\;C:\windows\system32;C:\windows;C:\windows\System32\Wbem;C:\windows\System32\WindowsPowerShell\v1.0\;C:\Program Files\Intel\Intel(R) Management Engine Components\DAL;C:\Program Files\Intel\Intel(R) Management Engine Components\IPT;C:\Program Files (x86)\Intel\Intel(R) Management Engine Components\DAL;C:\Program Files (x86)\Intel\Intel(R) Management Engine Components\IPT;C:\Program Files (x86)\Intel\OpenCL SDK\3.0\bin\x86;C:\Program Files (x86)\Intel\OpenCL SDK\3.0\bin\x64;C:\Program Files (x86)\MATLAB\R2014b\runtime\win32;C:\Program Files (x86)\MATLAB\R2014b\bin;C:\Program Files\Java\jdk1.8.0_40\bin;C:\Program Files (x86)\Windows Kits\8.1\Windows Performance Toolkit\;C:\Program Files\Microsoft SQL Server\110\Tools\Binn\;C:\Program Files (x86)\Microsoft SDKs\TypeScript\1.0\;C:\Program Files\Microsoft SQL Server\120\Tools\Binn\;C:\Program Files\nodejs\;C:\windows\system32\config\systemprofile\.dnx\bin;C:\Program Files\Microsoft DNX\Dnvm\;C:\Program Files\Microsoft SQL Server\130\Tools\Binn\;C:\Program Files\Java\jdk1.8.0_40\bin;D:\goweb\apache-tomcat-9.0.0.M10\apache-tomcat-9.0.0.M10\bin;C:\Program Files\MySQL\MySQL Utilities 1.6\;C:\Program Files\PuTTY\;C:\Program Files\Java\jdk1.8.0_40\bin;C:\Users\user\AppData\Roaming\npm;C:\Python27;D:\ex2;.]
21-Sep-2017 15:11:18.577 정보 [main] org.apache.coyote.AbstractProtocol.init Initializing ProtocolHandler ["http-nio-8080"]
21-Sep-2017 15:11:18.608 정보 [main] org.apache.tomcat.util.net.NioSelectorPool.getSharedSelector Using a shared selector for servlet write/read
21-Sep-2017 15:11:18.611 정보 [main] org.apache.coyote.AbstractProtocol.init Initializing ProtocolHandler ["ajp-nio-8009"]
21-Sep-2017 15:11:18.615 정보 [main] org.apache.tomcat.util.net.NioSelectorPool.getSharedSelector Using a shared selector for servlet write/read
21-Sep-2017 15:11:18.616 정보 [main] org.apache.catalina.startup.Catalina.load Initialization processed in 465 ms
21-Sep-2017 15:11:18.653 정보 [main] org.apache.catalina.core.StandardService.startInternal Starting service [Catalina]
21-Sep-2017 15:11:18.654 정보 [main] org.apache.catalina.core.StandardEngine.startInternal Starting Servlet Engine: Apache Tomcat/9.0.0.M26
21-Sep-2017 15:11:18.668 정보 [main] org.apache.catalina.startup.HostConfig.deployDirectory Deploying web application directory [E:\2017_웹_서버_프로그래밍\apache-tomcat-9.0.0.M26\webapps\docs]
21-Sep-2017 15:11:19.096 정보 [main] org.apache.catalina.startup.HostConfig.deployDirectory Deployment of web application directory [E:\2017_웹_서버_프로그래밍\apache-tomcat-9.0.0.M26\webapps\docs] has finished in [428] ms
21-Sep-2017 15:11:19.099 정보 [main] org.apache.catalina.startup.HostConfig.deployDirectory Deploying web application directory [E:\2017_웹_서버_프로그래밍\apache-tomcat-9.0.0.M26\webapps\examples]
21-Sep-2017 15:11:20.434 정보 [main] org.apache.catalina.startup.HostConfig.deployDirectory Deployment of web application directory [E:\2017_웹_서버_프로그래밍\apache-tomcat-9.0.0.M26\webapps\examples] has finished in [1,335] ms
21-Sep-2017 15:11:20.436 정보 [main] org.apache.catalina.startup.HostConfig.deployDirectory Deploying web application directory [E:\2017_웹_서버_프로그래밍\apache-tomcat-9.0.0.M26\webapps\host-manager]
21-Sep-2017 15:11:20.517 정보 [main] org.apache.catalina.startup.HostConfig.deployDirectory Deployment of web application directory [E:\2017_웹_서버_프로그래밍\apache-tomcat-9.0.0.M26\webapps\host-manager] has finished in [81] ms
21-Sep-2017 15:11:20.519 정보 [main] org.apache.catalina.startup.HostConfig.deployDirectory Deploying web application directory [E:\2017_웹_서버_프로그래밍\apache-tomcat-9.0.0.M26\webapps\manager]
21-Sep-2017 15:11:20.595 정보 [main] org.apache.catalina.startup.HostConfig.deployDirectory Deployment of web application directory [E:\2017_웹_서버_프로그래밍\apache-tomcat-9.0.0.M26\webapps\manager] has finished in [75] ms
21-Sep-2017 15:11:20.596 정보 [main] org.apache.catalina.startup.HostConfig.deployDirectory Deploying web application directory [E:\2017_웹_서버_프로그래밍\apache-tomcat-9.0.0.M26\webapps\ROOT]
21-Sep-2017 15:11:20.655 정보 [main] org.apache.catalina.startup.HostConfig.deployDirectory Deployment of web application directory [E:\2017_웹_서버_프로그래밍\apache-tomcat-9.0.0.M26\webapps\ROOT] has finished in [59] ms
21-Sep-2017 15:11:20.656 정보 [main] org.apache.catalina.startup.HostConfig.deployDirectory Deploying web application directory [E:\2017_웹_서버_프로그래밍\apache-tomcat-9.0.0.M26\webapps\websrv]
21-Sep-2017 15:11:20.773 정보 [main] org.apache.catalina.startup.HostConfig.deployDirectory Deployment of web application directory [E:\2017_웹_서버_프로그래밍\apache-tomcat-9.0.0.M26\webapps\websrv] has finished in [116] ms
21-Sep-2017 15:11:20.776 정보 [main] org.apache.coyote.AbstractProtocol.start Starting ProtocolHandler ["http-nio-8080"]
21-Sep-2017 15:11:20.790 정보 [main] org.apache.coyote.AbstractProtocol.start Starting ProtocolHandler ["ajp-nio-8009"]
21-Sep-2017 15:11:20.795 정보 [main] org.apache.catalina.startup.Catalina.start Server startup in 2178 ms
21-Sep-2017 15:14:20.911 정보 [Thread-5] org.apache.coyote.AbstractProtocol.pause Pausing ProtocolHandler ["http-nio-8080"]
21-Sep-2017 15:14:21.090 정보 [Thread-5] org.apache.coyote.AbstractProtocol.pause Pausing ProtocolHandler ["ajp-nio-8009"]
21-Sep-2017 15:14:21.255 정보 [Thread-5] org.apache.catalina.core.StandardService.stopInternal Stopping service [Catalina]
21-Sep-2017 15:14:21.309 정보 [Thread-5] org.apache.coyote.AbstractProtocol.stop Stopping ProtocolHandler ["http-nio-8080"]
21-Sep-2017 15:14:21.312 정보 [Thread-5] org.apache.coyote.AbstractProtocol.stop Stopping ProtocolHandler ["ajp-nio-8009"]
21-Sep-2017 15:14:21.315 정보 [Thread-5] org.apache.coyote.AbstractProtocol.destroy Destroying ProtocolHandler ["http-nio-8080"]
21-Sep-2017 15:14:21.316 정보 [Thread-5] org.apache.coyote.AbstractProtocol.destroy Destroying ProtocolHandler ["ajp-nio-8009"]
21-Sep-2017 15:14:22.886 정보 [main] org.apache.catalina.startup.VersionLoggerListener.log Server version:        Apache Tomcat/9.0.0.M26
21-Sep-2017 15:14:22.888 정보 [main] org.apache.catalina.startup.VersionLoggerListener.log Server built:          Aug 2 2017 20:29:05 UTC
21-Sep-2017 15:14:22.889 정보 [main] org.apache.catalina.startup.VersionLoggerListener.log Server number:         9.0.0.0
21-Sep-2017 15:14:22.890 정보 [main] org.apache.catalina.startup.VersionLoggerListener.log OS Name:               Windows 7
21-Sep-2017 15:14:22.890 정보 [main] org.apache.catalina.startup.VersionLoggerListener.log OS Version:            6.1
21-Sep-2017 15:14:22.891 정보 [main] org.apache.catalina.startup.VersionLoggerListener.log Architecture:          amd64
21-Sep-2017 15:14:22.892 정보 [main] org.apache.catalina.startup.VersionLoggerListener.log Java Home:             C:\Program Files\Java\jdk1.8.0_40\jre
21-Sep-2017 15:14:22.892 정보 [main] org.apache.catalina.startup.VersionLoggerListener.log JVM Version:           1.8.0_40-b26
21-Sep-2017 15:14:22.893 정보 [main] org.apache.catalina.startup.VersionLoggerListener.log JVM Vendor:            Oracle Corporation
21-Sep-2017 15:14:22.894 정보 [main] org.apache.catalina.startup.VersionLoggerListener.log CATALINA_BASE:         E:\2017_웹_서버_프로그래밍\apache-tomcat-9.0.0.M26
21-Sep-2017 15:14:22.895 정보 [main] org.apache.catalina.startup.VersionLoggerListener.log CATALINA_HOME:         E:\2017_웹_서버_프로그래밍\apache-tomcat-9.0.0.M26
21-Sep-2017 15:14:22.896 정보 [main] org.apache.catalina.startup.VersionLoggerListener.log Command line argument: -Djava.util.logging.config.file=E:\2017_웹_서버_프로그래밍\apache-tomcat-9.0.0.M26\conf\logging.properties
21-Sep-2017 15:14:22.896 정보 [main] org.apache.catalina.startup.VersionLoggerListener.log Command line argument: -Djava.util.logging.manager=org.apache.juli.ClassLoaderLogManager
21-Sep-2017 15:14:22.897 정보 [main] org.apache.catalina.startup.VersionLoggerListener.log Command line argument: -Djdk.tls.ephemeralDHKeySize=2048
21-Sep-2017 15:14:22.898 정보 [main] org.apache.catalina.startup.VersionLoggerListener.log Command line argument: -Djava.protocol.handler.pkgs=org.apache.catalina.webresources
21-Sep-2017 15:14:22.899 정보 [main] org.apache.catalina.startup.VersionLoggerListener.log Command line argument: -Dcatalina.base=E:\2017_웹_서버_프로그래밍\apache-tomcat-9.0.0.M26
21-Sep-2017 15:14:22.899 정보 [main] org.apache.catalina.startup.VersionLoggerListener.log Command line argument: -Dcatalina.home=E:\2017_웹_서버_프로그래밍\apache-tomcat-9.0.0.M26
21-Sep-2017 15:14:22.900 정보 [main] org.apache.catalina.startup.VersionLoggerListener.log Command line argument: -Djava.io.tmpdir=E:\2017_웹_서버_프로그래밍\apache-tomcat-9.0.0.M26\temp
21-Sep-2017 15:14:22.900 정보 [main] org.apache.catalina.core.AprLifecycleListener.lifecycleEvent The APR based Apache Tomcat Native library which allows optimal performance in production environments was not found on the java.library.path: [C:\Program Files\Java\jdk1.8.0_40\bin;C:\windows\Sun\Java\bin;C:\windows\system32;C:\windows;C:\Program Files\Java\jdk1.8.0_40\bin;C:\ProgramData\Oracle\Java\javapath;C:\Program Files (x86)\Intel\iCLS Client\;C:\Program Files\Intel\iCLS Client\;C:\windows\system32;C:\windows;C:\windows\System32\Wbem;C:\windows\System32\WindowsPowerShell\v1.0\;C:\Program Files\Intel\Intel(R) Management Engine Components\DAL;C:\Program Files\Intel\Intel(R) Management Engine Components\IPT;C:\Program Files (x86)\Intel\Intel(R) Management Engine Components\DAL;C:\Program Files (x86)\Intel\Intel(R) Management Engine Components\IPT;C:\Program Files (x86)\Intel\OpenCL SDK\3.0\bin\x86;C:\Program Files (x86)\Intel\OpenCL SDK\3.0\bin\x64;C:\Program Files (x86)\MATLAB\R2014b\runtime\win32;C:\Program Files (x86)\MATLAB\R2014b\bin;C:\Program Files\Java\jdk1.8.0_40\bin;C:\Program Files (x86)\Windows Kits\8.1\Windows Performance Toolkit\;C:\Program Files\Microsoft SQL Server\110\Tools\Binn\;C:\Program Files (x86)\Microsoft SDKs\TypeScript\1.0\;C:\Program Files\Microsoft SQL Server\120\Tools\Binn\;C:\Program Files\nodejs\;C:\windows\system32\config\systemprofile\.dnx\bin;C:\Program Files\Microsoft DNX\Dnvm\;C:\Program Files\Microsoft SQL Server\130\Tools\Binn\;C:\Program Files\Java\jdk1.8.0_40\bin;D:\goweb\apache-tomcat-9.0.0.M10\apache-tomcat-9.0.0.M10\bin;C:\Program Files\MySQL\MySQL Utilities 1.6\;C:\Program Files\PuTTY\;C:\Program Files\Java\jdk1.8.0_40\bin;C:\Users\user\AppData\Roaming\npm;C:\Python27;D:\ex2;.]
21-Sep-2017 15:14:23.024 정보 [main] org.apache.coyote.AbstractProtocol.init Initializing ProtocolHandler ["http-nio-8080"]
21-Sep-2017 15:14:23.055 정보 [main] org.apache.tomcat.util.net.NioSelectorPool.getSharedSelector Using a shared selector for servlet write/read
21-Sep-2017 15:14:23.058 정보 [main] org.apache.coyote.AbstractProtocol.init Initializing ProtocolHandler ["ajp-nio-8009"]
21-Sep-2017 15:14:23.061 정보 [main] org.apache.tomcat.util.net.NioSelectorPool.getSharedSelector Using a shared selector for servlet write/read
21-Sep-2017 15:14:23.062 정보 [main] org.apache.catalina.startup.Catalina.load Initialization processed in 472 ms
21-Sep-2017 15:14:23.105 정보 [main] org.apache.catalina.core.StandardService.startInternal Starting service [Catalina]
21-Sep-2017 15:14:23.106 정보 [main] org.apache.catalina.core.StandardEngine.startInternal Starting Servlet Engine: Apache Tomcat/9.0.0.M26
21-Sep-2017 15:14:23.119 정보 [main] org.apache.catalina.startup.HostConfig.deployDirectory Deploying web application directory [E:\2017_웹_서버_프로그래밍\apache-tomcat-9.0.0.M26\webapps\docs]
21-Sep-2017 15:14:23.517 정보 [main] org.apache.catalina.startup.HostConfig.deployDirectory Deployment of web application directory [E:\2017_웹_서버_프로그래밍\apache-tomcat-9.0.0.M26\webapps\docs] has finished in [397] ms
21-Sep-2017 15:14:23.518 정보 [main] org.apache.catalina.startup.HostConfig.deployDirectory Deploying web application directory [E:\2017_웹_서버_프로그래밍\apache-tomcat-9.0.0.M26\webapps\examples]
21-Sep-2017 15:14:24.614 정보 [main] org.apache.catalina.startup.HostConfig.deployDirectory Deployment of web application directory [E:\2017_웹_서버_프로그래밍\apache-tomcat-9.0.0.M26\webapps\examples] has finished in [1,096] ms
21-Sep-2017 15:14:24.615 정보 [main] org.apache.catalina.startup.HostConfig.deployDirectory Deploying web application directory [E:\2017_웹_서버_프로그래밍\apache-tomcat-9.0.0.M26\webapps\host-manager]
21-Sep-2017 15:14:24.689 정보 [main] org.apache.catalina.startup.HostConfig.deployDirectory Deployment of web application directory [E:\2017_웹_서버_프로그래밍\apache-tomcat-9.0.0.M26\webapps\host-manager] has finished in [73] ms
21-Sep-2017 15:14:24.690 정보 [main] org.apache.catalina.startup.HostConfig.deployDirectory Deploying web application directory [E:\2017_웹_서버_프로그래밍\apache-tomcat-9.0.0.M26\webapps\manager]
21-Sep-2017 15:14:24.758 정보 [main] org.apache.catalina.startup.HostConfig.deployDirectory Deployment of web application directory [E:\2017_웹_서버_프로그래밍\apache-tomcat-9.0.0.M26\webapps\manager] has finished in [68] ms
21-Sep-2017 15:14:24.759 정보 [main] org.apache.catalina.startup.HostConfig.deployDirectory Deploying web application directory [E:\2017_웹_서버_프로그래밍\apache-tomcat-9.0.0.M26\webapps\ROOT]
21-Sep-2017 15:14:24.817 정보 [main] org.apache.catalina.startup.HostConfig.deployDirectory Deployment of web application directory [E:\2017_웹_서버_프로그래밍\apache-tomcat-9.0.0.M26\webapps\ROOT] has finished in [58] ms
21-Sep-2017 15:14:24.818 정보 [main] org.apache.catalina.startup.HostConfig.deployDirectory Deploying web application directory [E:\2017_웹_서버_프로그래밍\apache-tomcat-9.0.0.M26\webapps\websrv]
21-Sep-2017 15:14:24.929 정보 [main] org.apache.catalina.startup.HostConfig.deployDirectory Deployment of web application directory [E:\2017_웹_서버_프로그래밍\apache-tomcat-9.0.0.M26\webapps\websrv] has finished in [111] ms
21-Sep-2017 15:14:24.932 정보 [main] org.apache.coyote.AbstractProtocol.start Starting ProtocolHandler ["http-nio-8080"]
21-Sep-2017 15:14:24.945 정보 [main] org.apache.coyote.AbstractProtocol.start Starting ProtocolHandler ["ajp-nio-8009"]
21-Sep-2017 15:14:24.948 정보 [main] org.apache.catalina.startup.Catalina.start Server startup in 1885 ms
21-Sep-2017 16:42:35.380 정보 [Thread-5] org.apache.coyote.AbstractProtocol.pause Pausing ProtocolHandler ["http-nio-8080"]
21-Sep-2017 16:42:35.505 정보 [Thread-5] org.apache.coyote.AbstractProtocol.pause Pausing ProtocolHandler ["ajp-nio-8009"]
21-Sep-2017 16:42:35.676 정보 [Thread-5] org.apache.catalina.core.StandardService.stopInternal Stopping service [Catalina]
21-Sep-2017 16:42:35.723 정보 [Thread-5] org.apache.coyote.AbstractProtocol.stop Stopping ProtocolHandler ["http-nio-8080"]
21-Sep-2017 16:42:35.723 정보 [Thread-5] org.apache.coyote.AbstractProtocol.stop Stopping ProtocolHandler ["ajp-nio-8009"]
21-Sep-2017 16:42:35.739 정보 [Thread-5] org.apache.coyote.AbstractProtocol.destroy Destroying ProtocolHandler ["http-nio-8080"]
21-Sep-2017 16:42:35.739 정보 [Thread-5] org.apache.coyote.AbstractProtocol.destroy Destroying ProtocolHandler ["ajp-nio-8009"]
