12-Oct-2017 14:04:35.921 정보 [main] org.apache.catalina.startup.VersionLoggerListener.log Server version:        Apache Tomcat/9.0.0.M26
12-Oct-2017 14:04:35.921 정보 [main] org.apache.catalina.startup.VersionLoggerListener.log Server built:          Aug 2 2017 20:29:05 UTC
12-Oct-2017 14:04:35.921 정보 [main] org.apache.catalina.startup.VersionLoggerListener.log Server number:         9.0.0.0
12-Oct-2017 14:04:35.921 정보 [main] org.apache.catalina.startup.VersionLoggerListener.log OS Name:               Windows 7
12-Oct-2017 14:04:35.921 정보 [main] org.apache.catalina.startup.VersionLoggerListener.log OS Version:            6.1
12-Oct-2017 14:04:35.921 정보 [main] org.apache.catalina.startup.VersionLoggerListener.log Architecture:          amd64
12-Oct-2017 14:04:35.937 정보 [main] org.apache.catalina.startup.VersionLoggerListener.log Java Home:             C:\Program Files\Java\jdk1.8.0_40\jre
12-Oct-2017 14:04:35.937 정보 [main] org.apache.catalina.startup.VersionLoggerListener.log JVM Version:           1.8.0_40-b26
12-Oct-2017 14:04:35.937 정보 [main] org.apache.catalina.startup.VersionLoggerListener.log JVM Vendor:            Oracle Corporation
12-Oct-2017 14:04:35.937 정보 [main] org.apache.catalina.startup.VersionLoggerListener.log CATALINA_BASE:         E:\2017_웹_서버_프로그래밍\apache-tomcat-9.0.0.M26
12-Oct-2017 14:04:35.937 정보 [main] org.apache.catalina.startup.VersionLoggerListener.log CATALINA_HOME:         E:\2017_웹_서버_프로그래밍\apache-tomcat-9.0.0.M26
12-Oct-2017 14:04:35.937 정보 [main] org.apache.catalina.startup.VersionLoggerListener.log Command line argument: -Djava.util.logging.config.file=E:\2017_웹_서버_프로그래밍\apache-tomcat-9.0.0.M26\conf\logging.properties
12-Oct-2017 14:04:35.937 정보 [main] org.apache.catalina.startup.VersionLoggerListener.log Command line argument: -Djava.util.logging.manager=org.apache.juli.ClassLoaderLogManager
12-Oct-2017 14:04:35.937 정보 [main] org.apache.catalina.startup.VersionLoggerListener.log Command line argument: -Djdk.tls.ephemeralDHKeySize=2048
12-Oct-2017 14:04:35.952 정보 [main] org.apache.catalina.startup.VersionLoggerListener.log Command line argument: -Djava.protocol.handler.pkgs=org.apache.catalina.webresources
12-Oct-2017 14:04:35.952 정보 [main] org.apache.catalina.startup.VersionLoggerListener.log Command line argument: -Dcatalina.base=E:\2017_웹_서버_프로그래밍\apache-tomcat-9.0.0.M26
12-Oct-2017 14:04:35.952 정보 [main] org.apache.catalina.startup.VersionLoggerListener.log Command line argument: -Dcatalina.home=E:\2017_웹_서버_프로그래밍\apache-tomcat-9.0.0.M26
12-Oct-2017 14:04:35.952 정보 [main] org.apache.catalina.startup.VersionLoggerListener.log Command line argument: -Djava.io.tmpdir=E:\2017_웹_서버_프로그래밍\apache-tomcat-9.0.0.M26\temp
12-Oct-2017 14:04:35.952 정보 [main] org.apache.catalina.core.AprLifecycleListener.lifecycleEvent The APR based Apache Tomcat Native library which allows optimal performance in production environments was not found on the java.library.path: [C:\Program Files\Java\jdk1.8.0_40\bin;C:\windows\Sun\Java\bin;C:\windows\system32;C:\windows;C:\Program Files\Java\jdk1.8.0_40\bin;C:\ProgramData\Oracle\Java\javapath;C:\Program Files (x86)\Intel\iCLS Client\;C:\Program Files\Intel\iCLS Client\;C:\windows\system32;C:\windows;C:\windows\System32\Wbem;C:\windows\System32\WindowsPowerShell\v1.0\;C:\Program Files\Intel\Intel(R) Management Engine Components\DAL;C:\Program Files\Intel\Intel(R) Management Engine Components\IPT;C:\Program Files (x86)\Intel\Intel(R) Management Engine Components\DAL;C:\Program Files (x86)\Intel\Intel(R) Management Engine Components\IPT;C:\Program Files (x86)\Intel\OpenCL SDK\3.0\bin\x86;C:\Program Files (x86)\Intel\OpenCL SDK\3.0\bin\x64;C:\Program Files (x86)\MATLAB\R2014b\runtime\win32;C:\Program Files (x86)\MATLAB\R2014b\bin;C:\Program Files\Java\jdk1.8.0_40\bin;C:\Program Files (x86)\Windows Kits\8.1\Windows Performance Toolkit\;C:\Program Files\Microsoft SQL Server\110\Tools\Binn\;C:\Program Files (x86)\Microsoft SDKs\TypeScript\1.0\;C:\Program Files\Microsoft SQL Server\120\Tools\Binn\;C:\Program Files\nodejs\;C:\windows\system32\config\systemprofile\.dnx\bin;C:\Program Files\Microsoft DNX\Dnvm\;C:\Program Files\Microsoft SQL Server\130\Tools\Binn\;C:\Program Files\Java\jdk1.8.0_40\bin;D:\goweb\apache-tomcat-9.0.0.M10\apache-tomcat-9.0.0.M10\bin;C:\Program Files\MySQL\MySQL Utilities 1.6\;C:\Program Files\PuTTY\;C:\Program Files\Java\jdk1.8.0_40\bin;C:\Users\user\AppData\Roaming\npm;C:\Python27;D:\ex2;.]
12-Oct-2017 14:04:36.717 정보 [main] org.apache.coyote.AbstractProtocol.init Initializing ProtocolHandler ["http-nio-8080"]
12-Oct-2017 14:04:37.107 정보 [main] org.apache.tomcat.util.net.NioSelectorPool.getSharedSelector Using a shared selector for servlet write/read
12-Oct-2017 14:04:37.107 정보 [main] org.apache.coyote.AbstractProtocol.init Initializing ProtocolHandler ["ajp-nio-8009"]
12-Oct-2017 14:04:37.122 정보 [main] org.apache.tomcat.util.net.NioSelectorPool.getSharedSelector Using a shared selector for servlet write/read
12-Oct-2017 14:04:37.122 정보 [main] org.apache.catalina.startup.Catalina.load Initialization processed in 1952 ms
12-Oct-2017 14:04:37.200 정보 [main] org.apache.catalina.core.StandardService.startInternal Starting service [Catalina]
12-Oct-2017 14:04:37.200 정보 [main] org.apache.catalina.core.StandardEngine.startInternal Starting Servlet Engine: Apache Tomcat/9.0.0.M26
12-Oct-2017 14:04:37.231 정보 [main] org.apache.catalina.startup.HostConfig.deployDirectory Deploying web application directory [E:\2017_웹_서버_프로그래밍\apache-tomcat-9.0.0.M26\webapps\docs]
12-Oct-2017 14:04:37.933 정보 [main] org.apache.catalina.startup.HostConfig.deployDirectory Deployment of web application directory [E:\2017_웹_서버_프로그래밍\apache-tomcat-9.0.0.M26\webapps\docs] has finished in [702] ms
12-Oct-2017 14:04:37.949 정보 [main] org.apache.catalina.startup.HostConfig.deployDirectory Deploying web application directory [E:\2017_웹_서버_프로그래밍\apache-tomcat-9.0.0.M26\webapps\examples]
12-Oct-2017 14:04:39.322 정보 [main] org.apache.catalina.startup.HostConfig.deployDirectory Deployment of web application directory [E:\2017_웹_서버_프로그래밍\apache-tomcat-9.0.0.M26\webapps\examples] has finished in [1,373] ms
12-Oct-2017 14:04:39.322 정보 [main] org.apache.catalina.startup.HostConfig.deployDirectory Deploying web application directory [E:\2017_웹_서버_프로그래밍\apache-tomcat-9.0.0.M26\webapps\host-manager]
12-Oct-2017 14:04:39.415 정보 [main] org.apache.catalina.startup.HostConfig.deployDirectory Deployment of web application directory [E:\2017_웹_서버_프로그래밍\apache-tomcat-9.0.0.M26\webapps\host-manager] has finished in [93] ms
12-Oct-2017 14:04:39.415 정보 [main] org.apache.catalina.startup.HostConfig.deployDirectory Deploying web application directory [E:\2017_웹_서버_프로그래밍\apache-tomcat-9.0.0.M26\webapps\manager]
12-Oct-2017 14:04:39.493 정보 [main] org.apache.catalina.startup.HostConfig.deployDirectory Deployment of web application directory [E:\2017_웹_서버_프로그래밍\apache-tomcat-9.0.0.M26\webapps\manager] has finished in [78] ms
12-Oct-2017 14:04:39.509 정보 [main] org.apache.catalina.startup.HostConfig.deployDirectory Deploying web application directory [E:\2017_웹_서버_프로그래밍\apache-tomcat-9.0.0.M26\webapps\ROOT]
12-Oct-2017 14:04:39.628 정보 [main] org.apache.catalina.startup.HostConfig.deployDirectory Deployment of web application directory [E:\2017_웹_서버_프로그래밍\apache-tomcat-9.0.0.M26\webapps\ROOT] has finished in [119] ms
12-Oct-2017 14:04:39.628 정보 [main] org.apache.catalina.startup.HostConfig.deployDirectory Deploying web application directory [E:\2017_웹_서버_프로그래밍\apache-tomcat-9.0.0.M26\webapps\websrv]
12-Oct-2017 14:04:39.815 정보 [main] org.apache.catalina.startup.HostConfig.deployDirectory Deployment of web application directory [E:\2017_웹_서버_프로그래밍\apache-tomcat-9.0.0.M26\webapps\websrv] has finished in [187] ms
12-Oct-2017 14:04:39.815 정보 [main] org.apache.coyote.AbstractProtocol.start Starting ProtocolHandler ["http-nio-8080"]
12-Oct-2017 14:04:39.831 정보 [main] org.apache.coyote.AbstractProtocol.start Starting ProtocolHandler ["ajp-nio-8009"]
12-Oct-2017 14:04:39.831 정보 [main] org.apache.catalina.startup.Catalina.start Server startup in 2716 ms
12-Oct-2017 14:12:56.930 정보 [Thread-5] org.apache.coyote.AbstractProtocol.pause Pausing ProtocolHandler ["http-nio-8080"]
12-Oct-2017 14:12:57.179 정보 [Thread-5] org.apache.coyote.AbstractProtocol.pause Pausing ProtocolHandler ["ajp-nio-8009"]
12-Oct-2017 14:12:57.382 정보 [Thread-5] org.apache.catalina.core.StandardService.stopInternal Stopping service [Catalina]
12-Oct-2017 14:12:57.491 정보 [Thread-5] org.apache.coyote.AbstractProtocol.stop Stopping ProtocolHandler ["http-nio-8080"]
12-Oct-2017 14:12:57.491 정보 [Thread-5] org.apache.coyote.AbstractProtocol.stop Stopping ProtocolHandler ["ajp-nio-8009"]
12-Oct-2017 14:12:57.491 정보 [Thread-5] org.apache.coyote.AbstractProtocol.destroy Destroying ProtocolHandler ["http-nio-8080"]
12-Oct-2017 14:12:57.507 정보 [Thread-5] org.apache.coyote.AbstractProtocol.destroy Destroying ProtocolHandler ["ajp-nio-8009"]
12-Oct-2017 14:12:59.788 정보 [main] org.apache.catalina.startup.VersionLoggerListener.log Server version:        Apache Tomcat/9.0.0.M26
12-Oct-2017 14:12:59.803 정보 [main] org.apache.catalina.startup.VersionLoggerListener.log Server built:          Aug 2 2017 20:29:05 UTC
12-Oct-2017 14:12:59.803 정보 [main] org.apache.catalina.startup.VersionLoggerListener.log Server number:         9.0.0.0
12-Oct-2017 14:12:59.803 정보 [main] org.apache.catalina.startup.VersionLoggerListener.log OS Name:               Windows 7
12-Oct-2017 14:12:59.803 정보 [main] org.apache.catalina.startup.VersionLoggerListener.log OS Version:            6.1
12-Oct-2017 14:12:59.803 정보 [main] org.apache.catalina.startup.VersionLoggerListener.log Architecture:          amd64
12-Oct-2017 14:12:59.803 정보 [main] org.apache.catalina.startup.VersionLoggerListener.log Java Home:             C:\Program Files\Java\jdk1.8.0_40\jre
12-Oct-2017 14:12:59.803 정보 [main] org.apache.catalina.startup.VersionLoggerListener.log JVM Version:           1.8.0_40-b26
12-Oct-2017 14:12:59.819 정보 [main] org.apache.catalina.startup.VersionLoggerListener.log JVM Vendor:            Oracle Corporation
12-Oct-2017 14:12:59.819 정보 [main] org.apache.catalina.startup.VersionLoggerListener.log CATALINA_BASE:         E:\2017_웹_서버_프로그래밍\apache-tomcat-9.0.0.M26
12-Oct-2017 14:12:59.819 정보 [main] org.apache.catalina.startup.VersionLoggerListener.log CATALINA_HOME:         E:\2017_웹_서버_프로그래밍\apache-tomcat-9.0.0.M26
12-Oct-2017 14:12:59.819 정보 [main] org.apache.catalina.startup.VersionLoggerListener.log Command line argument: -Djava.util.logging.config.file=E:\2017_웹_서버_프로그래밍\apache-tomcat-9.0.0.M26\conf\logging.properties
12-Oct-2017 14:12:59.819 정보 [main] org.apache.catalina.startup.VersionLoggerListener.log Command line argument: -Djava.util.logging.manager=org.apache.juli.ClassLoaderLogManager
12-Oct-2017 14:12:59.819 정보 [main] org.apache.catalina.startup.VersionLoggerListener.log Command line argument: -Djdk.tls.ephemeralDHKeySize=2048
12-Oct-2017 14:12:59.819 정보 [main] org.apache.catalina.startup.VersionLoggerListener.log Command line argument: -Djava.protocol.handler.pkgs=org.apache.catalina.webresources
12-Oct-2017 14:12:59.819 정보 [main] org.apache.catalina.startup.VersionLoggerListener.log Command line argument: -Dcatalina.base=E:\2017_웹_서버_프로그래밍\apache-tomcat-9.0.0.M26
12-Oct-2017 14:12:59.834 정보 [main] org.apache.catalina.startup.VersionLoggerListener.log Command line argument: -Dcatalina.home=E:\2017_웹_서버_프로그래밍\apache-tomcat-9.0.0.M26
12-Oct-2017 14:12:59.834 정보 [main] org.apache.catalina.startup.VersionLoggerListener.log Command line argument: -Djava.io.tmpdir=E:\2017_웹_서버_프로그래밍\apache-tomcat-9.0.0.M26\temp
12-Oct-2017 14:12:59.834 정보 [main] org.apache.catalina.core.AprLifecycleListener.lifecycleEvent The APR based Apache Tomcat Native library which allows optimal performance in production environments was not found on the java.library.path: [C:\Program Files\Java\jdk1.8.0_40\bin;C:\windows\Sun\Java\bin;C:\windows\system32;C:\windows;C:\Program Files\Java\jdk1.8.0_40\bin;C:\ProgramData\Oracle\Java\javapath;C:\Program Files (x86)\Intel\iCLS Client\;C:\Program Files\Intel\iCLS Client\;C:\windows\system32;C:\windows;C:\windows\System32\Wbem;C:\windows\System32\WindowsPowerShell\v1.0\;C:\Program Files\Intel\Intel(R) Management Engine Components\DAL;C:\Program Files\Intel\Intel(R) Management Engine Components\IPT;C:\Program Files (x86)\Intel\Intel(R) Management Engine Components\DAL;C:\Program Files (x86)\Intel\Intel(R) Management Engine Components\IPT;C:\Program Files (x86)\Intel\OpenCL SDK\3.0\bin\x86;C:\Program Files (x86)\Intel\OpenCL SDK\3.0\bin\x64;C:\Program Files (x86)\MATLAB\R2014b\runtime\win32;C:\Program Files (x86)\MATLAB\R2014b\bin;C:\Program Files\Java\jdk1.8.0_40\bin;C:\Program Files (x86)\Windows Kits\8.1\Windows Performance Toolkit\;C:\Program Files\Microsoft SQL Server\110\Tools\Binn\;C:\Program Files (x86)\Microsoft SDKs\TypeScript\1.0\;C:\Program Files\Microsoft SQL Server\120\Tools\Binn\;C:\Program Files\nodejs\;C:\windows\system32\config\systemprofile\.dnx\bin;C:\Program Files\Microsoft DNX\Dnvm\;C:\Program Files\Microsoft SQL Server\130\Tools\Binn\;C:\Program Files\Java\jdk1.8.0_40\bin;D:\goweb\apache-tomcat-9.0.0.M10\apache-tomcat-9.0.0.M10\bin;C:\Program Files\MySQL\MySQL Utilities 1.6\;C:\Program Files\PuTTY\;C:\Program Files\Java\jdk1.8.0_40\bin;C:\Users\user\AppData\Roaming\npm;C:\Python27;D:\ex2;.]
12-Oct-2017 14:12:59.944 정보 [main] org.apache.coyote.AbstractProtocol.init Initializing ProtocolHandler ["http-nio-8080"]
12-Oct-2017 14:12:59.975 정보 [main] org.apache.tomcat.util.net.NioSelectorPool.getSharedSelector Using a shared selector for servlet write/read
12-Oct-2017 14:12:59.975 정보 [main] org.apache.coyote.AbstractProtocol.init Initializing ProtocolHandler ["ajp-nio-8009"]
12-Oct-2017 14:12:59.990 정보 [main] org.apache.tomcat.util.net.NioSelectorPool.getSharedSelector Using a shared selector for servlet write/read
12-Oct-2017 14:12:59.990 정보 [main] org.apache.catalina.startup.Catalina.load Initialization processed in 495 ms
12-Oct-2017 14:13:00.022 정보 [main] org.apache.catalina.core.StandardService.startInternal Starting service [Catalina]
12-Oct-2017 14:13:00.022 정보 [main] org.apache.catalina.core.StandardEngine.startInternal Starting Servlet Engine: Apache Tomcat/9.0.0.M26
12-Oct-2017 14:13:00.037 정보 [main] org.apache.catalina.startup.HostConfig.deployDirectory Deploying web application directory [E:\2017_웹_서버_프로그래밍\apache-tomcat-9.0.0.M26\webapps\docs]
12-Oct-2017 14:13:00.443 정보 [main] org.apache.catalina.startup.HostConfig.deployDirectory Deployment of web application directory [E:\2017_웹_서버_프로그래밍\apache-tomcat-9.0.0.M26\webapps\docs] has finished in [406] ms
12-Oct-2017 14:13:00.443 정보 [main] org.apache.catalina.startup.HostConfig.deployDirectory Deploying web application directory [E:\2017_웹_서버_프로그래밍\apache-tomcat-9.0.0.M26\webapps\examples]
12-Oct-2017 14:13:01.613 정보 [main] org.apache.catalina.startup.HostConfig.deployDirectory Deployment of web application directory [E:\2017_웹_서버_프로그래밍\apache-tomcat-9.0.0.M26\webapps\examples] has finished in [1,170] ms
12-Oct-2017 14:13:01.613 정보 [main] org.apache.catalina.startup.HostConfig.deployDirectory Deploying web application directory [E:\2017_웹_서버_프로그래밍\apache-tomcat-9.0.0.M26\webapps\host-manager]
12-Oct-2017 14:13:01.691 정보 [main] org.apache.catalina.startup.HostConfig.deployDirectory Deployment of web application directory [E:\2017_웹_서버_프로그래밍\apache-tomcat-9.0.0.M26\webapps\host-manager] has finished in [78] ms
12-Oct-2017 14:13:01.706 정보 [main] org.apache.catalina.startup.HostConfig.deployDirectory Deploying web application directory [E:\2017_웹_서버_프로그래밍\apache-tomcat-9.0.0.M26\webapps\manager]
12-Oct-2017 14:13:01.769 정보 [main] org.apache.catalina.startup.HostConfig.deployDirectory Deployment of web application directory [E:\2017_웹_서버_프로그래밍\apache-tomcat-9.0.0.M26\webapps\manager] has finished in [63] ms
12-Oct-2017 14:13:01.769 정보 [main] org.apache.catalina.startup.HostConfig.deployDirectory Deploying web application directory [E:\2017_웹_서버_프로그래밍\apache-tomcat-9.0.0.M26\webapps\ROOT]
12-Oct-2017 14:13:01.831 정보 [main] org.apache.catalina.startup.HostConfig.deployDirectory Deployment of web application directory [E:\2017_웹_서버_프로그래밍\apache-tomcat-9.0.0.M26\webapps\ROOT] has finished in [62] ms
12-Oct-2017 14:13:01.847 정보 [main] org.apache.catalina.startup.HostConfig.deployDirectory Deploying web application directory [E:\2017_웹_서버_프로그래밍\apache-tomcat-9.0.0.M26\webapps\websrv]
12-Oct-2017 14:13:01.972 정보 [main] org.apache.catalina.startup.HostConfig.deployDirectory Deployment of web application directory [E:\2017_웹_서버_프로그래밍\apache-tomcat-9.0.0.M26\webapps\websrv] has finished in [125] ms
12-Oct-2017 14:13:01.972 정보 [main] org.apache.coyote.AbstractProtocol.start Starting ProtocolHandler ["http-nio-8080"]
12-Oct-2017 14:13:01.987 정보 [main] org.apache.coyote.AbstractProtocol.start Starting ProtocolHandler ["ajp-nio-8009"]
12-Oct-2017 14:13:01.987 정보 [main] org.apache.catalina.startup.Catalina.start Server startup in 2002 ms
12-Oct-2017 15:56:00.712 정보 [Thread-5] org.apache.coyote.AbstractProtocol.pause Pausing ProtocolHandler ["http-nio-8080"]
12-Oct-2017 15:56:00.933 정보 [Thread-5] org.apache.coyote.AbstractProtocol.pause Pausing ProtocolHandler ["ajp-nio-8009"]
12-Oct-2017 15:56:01.119 정보 [Thread-5] org.apache.catalina.core.StandardService.stopInternal Stopping service [Catalina]
12-Oct-2017 15:56:01.161 정보 [Thread-5] org.apache.coyote.AbstractProtocol.stop Stopping ProtocolHandler ["http-nio-8080"]
12-Oct-2017 15:56:01.164 정보 [Thread-5] org.apache.coyote.AbstractProtocol.stop Stopping ProtocolHandler ["ajp-nio-8009"]
12-Oct-2017 15:56:01.167 정보 [Thread-5] org.apache.coyote.AbstractProtocol.destroy Destroying ProtocolHandler ["http-nio-8080"]
12-Oct-2017 15:56:01.170 정보 [Thread-5] org.apache.coyote.AbstractProtocol.destroy Destroying ProtocolHandler ["ajp-nio-8009"]
12-Oct-2017 15:56:03.452 정보 [main] org.apache.catalina.startup.VersionLoggerListener.log Server version:        Apache Tomcat/9.0.0.M26
12-Oct-2017 15:56:03.455 정보 [main] org.apache.catalina.startup.VersionLoggerListener.log Server built:          Aug 2 2017 20:29:05 UTC
12-Oct-2017 15:56:03.457 정보 [main] org.apache.catalina.startup.VersionLoggerListener.log Server number:         9.0.0.0
12-Oct-2017 15:56:03.459 정보 [main] org.apache.catalina.startup.VersionLoggerListener.log OS Name:               Windows 7
12-Oct-2017 15:56:03.461 정보 [main] org.apache.catalina.startup.VersionLoggerListener.log OS Version:            6.1
12-Oct-2017 15:56:03.463 정보 [main] org.apache.catalina.startup.VersionLoggerListener.log Architecture:          amd64
12-Oct-2017 15:56:03.464 정보 [main] org.apache.catalina.startup.VersionLoggerListener.log Java Home:             C:\Program Files\Java\jdk1.8.0_40\jre
12-Oct-2017 15:56:03.467 정보 [main] org.apache.catalina.startup.VersionLoggerListener.log JVM Version:           1.8.0_40-b26
12-Oct-2017 15:56:03.468 정보 [main] org.apache.catalina.startup.VersionLoggerListener.log JVM Vendor:            Oracle Corporation
12-Oct-2017 15:56:03.470 정보 [main] org.apache.catalina.startup.VersionLoggerListener.log CATALINA_BASE:         E:\2017_웹_서버_프로그래밍\apache-tomcat-9.0.0.M26
12-Oct-2017 15:56:03.472 정보 [main] org.apache.catalina.startup.VersionLoggerListener.log CATALINA_HOME:         E:\2017_웹_서버_프로그래밍\apache-tomcat-9.0.0.M26
12-Oct-2017 15:56:03.474 정보 [main] org.apache.catalina.startup.VersionLoggerListener.log Command line argument: -Djava.util.logging.config.file=E:\2017_웹_서버_프로그래밍\apache-tomcat-9.0.0.M26\conf\logging.properties
12-Oct-2017 15:56:03.476 정보 [main] org.apache.catalina.startup.VersionLoggerListener.log Command line argument: -Djava.util.logging.manager=org.apache.juli.ClassLoaderLogManager
12-Oct-2017 15:56:03.478 정보 [main] org.apache.catalina.startup.VersionLoggerListener.log Command line argument: -Djdk.tls.ephemeralDHKeySize=2048
12-Oct-2017 15:56:03.480 정보 [main] org.apache.catalina.startup.VersionLoggerListener.log Command line argument: -Djava.protocol.handler.pkgs=org.apache.catalina.webresources
12-Oct-2017 15:56:03.482 정보 [main] org.apache.catalina.startup.VersionLoggerListener.log Command line argument: -Dcatalina.base=E:\2017_웹_서버_프로그래밍\apache-tomcat-9.0.0.M26
12-Oct-2017 15:56:03.484 정보 [main] org.apache.catalina.startup.VersionLoggerListener.log Command line argument: -Dcatalina.home=E:\2017_웹_서버_프로그래밍\apache-tomcat-9.0.0.M26
12-Oct-2017 15:56:03.486 정보 [main] org.apache.catalina.startup.VersionLoggerListener.log Command line argument: -Djava.io.tmpdir=E:\2017_웹_서버_프로그래밍\apache-tomcat-9.0.0.M26\temp
12-Oct-2017 15:56:03.488 정보 [main] org.apache.catalina.core.AprLifecycleListener.lifecycleEvent The APR based Apache Tomcat Native library which allows optimal performance in production environments was not found on the java.library.path: [C:\Program Files\Java\jdk1.8.0_40\bin;C:\windows\Sun\Java\bin;C:\windows\system32;C:\windows;C:\Program Files\Java\jdk1.8.0_40\bin;C:\ProgramData\Oracle\Java\javapath;C:\Program Files (x86)\Intel\iCLS Client\;C:\Program Files\Intel\iCLS Client\;C:\windows\system32;C:\windows;C:\windows\System32\Wbem;C:\windows\System32\WindowsPowerShell\v1.0\;C:\Program Files\Intel\Intel(R) Management Engine Components\DAL;C:\Program Files\Intel\Intel(R) Management Engine Components\IPT;C:\Program Files (x86)\Intel\Intel(R) Management Engine Components\DAL;C:\Program Files (x86)\Intel\Intel(R) Management Engine Components\IPT;C:\Program Files (x86)\Intel\OpenCL SDK\3.0\bin\x86;C:\Program Files (x86)\Intel\OpenCL SDK\3.0\bin\x64;C:\Program Files (x86)\MATLAB\R2014b\runtime\win32;C:\Program Files (x86)\MATLAB\R2014b\bin;C:\Program Files\Java\jdk1.8.0_40\bin;C:\Program Files (x86)\Windows Kits\8.1\Windows Performance Toolkit\;C:\Program Files\Microsoft SQL Server\110\Tools\Binn\;C:\Program Files (x86)\Microsoft SDKs\TypeScript\1.0\;C:\Program Files\Microsoft SQL Server\120\Tools\Binn\;C:\Program Files\nodejs\;C:\windows\system32\config\systemprofile\.dnx\bin;C:\Program Files\Microsoft DNX\Dnvm\;C:\Program Files\Microsoft SQL Server\130\Tools\Binn\;C:\Program Files\Java\jdk1.8.0_40\bin;D:\goweb\apache-tomcat-9.0.0.M10\apache-tomcat-9.0.0.M10\bin;C:\Program Files\MySQL\MySQL Utilities 1.6\;C:\Program Files\PuTTY\;C:\Program Files\Java\jdk1.8.0_40\bin;C:\Users\user\AppData\Roaming\npm;C:\Python27;D:\ex2;.]
12-Oct-2017 15:56:03.659 정보 [main] org.apache.coyote.AbstractProtocol.init Initializing ProtocolHandler ["http-nio-8080"]
12-Oct-2017 15:56:03.695 정보 [main] org.apache.tomcat.util.net.NioSelectorPool.getSharedSelector Using a shared selector for servlet write/read
12-Oct-2017 15:56:03.699 정보 [main] org.apache.coyote.AbstractProtocol.init Initializing ProtocolHandler ["ajp-nio-8009"]
12-Oct-2017 15:56:03.704 정보 [main] org.apache.tomcat.util.net.NioSelectorPool.getSharedSelector Using a shared selector for servlet write/read
12-Oct-2017 15:56:03.706 정보 [main] org.apache.catalina.startup.Catalina.load Initialization processed in 555 ms
12-Oct-2017 15:56:03.747 정보 [main] org.apache.catalina.core.StandardService.startInternal Starting service [Catalina]
12-Oct-2017 15:56:03.749 정보 [main] org.apache.catalina.core.StandardEngine.startInternal Starting Servlet Engine: Apache Tomcat/9.0.0.M26
12-Oct-2017 15:56:03.764 정보 [main] org.apache.catalina.startup.HostConfig.deployDirectory Deploying web application directory [E:\2017_웹_서버_프로그래밍\apache-tomcat-9.0.0.M26\webapps\docs]
12-Oct-2017 15:56:04.522 정보 [main] org.apache.jasper.servlet.TldScanner.scanJars At least one JAR was scanned for TLDs yet contained no TLDs. Enable debug logging for this logger for a complete list of JARs that were scanned but no TLDs were found in them. Skipping unneeded JARs during scanning can improve startup time and JSP compilation time.
12-Oct-2017 15:56:04.685 정보 [main] org.apache.catalina.startup.HostConfig.deployDirectory Deployment of web application directory [E:\2017_웹_서버_프로그래밍\apache-tomcat-9.0.0.M26\webapps\docs] has finished in [921] ms
12-Oct-2017 15:56:04.688 정보 [main] org.apache.catalina.startup.HostConfig.deployDirectory Deploying web application directory [E:\2017_웹_서버_프로그래밍\apache-tomcat-9.0.0.M26\webapps\examples]
12-Oct-2017 15:56:06.487 정보 [main] org.apache.jasper.servlet.TldScanner.scanJars At least one JAR was scanned for TLDs yet contained no TLDs. Enable debug logging for this logger for a complete list of JARs that were scanned but no TLDs were found in them. Skipping unneeded JARs during scanning can improve startup time and JSP compilation time.
12-Oct-2017 15:56:06.635 정보 [main] org.apache.catalina.startup.HostConfig.deployDirectory Deployment of web application directory [E:\2017_웹_서버_프로그래밍\apache-tomcat-9.0.0.M26\webapps\examples] has finished in [1,947] ms
12-Oct-2017 15:56:06.637 정보 [main] org.apache.catalina.startup.HostConfig.deployDirectory Deploying web application directory [E:\2017_웹_서버_프로그래밍\apache-tomcat-9.0.0.M26\webapps\host-manager]
12-Oct-2017 15:56:07.071 정보 [main] org.apache.jasper.servlet.TldScanner.scanJars At least one JAR was scanned for TLDs yet contained no TLDs. Enable debug logging for this logger for a complete list of JARs that were scanned but no TLDs were found in them. Skipping unneeded JARs during scanning can improve startup time and JSP compilation time.
12-Oct-2017 15:56:07.084 정보 [main] org.apache.catalina.startup.HostConfig.deployDirectory Deployment of web application directory [E:\2017_웹_서버_프로그래밍\apache-tomcat-9.0.0.M26\webapps\host-manager] has finished in [447] ms
12-Oct-2017 15:56:07.087 정보 [main] org.apache.catalina.startup.HostConfig.deployDirectory Deploying web application directory [E:\2017_웹_서버_프로그래밍\apache-tomcat-9.0.0.M26\webapps\manager]
12-Oct-2017 15:56:07.520 정보 [main] org.apache.jasper.servlet.TldScanner.scanJars At least one JAR was scanned for TLDs yet contained no TLDs. Enable debug logging for this logger for a complete list of JARs that were scanned but no TLDs were found in them. Skipping unneeded JARs during scanning can improve startup time and JSP compilation time.
12-Oct-2017 15:56:07.529 정보 [main] org.apache.catalina.startup.HostConfig.deployDirectory Deployment of web application directory [E:\2017_웹_서버_프로그래밍\apache-tomcat-9.0.0.M26\webapps\manager] has finished in [443] ms
12-Oct-2017 15:56:07.531 정보 [main] org.apache.catalina.startup.HostConfig.deployDirectory Deploying web application directory [E:\2017_웹_서버_프로그래밍\apache-tomcat-9.0.0.M26\webapps\ROOT]
12-Oct-2017 15:56:07.950 정보 [main] org.apache.jasper.servlet.TldScanner.scanJars At least one JAR was scanned for TLDs yet contained no TLDs. Enable debug logging for this logger for a complete list of JARs that were scanned but no TLDs were found in them. Skipping unneeded JARs during scanning can improve startup time and JSP compilation time.
12-Oct-2017 15:56:07.959 정보 [main] org.apache.catalina.startup.HostConfig.deployDirectory Deployment of web application directory [E:\2017_웹_서버_프로그래밍\apache-tomcat-9.0.0.M26\webapps\ROOT] has finished in [428] ms
12-Oct-2017 15:56:07.962 정보 [main] org.apache.catalina.startup.HostConfig.deployDirectory Deploying web application directory [E:\2017_웹_서버_프로그래밍\apache-tomcat-9.0.0.M26\webapps\websrv]
12-Oct-2017 15:56:08.470 정보 [main] org.apache.jasper.servlet.TldScanner.scanJars At least one JAR was scanned for TLDs yet contained no TLDs. Enable debug logging for this logger for a complete list of JARs that were scanned but no TLDs were found in them. Skipping unneeded JARs during scanning can improve startup time and JSP compilation time.
12-Oct-2017 15:56:08.483 정보 [main] org.apache.catalina.startup.HostConfig.deployDirectory Deployment of web application directory [E:\2017_웹_서버_프로그래밍\apache-tomcat-9.0.0.M26\webapps\websrv] has finished in [522] ms
12-Oct-2017 15:56:08.488 정보 [main] org.apache.coyote.AbstractProtocol.start Starting ProtocolHandler ["http-nio-8080"]
12-Oct-2017 15:56:08.502 정보 [main] org.apache.coyote.AbstractProtocol.start Starting ProtocolHandler ["ajp-nio-8009"]
12-Oct-2017 15:56:08.508 정보 [main] org.apache.catalina.startup.Catalina.start Server startup in 4800 ms
12-Oct-2017 15:57:42.774 정보 [Thread-5] org.apache.coyote.AbstractProtocol.pause Pausing ProtocolHandler ["http-nio-8080"]
12-Oct-2017 15:57:42.925 정보 [Thread-5] org.apache.coyote.AbstractProtocol.pause Pausing ProtocolHandler ["ajp-nio-8009"]
12-Oct-2017 15:57:43.153 정보 [Thread-5] org.apache.catalina.core.StandardService.stopInternal Stopping service [Catalina]
12-Oct-2017 15:57:43.289 정보 [Thread-5] org.apache.coyote.AbstractProtocol.stop Stopping ProtocolHandler ["http-nio-8080"]
12-Oct-2017 15:57:43.293 정보 [Thread-5] org.apache.coyote.AbstractProtocol.stop Stopping ProtocolHandler ["ajp-nio-8009"]
12-Oct-2017 15:57:43.297 정보 [Thread-5] org.apache.coyote.AbstractProtocol.destroy Destroying ProtocolHandler ["http-nio-8080"]
12-Oct-2017 15:57:43.300 정보 [Thread-5] org.apache.coyote.AbstractProtocol.destroy Destroying ProtocolHandler ["ajp-nio-8009"]
12-Oct-2017 15:57:45.244 정보 [main] org.apache.catalina.startup.VersionLoggerListener.log Server version:        Apache Tomcat/9.0.0.M26
12-Oct-2017 15:57:45.247 정보 [main] org.apache.catalina.startup.VersionLoggerListener.log Server built:          Aug 2 2017 20:29:05 UTC
12-Oct-2017 15:57:45.249 정보 [main] org.apache.catalina.startup.VersionLoggerListener.log Server number:         9.0.0.0
12-Oct-2017 15:57:45.250 정보 [main] org.apache.catalina.startup.VersionLoggerListener.log OS Name:               Windows 7
12-Oct-2017 15:57:45.252 정보 [main] org.apache.catalina.startup.VersionLoggerListener.log OS Version:            6.1
12-Oct-2017 15:57:45.254 정보 [main] org.apache.catalina.startup.VersionLoggerListener.log Architecture:          amd64
12-Oct-2017 15:57:45.255 정보 [main] org.apache.catalina.startup.VersionLoggerListener.log Java Home:             C:\Program Files\Java\jdk1.8.0_40\jre
12-Oct-2017 15:57:45.258 정보 [main] org.apache.catalina.startup.VersionLoggerListener.log JVM Version:           1.8.0_40-b26
12-Oct-2017 15:57:45.259 정보 [main] org.apache.catalina.startup.VersionLoggerListener.log JVM Vendor:            Oracle Corporation
12-Oct-2017 15:57:45.261 정보 [main] org.apache.catalina.startup.VersionLoggerListener.log CATALINA_BASE:         E:\2017_웹_서버_프로그래밍\apache-tomcat-9.0.0.M26
12-Oct-2017 15:57:45.263 정보 [main] org.apache.catalina.startup.VersionLoggerListener.log CATALINA_HOME:         E:\2017_웹_서버_프로그래밍\apache-tomcat-9.0.0.M26
12-Oct-2017 15:57:45.265 정보 [main] org.apache.catalina.startup.VersionLoggerListener.log Command line argument: -Djava.util.logging.config.file=E:\2017_웹_서버_프로그래밍\apache-tomcat-9.0.0.M26\conf\logging.properties
12-Oct-2017 15:57:45.267 정보 [main] org.apache.catalina.startup.VersionLoggerListener.log Command line argument: -Djava.util.logging.manager=org.apache.juli.ClassLoaderLogManager
12-Oct-2017 15:57:45.269 정보 [main] org.apache.catalina.startup.VersionLoggerListener.log Command line argument: -Djdk.tls.ephemeralDHKeySize=2048
12-Oct-2017 15:57:45.271 정보 [main] org.apache.catalina.startup.VersionLoggerListener.log Command line argument: -Djava.protocol.handler.pkgs=org.apache.catalina.webresources
12-Oct-2017 15:57:45.273 정보 [main] org.apache.catalina.startup.VersionLoggerListener.log Command line argument: -Dcatalina.base=E:\2017_웹_서버_프로그래밍\apache-tomcat-9.0.0.M26
12-Oct-2017 15:57:45.275 정보 [main] org.apache.catalina.startup.VersionLoggerListener.log Command line argument: -Dcatalina.home=E:\2017_웹_서버_프로그래밍\apache-tomcat-9.0.0.M26
12-Oct-2017 15:57:45.276 정보 [main] org.apache.catalina.startup.VersionLoggerListener.log Command line argument: -Djava.io.tmpdir=E:\2017_웹_서버_프로그래밍\apache-tomcat-9.0.0.M26\temp
12-Oct-2017 15:57:45.278 정보 [main] org.apache.catalina.core.AprLifecycleListener.lifecycleEvent The APR based Apache Tomcat Native library which allows optimal performance in production environments was not found on the java.library.path: [C:\Program Files\Java\jdk1.8.0_40\bin;C:\windows\Sun\Java\bin;C:\windows\system32;C:\windows;C:\Program Files\Java\jdk1.8.0_40\bin;C:\ProgramData\Oracle\Java\javapath;C:\Program Files (x86)\Intel\iCLS Client\;C:\Program Files\Intel\iCLS Client\;C:\windows\system32;C:\windows;C:\windows\System32\Wbem;C:\windows\System32\WindowsPowerShell\v1.0\;C:\Program Files\Intel\Intel(R) Management Engine Components\DAL;C:\Program Files\Intel\Intel(R) Management Engine Components\IPT;C:\Program Files (x86)\Intel\Intel(R) Management Engine Components\DAL;C:\Program Files (x86)\Intel\Intel(R) Management Engine Components\IPT;C:\Program Files (x86)\Intel\OpenCL SDK\3.0\bin\x86;C:\Program Files (x86)\Intel\OpenCL SDK\3.0\bin\x64;C:\Program Files (x86)\MATLAB\R2014b\runtime\win32;C:\Program Files (x86)\MATLAB\R2014b\bin;C:\Program Files\Java\jdk1.8.0_40\bin;C:\Program Files (x86)\Windows Kits\8.1\Windows Performance Toolkit\;C:\Program Files\Microsoft SQL Server\110\Tools\Binn\;C:\Program Files (x86)\Microsoft SDKs\TypeScript\1.0\;C:\Program Files\Microsoft SQL Server\120\Tools\Binn\;C:\Program Files\nodejs\;C:\windows\system32\config\systemprofile\.dnx\bin;C:\Program Files\Microsoft DNX\Dnvm\;C:\Program Files\Microsoft SQL Server\130\Tools\Binn\;C:\Program Files\Java\jdk1.8.0_40\bin;D:\goweb\apache-tomcat-9.0.0.M10\apache-tomcat-9.0.0.M10\bin;C:\Program Files\MySQL\MySQL Utilities 1.6\;C:\Program Files\PuTTY\;C:\Program Files\Java\jdk1.8.0_40\bin;C:\Users\user\AppData\Roaming\npm;C:\Python27;D:\ex2;.]
12-Oct-2017 15:57:45.395 정보 [main] org.apache.coyote.AbstractProtocol.init Initializing ProtocolHandler ["http-nio-8080"]
12-Oct-2017 15:57:45.431 정보 [main] org.apache.tomcat.util.net.NioSelectorPool.getSharedSelector Using a shared selector for servlet write/read
12-Oct-2017 15:57:45.436 정보 [main] org.apache.coyote.AbstractProtocol.init Initializing ProtocolHandler ["ajp-nio-8009"]
12-Oct-2017 15:57:45.441 정보 [main] org.apache.tomcat.util.net.NioSelectorPool.getSharedSelector Using a shared selector for servlet write/read
12-Oct-2017 15:57:45.443 정보 [main] org.apache.catalina.startup.Catalina.load Initialization processed in 498 ms
12-Oct-2017 15:57:45.477 정보 [main] org.apache.catalina.core.StandardService.startInternal Starting service [Catalina]
12-Oct-2017 15:57:45.479 정보 [main] org.apache.catalina.core.StandardEngine.startInternal Starting Servlet Engine: Apache Tomcat/9.0.0.M26
12-Oct-2017 15:57:45.493 정보 [main] org.apache.catalina.startup.HostConfig.deployDirectory Deploying web application directory [E:\2017_웹_서버_프로그래밍\apache-tomcat-9.0.0.M26\webapps\docs]
12-Oct-2017 15:57:46.184 정보 [main] org.apache.jasper.servlet.TldScanner.scanJars At least one JAR was scanned for TLDs yet contained no TLDs. Enable debug logging for this logger for a complete list of JARs that were scanned but no TLDs were found in them. Skipping unneeded JARs during scanning can improve startup time and JSP compilation time.
12-Oct-2017 15:57:46.335 정보 [main] org.apache.catalina.startup.HostConfig.deployDirectory Deployment of web application directory [E:\2017_웹_서버_프로그래밍\apache-tomcat-9.0.0.M26\webapps\docs] has finished in [841] ms
12-Oct-2017 15:57:46.338 정보 [main] org.apache.catalina.startup.HostConfig.deployDirectory Deploying web application directory [E:\2017_웹_서버_프로그래밍\apache-tomcat-9.0.0.M26\webapps\examples]
12-Oct-2017 15:57:47.751 정보 [main] org.apache.jasper.servlet.TldScanner.scanJars At least one JAR was scanned for TLDs yet contained no TLDs. Enable debug logging for this logger for a complete list of JARs that were scanned but no TLDs were found in them. Skipping unneeded JARs during scanning can improve startup time and JSP compilation time.
12-Oct-2017 15:57:47.870 정보 [main] org.apache.catalina.startup.HostConfig.deployDirectory Deployment of web application directory [E:\2017_웹_서버_프로그래밍\apache-tomcat-9.0.0.M26\webapps\examples] has finished in [1,532] ms
12-Oct-2017 15:57:47.873 정보 [main] org.apache.catalina.startup.HostConfig.deployDirectory Deploying web application directory [E:\2017_웹_서버_프로그래밍\apache-tomcat-9.0.0.M26\webapps\host-manager]
12-Oct-2017 15:57:48.312 정보 [main] org.apache.jasper.servlet.TldScanner.scanJars At least one JAR was scanned for TLDs yet contained no TLDs. Enable debug logging for this logger for a complete list of JARs that were scanned but no TLDs were found in them. Skipping unneeded JARs during scanning can improve startup time and JSP compilation time.
12-Oct-2017 15:57:48.325 정보 [main] org.apache.catalina.startup.HostConfig.deployDirectory Deployment of web application directory [E:\2017_웹_서버_프로그래밍\apache-tomcat-9.0.0.M26\webapps\host-manager] has finished in [452] ms
12-Oct-2017 15:57:48.328 정보 [main] org.apache.catalina.startup.HostConfig.deployDirectory Deploying web application directory [E:\2017_웹_서버_프로그래밍\apache-tomcat-9.0.0.M26\webapps\manager]
12-Oct-2017 15:57:48.791 정보 [main] org.apache.jasper.servlet.TldScanner.scanJars At least one JAR was scanned for TLDs yet contained no TLDs. Enable debug logging for this logger for a complete list of JARs that were scanned but no TLDs were found in them. Skipping unneeded JARs during scanning can improve startup time and JSP compilation time.
12-Oct-2017 15:57:48.799 정보 [main] org.apache.catalina.startup.HostConfig.deployDirectory Deployment of web application directory [E:\2017_웹_서버_프로그래밍\apache-tomcat-9.0.0.M26\webapps\manager] has finished in [471] ms
12-Oct-2017 15:57:48.802 정보 [main] org.apache.catalina.startup.HostConfig.deployDirectory Deploying web application directory [E:\2017_웹_서버_프로그래밍\apache-tomcat-9.0.0.M26\webapps\ROOT]
12-Oct-2017 15:57:49.216 정보 [main] org.apache.jasper.servlet.TldScanner.scanJars At least one JAR was scanned for TLDs yet contained no TLDs. Enable debug logging for this logger for a complete list of JARs that were scanned but no TLDs were found in them. Skipping unneeded JARs during scanning can improve startup time and JSP compilation time.
12-Oct-2017 15:57:49.225 정보 [main] org.apache.catalina.startup.HostConfig.deployDirectory Deployment of web application directory [E:\2017_웹_서버_프로그래밍\apache-tomcat-9.0.0.M26\webapps\ROOT] has finished in [422] ms
12-Oct-2017 15:57:49.227 정보 [main] org.apache.catalina.startup.HostConfig.deployDirectory Deploying web application directory [E:\2017_웹_서버_프로그래밍\apache-tomcat-9.0.0.M26\webapps\websrv]
12-Oct-2017 15:57:49.750 정보 [main] org.apache.jasper.servlet.TldScanner.scanJars At least one JAR was scanned for TLDs yet contained no TLDs. Enable debug logging for this logger for a complete list of JARs that were scanned but no TLDs were found in them. Skipping unneeded JARs during scanning can improve startup time and JSP compilation time.
12-Oct-2017 15:57:49.804 정보 [main] org.apache.catalina.startup.HostConfig.deployDirectory Deployment of web application directory [E:\2017_웹_서버_프로그래밍\apache-tomcat-9.0.0.M26\webapps\websrv] has finished in [577] ms
12-Oct-2017 15:57:49.809 정보 [main] org.apache.coyote.AbstractProtocol.start Starting ProtocolHandler ["http-nio-8080"]
12-Oct-2017 15:57:49.823 정보 [main] org.apache.coyote.AbstractProtocol.start Starting ProtocolHandler ["ajp-nio-8009"]
12-Oct-2017 15:57:49.829 정보 [main] org.apache.catalina.startup.Catalina.start Server startup in 4384 ms
12-Oct-2017 16:02:33.933 정보 [Thread-5] org.apache.coyote.AbstractProtocol.pause Pausing ProtocolHandler ["http-nio-8080"]
12-Oct-2017 16:02:34.168 정보 [Thread-5] org.apache.coyote.AbstractProtocol.pause Pausing ProtocolHandler ["ajp-nio-8009"]
12-Oct-2017 16:02:34.363 정보 [Thread-5] org.apache.catalina.core.StandardService.stopInternal Stopping service [Catalina]
12-Oct-2017 16:02:34.440 정보 [Thread-5] org.apache.coyote.AbstractProtocol.stop Stopping ProtocolHandler ["http-nio-8080"]
12-Oct-2017 16:02:34.445 정보 [Thread-5] org.apache.coyote.AbstractProtocol.stop Stopping ProtocolHandler ["ajp-nio-8009"]
12-Oct-2017 16:02:34.450 정보 [Thread-5] org.apache.coyote.AbstractProtocol.destroy Destroying ProtocolHandler ["http-nio-8080"]
12-Oct-2017 16:02:34.453 정보 [Thread-5] org.apache.coyote.AbstractProtocol.destroy Destroying ProtocolHandler ["ajp-nio-8009"]
12-Oct-2017 16:02:36.378 정보 [main] org.apache.catalina.startup.VersionLoggerListener.log Server version:        Apache Tomcat/9.0.0.M26
12-Oct-2017 16:02:36.381 정보 [main] org.apache.catalina.startup.VersionLoggerListener.log Server built:          Aug 2 2017 20:29:05 UTC
12-Oct-2017 16:02:36.383 정보 [main] org.apache.catalina.startup.VersionLoggerListener.log Server number:         9.0.0.0
12-Oct-2017 16:02:36.384 정보 [main] org.apache.catalina.startup.VersionLoggerListener.log OS Name:               Windows 7
12-Oct-2017 16:02:36.386 정보 [main] org.apache.catalina.startup.VersionLoggerListener.log OS Version:            6.1
12-Oct-2017 16:02:36.387 정보 [main] org.apache.catalina.startup.VersionLoggerListener.log Architecture:          amd64
12-Oct-2017 16:02:36.389 정보 [main] org.apache.catalina.startup.VersionLoggerListener.log Java Home:             C:\Program Files\Java\jdk1.8.0_40\jre
12-Oct-2017 16:02:36.391 정보 [main] org.apache.catalina.startup.VersionLoggerListener.log JVM Version:           1.8.0_40-b26
12-Oct-2017 16:02:36.393 정보 [main] org.apache.catalina.startup.VersionLoggerListener.log JVM Vendor:            Oracle Corporation
12-Oct-2017 16:02:36.394 정보 [main] org.apache.catalina.startup.VersionLoggerListener.log CATALINA_BASE:         E:\2017_웹_서버_프로그래밍\apache-tomcat-9.0.0.M26
12-Oct-2017 16:02:36.396 정보 [main] org.apache.catalina.startup.VersionLoggerListener.log CATALINA_HOME:         E:\2017_웹_서버_프로그래밍\apache-tomcat-9.0.0.M26
12-Oct-2017 16:02:36.398 정보 [main] org.apache.catalina.startup.VersionLoggerListener.log Command line argument: -Djava.util.logging.config.file=E:\2017_웹_서버_프로그래밍\apache-tomcat-9.0.0.M26\conf\logging.properties
12-Oct-2017 16:02:36.400 정보 [main] org.apache.catalina.startup.VersionLoggerListener.log Command line argument: -Djava.util.logging.manager=org.apache.juli.ClassLoaderLogManager
12-Oct-2017 16:02:36.402 정보 [main] org.apache.catalina.startup.VersionLoggerListener.log Command line argument: -Djdk.tls.ephemeralDHKeySize=2048
12-Oct-2017 16:02:36.404 정보 [main] org.apache.catalina.startup.VersionLoggerListener.log Command line argument: -Djava.protocol.handler.pkgs=org.apache.catalina.webresources
12-Oct-2017 16:02:36.405 정보 [main] org.apache.catalina.startup.VersionLoggerListener.log Command line argument: -Dcatalina.base=E:\2017_웹_서버_프로그래밍\apache-tomcat-9.0.0.M26
12-Oct-2017 16:02:36.407 정보 [main] org.apache.catalina.startup.VersionLoggerListener.log Command line argument: -Dcatalina.home=E:\2017_웹_서버_프로그래밍\apache-tomcat-9.0.0.M26
12-Oct-2017 16:02:36.409 정보 [main] org.apache.catalina.startup.VersionLoggerListener.log Command line argument: -Djava.io.tmpdir=E:\2017_웹_서버_프로그래밍\apache-tomcat-9.0.0.M26\temp
12-Oct-2017 16:02:36.411 정보 [main] org.apache.catalina.core.AprLifecycleListener.lifecycleEvent The APR based Apache Tomcat Native library which allows optimal performance in production environments was not found on the java.library.path: [C:\Program Files\Java\jdk1.8.0_40\bin;C:\windows\Sun\Java\bin;C:\windows\system32;C:\windows;C:\Program Files\Java\jdk1.8.0_40\bin;C:\ProgramData\Oracle\Java\javapath;C:\Program Files (x86)\Intel\iCLS Client\;C:\Program Files\Intel\iCLS Client\;C:\windows\system32;C:\windows;C:\windows\System32\Wbem;C:\windows\System32\WindowsPowerShell\v1.0\;C:\Program Files\Intel\Intel(R) Management Engine Components\DAL;C:\Program Files\Intel\Intel(R) Management Engine Components\IPT;C:\Program Files (x86)\Intel\Intel(R) Management Engine Components\DAL;C:\Program Files (x86)\Intel\Intel(R) Management Engine Components\IPT;C:\Program Files (x86)\Intel\OpenCL SDK\3.0\bin\x86;C:\Program Files (x86)\Intel\OpenCL SDK\3.0\bin\x64;C:\Program Files (x86)\MATLAB\R2014b\runtime\win32;C:\Program Files (x86)\MATLAB\R2014b\bin;C:\Program Files\Java\jdk1.8.0_40\bin;C:\Program Files (x86)\Windows Kits\8.1\Windows Performance Toolkit\;C:\Program Files\Microsoft SQL Server\110\Tools\Binn\;C:\Program Files (x86)\Microsoft SDKs\TypeScript\1.0\;C:\Program Files\Microsoft SQL Server\120\Tools\Binn\;C:\Program Files\nodejs\;C:\windows\system32\config\systemprofile\.dnx\bin;C:\Program Files\Microsoft DNX\Dnvm\;C:\Program Files\Microsoft SQL Server\130\Tools\Binn\;C:\Program Files\Java\jdk1.8.0_40\bin;D:\goweb\apache-tomcat-9.0.0.M10\apache-tomcat-9.0.0.M10\bin;C:\Program Files\MySQL\MySQL Utilities 1.6\;C:\Program Files\PuTTY\;C:\Program Files\Java\jdk1.8.0_40\bin;C:\Users\user\AppData\Roaming\npm;C:\Python27;D:\ex2;.]
12-Oct-2017 16:02:36.529 정보 [main] org.apache.coyote.AbstractProtocol.init Initializing ProtocolHandler ["http-nio-8080"]
12-Oct-2017 16:02:36.564 정보 [main] org.apache.tomcat.util.net.NioSelectorPool.getSharedSelector Using a shared selector for servlet write/read
12-Oct-2017 16:02:36.568 정보 [main] org.apache.coyote.AbstractProtocol.init Initializing ProtocolHandler ["ajp-nio-8009"]
12-Oct-2017 16:02:36.573 정보 [main] org.apache.tomcat.util.net.NioSelectorPool.getSharedSelector Using a shared selector for servlet write/read
12-Oct-2017 16:02:36.575 정보 [main] org.apache.catalina.startup.Catalina.load Initialization processed in 502 ms
12-Oct-2017 16:02:36.612 정보 [main] org.apache.catalina.core.StandardService.startInternal Starting service [Catalina]
12-Oct-2017 16:02:36.613 정보 [main] org.apache.catalina.core.StandardEngine.startInternal Starting Servlet Engine: Apache Tomcat/9.0.0.M26
12-Oct-2017 16:02:36.628 정보 [main] org.apache.catalina.startup.HostConfig.deployDirectory Deploying web application directory [E:\2017_웹_서버_프로그래밍\apache-tomcat-9.0.0.M26\webapps\docs]
12-Oct-2017 16:02:37.325 정보 [main] org.apache.jasper.servlet.TldScanner.scanJars At least one JAR was scanned for TLDs yet contained no TLDs. Enable debug logging for this logger for a complete list of JARs that were scanned but no TLDs were found in them. Skipping unneeded JARs during scanning can improve startup time and JSP compilation time.
12-Oct-2017 16:02:37.480 정보 [main] org.apache.catalina.startup.HostConfig.deployDirectory Deployment of web application directory [E:\2017_웹_서버_프로그래밍\apache-tomcat-9.0.0.M26\webapps\docs] has finished in [851] ms
12-Oct-2017 16:02:37.482 정보 [main] org.apache.catalina.startup.HostConfig.deployDirectory Deploying web application directory [E:\2017_웹_서버_프로그래밍\apache-tomcat-9.0.0.M26\webapps\examples]
12-Oct-2017 16:02:38.859 정보 [main] org.apache.jasper.servlet.TldScanner.scanJars At least one JAR was scanned for TLDs yet contained no TLDs. Enable debug logging for this logger for a complete list of JARs that were scanned but no TLDs were found in them. Skipping unneeded JARs during scanning can improve startup time and JSP compilation time.
12-Oct-2017 16:02:38.970 정보 [main] org.apache.catalina.startup.HostConfig.deployDirectory Deployment of web application directory [E:\2017_웹_서버_프로그래밍\apache-tomcat-9.0.0.M26\webapps\examples] has finished in [1,488] ms
12-Oct-2017 16:02:38.972 정보 [main] org.apache.catalina.startup.HostConfig.deployDirectory Deploying web application directory [E:\2017_웹_서버_프로그래밍\apache-tomcat-9.0.0.M26\webapps\host-manager]
12-Oct-2017 16:02:39.441 정보 [main] org.apache.jasper.servlet.TldScanner.scanJars At least one JAR was scanned for TLDs yet contained no TLDs. Enable debug logging for this logger for a complete list of JARs that were scanned but no TLDs were found in them. Skipping unneeded JARs during scanning can improve startup time and JSP compilation time.
12-Oct-2017 16:02:39.463 정보 [main] org.apache.catalina.startup.HostConfig.deployDirectory Deployment of web application directory [E:\2017_웹_서버_프로그래밍\apache-tomcat-9.0.0.M26\webapps\host-manager] has finished in [491] ms
12-Oct-2017 16:02:39.468 정보 [main] org.apache.catalina.startup.HostConfig.deployDirectory Deploying web application directory [E:\2017_웹_서버_프로그래밍\apache-tomcat-9.0.0.M26\webapps\manager]
12-Oct-2017 16:02:39.975 정보 [main] org.apache.jasper.servlet.TldScanner.scanJars At least one JAR was scanned for TLDs yet contained no TLDs. Enable debug logging for this logger for a complete list of JARs that were scanned but no TLDs were found in them. Skipping unneeded JARs during scanning can improve startup time and JSP compilation time.
12-Oct-2017 16:02:39.985 정보 [main] org.apache.catalina.startup.HostConfig.deployDirectory Deployment of web application directory [E:\2017_웹_서버_프로그래밍\apache-tomcat-9.0.0.M26\webapps\manager] has finished in [516] ms
12-Oct-2017 16:02:39.987 정보 [main] org.apache.catalina.startup.HostConfig.deployDirectory Deploying web application directory [E:\2017_웹_서버_프로그래밍\apache-tomcat-9.0.0.M26\webapps\ROOT]
12-Oct-2017 16:02:40.427 정보 [main] org.apache.jasper.servlet.TldScanner.scanJars At least one JAR was scanned for TLDs yet contained no TLDs. Enable debug logging for this logger for a complete list of JARs that were scanned but no TLDs were found in them. Skipping unneeded JARs during scanning can improve startup time and JSP compilation time.
12-Oct-2017 16:02:40.436 정보 [main] org.apache.catalina.startup.HostConfig.deployDirectory Deployment of web application directory [E:\2017_웹_서버_프로그래밍\apache-tomcat-9.0.0.M26\webapps\ROOT] has finished in [449] ms
12-Oct-2017 16:02:40.439 정보 [main] org.apache.catalina.startup.HostConfig.deployDirectory Deploying web application directory [E:\2017_웹_서버_프로그래밍\apache-tomcat-9.0.0.M26\webapps\websrv]
12-Oct-2017 16:02:41.069 정보 [main] org.apache.jasper.servlet.TldScanner.scanJars At least one JAR was scanned for TLDs yet contained no TLDs. Enable debug logging for this logger for a complete list of JARs that were scanned but no TLDs were found in them. Skipping unneeded JARs during scanning can improve startup time and JSP compilation time.
12-Oct-2017 16:02:41.107 정보 [main] org.apache.catalina.startup.HostConfig.deployDirectory Deployment of web application directory [E:\2017_웹_서버_프로그래밍\apache-tomcat-9.0.0.M26\webapps\websrv] has finished in [668] ms
12-Oct-2017 16:02:41.114 정보 [main] org.apache.coyote.AbstractProtocol.start Starting ProtocolHandler ["http-nio-8080"]
12-Oct-2017 16:02:41.132 정보 [main] org.apache.coyote.AbstractProtocol.start Starting ProtocolHandler ["ajp-nio-8009"]
12-Oct-2017 16:02:41.140 정보 [main] org.apache.catalina.startup.Catalina.start Server startup in 4563 ms
12-Oct-2017 16:03:59.364 정보 [Thread-5] org.apache.coyote.AbstractProtocol.pause Pausing ProtocolHandler ["http-nio-8080"]
12-Oct-2017 16:03:59.552 정보 [Thread-5] org.apache.coyote.AbstractProtocol.pause Pausing ProtocolHandler ["ajp-nio-8009"]
12-Oct-2017 16:03:59.741 정보 [Thread-5] org.apache.catalina.core.StandardService.stopInternal Stopping service [Catalina]
12-Oct-2017 16:03:59.818 정보 [Thread-5] org.apache.coyote.AbstractProtocol.stop Stopping ProtocolHandler ["http-nio-8080"]
12-Oct-2017 16:03:59.822 정보 [Thread-5] org.apache.coyote.AbstractProtocol.stop Stopping ProtocolHandler ["ajp-nio-8009"]
12-Oct-2017 16:03:59.826 정보 [Thread-5] org.apache.coyote.AbstractProtocol.destroy Destroying ProtocolHandler ["http-nio-8080"]
12-Oct-2017 16:03:59.829 정보 [Thread-5] org.apache.coyote.AbstractProtocol.destroy Destroying ProtocolHandler ["ajp-nio-8009"]
12-Oct-2017 16:04:01.910 정보 [main] org.apache.catalina.startup.VersionLoggerListener.log Server version:        Apache Tomcat/9.0.0.M26
12-Oct-2017 16:04:01.912 정보 [main] org.apache.catalina.startup.VersionLoggerListener.log Server built:          Aug 2 2017 20:29:05 UTC
12-Oct-2017 16:04:01.914 정보 [main] org.apache.catalina.startup.VersionLoggerListener.log Server number:         9.0.0.0
12-Oct-2017 16:04:01.915 정보 [main] org.apache.catalina.startup.VersionLoggerListener.log OS Name:               Windows 7
12-Oct-2017 16:04:01.917 정보 [main] org.apache.catalina.startup.VersionLoggerListener.log OS Version:            6.1
12-Oct-2017 16:04:01.918 정보 [main] org.apache.catalina.startup.VersionLoggerListener.log Architecture:          amd64
12-Oct-2017 16:04:01.920 정보 [main] org.apache.catalina.startup.VersionLoggerListener.log Java Home:             C:\Program Files\Java\jdk1.8.0_40\jre
12-Oct-2017 16:04:01.922 정보 [main] org.apache.catalina.startup.VersionLoggerListener.log JVM Version:           1.8.0_40-b26
12-Oct-2017 16:04:01.924 정보 [main] org.apache.catalina.startup.VersionLoggerListener.log JVM Vendor:            Oracle Corporation
12-Oct-2017 16:04:01.926 정보 [main] org.apache.catalina.startup.VersionLoggerListener.log CATALINA_BASE:         E:\2017_웹_서버_프로그래밍\apache-tomcat-9.0.0.M26
12-Oct-2017 16:04:01.927 정보 [main] org.apache.catalina.startup.VersionLoggerListener.log CATALINA_HOME:         E:\2017_웹_서버_프로그래밍\apache-tomcat-9.0.0.M26
12-Oct-2017 16:04:01.929 정보 [main] org.apache.catalina.startup.VersionLoggerListener.log Command line argument: -Djava.util.logging.config.file=E:\2017_웹_서버_프로그래밍\apache-tomcat-9.0.0.M26\conf\logging.properties
12-Oct-2017 16:04:01.932 정보 [main] org.apache.catalina.startup.VersionLoggerListener.log Command line argument: -Djava.util.logging.manager=org.apache.juli.ClassLoaderLogManager
12-Oct-2017 16:04:01.933 정보 [main] org.apache.catalina.startup.VersionLoggerListener.log Command line argument: -Djdk.tls.ephemeralDHKeySize=2048
12-Oct-2017 16:04:01.935 정보 [main] org.apache.catalina.startup.VersionLoggerListener.log Command line argument: -Djava.protocol.handler.pkgs=org.apache.catalina.webresources
12-Oct-2017 16:04:01.937 정보 [main] org.apache.catalina.startup.VersionLoggerListener.log Command line argument: -Dcatalina.base=E:\2017_웹_서버_프로그래밍\apache-tomcat-9.0.0.M26
12-Oct-2017 16:04:01.939 정보 [main] org.apache.catalina.startup.VersionLoggerListener.log Command line argument: -Dcatalina.home=E:\2017_웹_서버_프로그래밍\apache-tomcat-9.0.0.M26
12-Oct-2017 16:04:01.941 정보 [main] org.apache.catalina.startup.VersionLoggerListener.log Command line argument: -Djava.io.tmpdir=E:\2017_웹_서버_프로그래밍\apache-tomcat-9.0.0.M26\temp
12-Oct-2017 16:04:01.943 정보 [main] org.apache.catalina.core.AprLifecycleListener.lifecycleEvent The APR based Apache Tomcat Native library which allows optimal performance in production environments was not found on the java.library.path: [C:\Program Files\Java\jdk1.8.0_40\bin;C:\windows\Sun\Java\bin;C:\windows\system32;C:\windows;C:\Program Files\Java\jdk1.8.0_40\bin;C:\ProgramData\Oracle\Java\javapath;C:\Program Files (x86)\Intel\iCLS Client\;C:\Program Files\Intel\iCLS Client\;C:\windows\system32;C:\windows;C:\windows\System32\Wbem;C:\windows\System32\WindowsPowerShell\v1.0\;C:\Program Files\Intel\Intel(R) Management Engine Components\DAL;C:\Program Files\Intel\Intel(R) Management Engine Components\IPT;C:\Program Files (x86)\Intel\Intel(R) Management Engine Components\DAL;C:\Program Files (x86)\Intel\Intel(R) Management Engine Components\IPT;C:\Program Files (x86)\Intel\OpenCL SDK\3.0\bin\x86;C:\Program Files (x86)\Intel\OpenCL SDK\3.0\bin\x64;C:\Program Files (x86)\MATLAB\R2014b\runtime\win32;C:\Program Files (x86)\MATLAB\R2014b\bin;C:\Program Files\Java\jdk1.8.0_40\bin;C:\Program Files (x86)\Windows Kits\8.1\Windows Performance Toolkit\;C:\Program Files\Microsoft SQL Server\110\Tools\Binn\;C:\Program Files (x86)\Microsoft SDKs\TypeScript\1.0\;C:\Program Files\Microsoft SQL Server\120\Tools\Binn\;C:\Program Files\nodejs\;C:\windows\system32\config\systemprofile\.dnx\bin;C:\Program Files\Microsoft DNX\Dnvm\;C:\Program Files\Microsoft SQL Server\130\Tools\Binn\;C:\Program Files\Java\jdk1.8.0_40\bin;D:\goweb\apache-tomcat-9.0.0.M10\apache-tomcat-9.0.0.M10\bin;C:\Program Files\MySQL\MySQL Utilities 1.6\;C:\Program Files\PuTTY\;C:\Program Files\Java\jdk1.8.0_40\bin;C:\Users\user\AppData\Roaming\npm;C:\Python27;D:\ex2;.]
12-Oct-2017 16:04:02.060 정보 [main] org.apache.coyote.AbstractProtocol.init Initializing ProtocolHandler ["http-nio-8080"]
12-Oct-2017 16:04:02.096 정보 [main] org.apache.tomcat.util.net.NioSelectorPool.getSharedSelector Using a shared selector for servlet write/read
12-Oct-2017 16:04:02.100 정보 [main] org.apache.coyote.AbstractProtocol.init Initializing ProtocolHandler ["ajp-nio-8009"]
12-Oct-2017 16:04:02.105 정보 [main] org.apache.tomcat.util.net.NioSelectorPool.getSharedSelector Using a shared selector for servlet write/read
12-Oct-2017 16:04:02.107 정보 [main] org.apache.catalina.startup.Catalina.load Initialization processed in 516 ms
12-Oct-2017 16:04:02.151 정보 [main] org.apache.catalina.core.StandardService.startInternal Starting service [Catalina]
12-Oct-2017 16:04:02.153 정보 [main] org.apache.catalina.core.StandardEngine.startInternal Starting Servlet Engine: Apache Tomcat/9.0.0.M26
12-Oct-2017 16:04:02.167 정보 [main] org.apache.catalina.startup.HostConfig.deployDirectory Deploying web application directory [E:\2017_웹_서버_프로그래밍\apache-tomcat-9.0.0.M26\webapps\docs]
12-Oct-2017 16:04:02.860 정보 [main] org.apache.jasper.servlet.TldScanner.scanJars At least one JAR was scanned for TLDs yet contained no TLDs. Enable debug logging for this logger for a complete list of JARs that were scanned but no TLDs were found in them. Skipping unneeded JARs during scanning can improve startup time and JSP compilation time.
12-Oct-2017 16:04:03.012 정보 [main] org.apache.catalina.startup.HostConfig.deployDirectory Deployment of web application directory [E:\2017_웹_서버_프로그래밍\apache-tomcat-9.0.0.M26\webapps\docs] has finished in [844] ms
12-Oct-2017 16:04:03.014 정보 [main] org.apache.catalina.startup.HostConfig.deployDirectory Deploying web application directory [E:\2017_웹_서버_프로그래밍\apache-tomcat-9.0.0.M26\webapps\examples]
12-Oct-2017 16:04:04.304 정보 [main] org.apache.jasper.servlet.TldScanner.scanJars At least one JAR was scanned for TLDs yet contained no TLDs. Enable debug logging for this logger for a complete list of JARs that were scanned but no TLDs were found in them. Skipping unneeded JARs during scanning can improve startup time and JSP compilation time.
12-Oct-2017 16:04:04.411 정보 [main] org.apache.catalina.startup.HostConfig.deployDirectory Deployment of web application directory [E:\2017_웹_서버_프로그래밍\apache-tomcat-9.0.0.M26\webapps\examples] has finished in [1,397] ms
12-Oct-2017 16:04:04.414 정보 [main] org.apache.catalina.startup.HostConfig.deployDirectory Deploying web application directory [E:\2017_웹_서버_프로그래밍\apache-tomcat-9.0.0.M26\webapps\host-manager]
12-Oct-2017 16:04:04.848 정보 [main] org.apache.jasper.servlet.TldScanner.scanJars At least one JAR was scanned for TLDs yet contained no TLDs. Enable debug logging for this logger for a complete list of JARs that were scanned but no TLDs were found in them. Skipping unneeded JARs during scanning can improve startup time and JSP compilation time.
12-Oct-2017 16:04:04.861 정보 [main] org.apache.catalina.startup.HostConfig.deployDirectory Deployment of web application directory [E:\2017_웹_서버_프로그래밍\apache-tomcat-9.0.0.M26\webapps\host-manager] has finished in [447] ms
12-Oct-2017 16:04:04.864 정보 [main] org.apache.catalina.startup.HostConfig.deployDirectory Deploying web application directory [E:\2017_웹_서버_프로그래밍\apache-tomcat-9.0.0.M26\webapps\manager]
12-Oct-2017 16:04:05.307 정보 [main] org.apache.jasper.servlet.TldScanner.scanJars At least one JAR was scanned for TLDs yet contained no TLDs. Enable debug logging for this logger for a complete list of JARs that were scanned but no TLDs were found in them. Skipping unneeded JARs during scanning can improve startup time and JSP compilation time.
12-Oct-2017 16:04:05.316 정보 [main] org.apache.catalina.startup.HostConfig.deployDirectory Deployment of web application directory [E:\2017_웹_서버_프로그래밍\apache-tomcat-9.0.0.M26\webapps\manager] has finished in [452] ms
12-Oct-2017 16:04:05.318 정보 [main] org.apache.catalina.startup.HostConfig.deployDirectory Deploying web application directory [E:\2017_웹_서버_프로그래밍\apache-tomcat-9.0.0.M26\webapps\ROOT]
12-Oct-2017 16:04:05.732 정보 [main] org.apache.jasper.servlet.TldScanner.scanJars At least one JAR was scanned for TLDs yet contained no TLDs. Enable debug logging for this logger for a complete list of JARs that were scanned but no TLDs were found in them. Skipping unneeded JARs during scanning can improve startup time and JSP compilation time.
12-Oct-2017 16:04:05.748 정보 [main] org.apache.catalina.startup.HostConfig.deployDirectory Deployment of web application directory [E:\2017_웹_서버_프로그래밍\apache-tomcat-9.0.0.M26\webapps\ROOT] has finished in [430] ms
12-Oct-2017 16:04:05.751 정보 [main] org.apache.catalina.startup.HostConfig.deployDirectory Deploying web application directory [E:\2017_웹_서버_프로그래밍\apache-tomcat-9.0.0.M26\webapps\websrv]
12-Oct-2017 16:04:06.275 정보 [main] org.apache.jasper.servlet.TldScanner.scanJars At least one JAR was scanned for TLDs yet contained no TLDs. Enable debug logging for this logger for a complete list of JARs that were scanned but no TLDs were found in them. Skipping unneeded JARs during scanning can improve startup time and JSP compilation time.
12-Oct-2017 16:04:06.307 정보 [main] org.apache.catalina.startup.HostConfig.deployDirectory Deployment of web application directory [E:\2017_웹_서버_프로그래밍\apache-tomcat-9.0.0.M26\webapps\websrv] has finished in [556] ms
12-Oct-2017 16:04:06.312 정보 [main] org.apache.coyote.AbstractProtocol.start Starting ProtocolHandler ["http-nio-8080"]
12-Oct-2017 16:04:06.327 정보 [main] org.apache.coyote.AbstractProtocol.start Starting ProtocolHandler ["ajp-nio-8009"]
12-Oct-2017 16:04:06.332 정보 [main] org.apache.catalina.startup.Catalina.start Server startup in 4223 ms
12-Oct-2017 16:05:07.607 정보 [Thread-5] org.apache.coyote.AbstractProtocol.pause Pausing ProtocolHandler ["http-nio-8080"]
12-Oct-2017 16:05:07.828 정보 [Thread-5] org.apache.coyote.AbstractProtocol.pause Pausing ProtocolHandler ["ajp-nio-8009"]
12-Oct-2017 16:05:08.078 정보 [Thread-5] org.apache.catalina.core.StandardService.stopInternal Stopping service [Catalina]
12-Oct-2017 16:05:08.157 정보 [Thread-5] org.apache.coyote.AbstractProtocol.stop Stopping ProtocolHandler ["http-nio-8080"]
12-Oct-2017 16:05:08.163 정보 [Thread-5] org.apache.coyote.AbstractProtocol.stop Stopping ProtocolHandler ["ajp-nio-8009"]
12-Oct-2017 16:05:08.169 정보 [Thread-5] org.apache.coyote.AbstractProtocol.destroy Destroying ProtocolHandler ["http-nio-8080"]
12-Oct-2017 16:05:08.173 정보 [Thread-5] org.apache.coyote.AbstractProtocol.destroy Destroying ProtocolHandler ["ajp-nio-8009"]
12-Oct-2017 16:05:09.511 정보 [main] org.apache.catalina.startup.VersionLoggerListener.log Server version:        Apache Tomcat/9.0.0.M26
12-Oct-2017 16:05:09.514 정보 [main] org.apache.catalina.startup.VersionLoggerListener.log Server built:          Aug 2 2017 20:29:05 UTC
12-Oct-2017 16:05:09.515 정보 [main] org.apache.catalina.startup.VersionLoggerListener.log Server number:         9.0.0.0
12-Oct-2017 16:05:09.517 정보 [main] org.apache.catalina.startup.VersionLoggerListener.log OS Name:               Windows 7
12-Oct-2017 16:05:09.519 정보 [main] org.apache.catalina.startup.VersionLoggerListener.log OS Version:            6.1
12-Oct-2017 16:05:09.520 정보 [main] org.apache.catalina.startup.VersionLoggerListener.log Architecture:          amd64
12-Oct-2017 16:05:09.522 정보 [main] org.apache.catalina.startup.VersionLoggerListener.log Java Home:             C:\Program Files\Java\jdk1.8.0_40\jre
12-Oct-2017 16:05:09.524 정보 [main] org.apache.catalina.startup.VersionLoggerListener.log JVM Version:           1.8.0_40-b26
12-Oct-2017 16:05:09.526 정보 [main] org.apache.catalina.startup.VersionLoggerListener.log JVM Vendor:            Oracle Corporation
12-Oct-2017 16:05:09.528 정보 [main] org.apache.catalina.startup.VersionLoggerListener.log CATALINA_BASE:         E:\2017_웹_서버_프로그래밍\apache-tomcat-9.0.0.M26
12-Oct-2017 16:05:09.530 정보 [main] org.apache.catalina.startup.VersionLoggerListener.log CATALINA_HOME:         E:\2017_웹_서버_프로그래밍\apache-tomcat-9.0.0.M26
12-Oct-2017 16:05:09.532 정보 [main] org.apache.catalina.startup.VersionLoggerListener.log Command line argument: -Djava.util.logging.config.file=E:\2017_웹_서버_프로그래밍\apache-tomcat-9.0.0.M26\conf\logging.properties
12-Oct-2017 16:05:09.534 정보 [main] org.apache.catalina.startup.VersionLoggerListener.log Command line argument: -Djava.util.logging.manager=org.apache.juli.ClassLoaderLogManager
12-Oct-2017 16:05:09.536 정보 [main] org.apache.catalina.startup.VersionLoggerListener.log Command line argument: -Djdk.tls.ephemeralDHKeySize=2048
12-Oct-2017 16:05:09.537 정보 [main] org.apache.catalina.startup.VersionLoggerListener.log Command line argument: -Djava.protocol.handler.pkgs=org.apache.catalina.webresources
12-Oct-2017 16:05:09.539 정보 [main] org.apache.catalina.startup.VersionLoggerListener.log Command line argument: -Dcatalina.base=E:\2017_웹_서버_프로그래밍\apache-tomcat-9.0.0.M26
12-Oct-2017 16:05:09.541 정보 [main] org.apache.catalina.startup.VersionLoggerListener.log Command line argument: -Dcatalina.home=E:\2017_웹_서버_프로그래밍\apache-tomcat-9.0.0.M26
12-Oct-2017 16:05:09.543 정보 [main] org.apache.catalina.startup.VersionLoggerListener.log Command line argument: -Djava.io.tmpdir=E:\2017_웹_서버_프로그래밍\apache-tomcat-9.0.0.M26\temp
12-Oct-2017 16:05:09.545 정보 [main] org.apache.catalina.core.AprLifecycleListener.lifecycleEvent The APR based Apache Tomcat Native library which allows optimal performance in production environments was not found on the java.library.path: [C:\Program Files\Java\jdk1.8.0_40\bin;C:\windows\Sun\Java\bin;C:\windows\system32;C:\windows;C:\Program Files\Java\jdk1.8.0_40\bin;C:\ProgramData\Oracle\Java\javapath;C:\Program Files (x86)\Intel\iCLS Client\;C:\Program Files\Intel\iCLS Client\;C:\windows\system32;C:\windows;C:\windows\System32\Wbem;C:\windows\System32\WindowsPowerShell\v1.0\;C:\Program Files\Intel\Intel(R) Management Engine Components\DAL;C:\Program Files\Intel\Intel(R) Management Engine Components\IPT;C:\Program Files (x86)\Intel\Intel(R) Management Engine Components\DAL;C:\Program Files (x86)\Intel\Intel(R) Management Engine Components\IPT;C:\Program Files (x86)\Intel\OpenCL SDK\3.0\bin\x86;C:\Program Files (x86)\Intel\OpenCL SDK\3.0\bin\x64;C:\Program Files (x86)\MATLAB\R2014b\runtime\win32;C:\Program Files (x86)\MATLAB\R2014b\bin;C:\Program Files\Java\jdk1.8.0_40\bin;C:\Program Files (x86)\Windows Kits\8.1\Windows Performance Toolkit\;C:\Program Files\Microsoft SQL Server\110\Tools\Binn\;C:\Program Files (x86)\Microsoft SDKs\TypeScript\1.0\;C:\Program Files\Microsoft SQL Server\120\Tools\Binn\;C:\Program Files\nodejs\;C:\windows\system32\config\systemprofile\.dnx\bin;C:\Program Files\Microsoft DNX\Dnvm\;C:\Program Files\Microsoft SQL Server\130\Tools\Binn\;C:\Program Files\Java\jdk1.8.0_40\bin;D:\goweb\apache-tomcat-9.0.0.M10\apache-tomcat-9.0.0.M10\bin;C:\Program Files\MySQL\MySQL Utilities 1.6\;C:\Program Files\PuTTY\;C:\Program Files\Java\jdk1.8.0_40\bin;C:\Users\user\AppData\Roaming\npm;C:\Python27;D:\ex2;.]
12-Oct-2017 16:05:09.668 정보 [main] org.apache.coyote.AbstractProtocol.init Initializing ProtocolHandler ["http-nio-8080"]
12-Oct-2017 16:05:09.704 정보 [main] org.apache.tomcat.util.net.NioSelectorPool.getSharedSelector Using a shared selector for servlet write/read
12-Oct-2017 16:05:09.709 정보 [main] org.apache.coyote.AbstractProtocol.init Initializing ProtocolHandler ["ajp-nio-8009"]
12-Oct-2017 16:05:09.714 정보 [main] org.apache.tomcat.util.net.NioSelectorPool.getSharedSelector Using a shared selector for servlet write/read
12-Oct-2017 16:05:09.716 정보 [main] org.apache.catalina.startup.Catalina.load Initialization processed in 525 ms
12-Oct-2017 16:05:09.761 정보 [main] org.apache.catalina.core.StandardService.startInternal Starting service [Catalina]
12-Oct-2017 16:05:09.763 정보 [main] org.apache.catalina.core.StandardEngine.startInternal Starting Servlet Engine: Apache Tomcat/9.0.0.M26
12-Oct-2017 16:05:09.778 정보 [main] org.apache.catalina.startup.HostConfig.deployDirectory Deploying web application directory [E:\2017_웹_서버_프로그래밍\apache-tomcat-9.0.0.M26\webapps\docs]
12-Oct-2017 16:05:10.484 정보 [main] org.apache.jasper.servlet.TldScanner.scanJars At least one JAR was scanned for TLDs yet contained no TLDs. Enable debug logging for this logger for a complete list of JARs that were scanned but no TLDs were found in them. Skipping unneeded JARs during scanning can improve startup time and JSP compilation time.
12-Oct-2017 16:05:10.645 정보 [main] org.apache.catalina.startup.HostConfig.deployDirectory Deployment of web application directory [E:\2017_웹_서버_프로그래밍\apache-tomcat-9.0.0.M26\webapps\docs] has finished in [867] ms
12-Oct-2017 16:05:10.648 정보 [main] org.apache.catalina.startup.HostConfig.deployDirectory Deploying web application directory [E:\2017_웹_서버_프로그래밍\apache-tomcat-9.0.0.M26\webapps\examples]
12-Oct-2017 16:05:11.961 정보 [main] org.apache.jasper.servlet.TldScanner.scanJars At least one JAR was scanned for TLDs yet contained no TLDs. Enable debug logging for this logger for a complete list of JARs that were scanned but no TLDs were found in them. Skipping unneeded JARs during scanning can improve startup time and JSP compilation time.
12-Oct-2017 16:05:12.081 정보 [main] org.apache.catalina.startup.HostConfig.deployDirectory Deployment of web application directory [E:\2017_웹_서버_프로그래밍\apache-tomcat-9.0.0.M26\webapps\examples] has finished in [1,433] ms
12-Oct-2017 16:05:12.084 정보 [main] org.apache.catalina.startup.HostConfig.deployDirectory Deploying web application directory [E:\2017_웹_서버_프로그래밍\apache-tomcat-9.0.0.M26\webapps\host-manager]
12-Oct-2017 16:05:12.531 정보 [main] org.apache.jasper.servlet.TldScanner.scanJars At least one JAR was scanned for TLDs yet contained no TLDs. Enable debug logging for this logger for a complete list of JARs that were scanned but no TLDs were found in them. Skipping unneeded JARs during scanning can improve startup time and JSP compilation time.
12-Oct-2017 16:05:12.579 정보 [main] org.apache.catalina.startup.HostConfig.deployDirectory Deployment of web application directory [E:\2017_웹_서버_프로그래밍\apache-tomcat-9.0.0.M26\webapps\host-manager] has finished in [495] ms
12-Oct-2017 16:05:12.583 정보 [main] org.apache.catalina.startup.HostConfig.deployDirectory Deploying web application directory [E:\2017_웹_서버_프로그래밍\apache-tomcat-9.0.0.M26\webapps\manager]
12-Oct-2017 16:05:13.059 정보 [main] org.apache.jasper.servlet.TldScanner.scanJars At least one JAR was scanned for TLDs yet contained no TLDs. Enable debug logging for this logger for a complete list of JARs that were scanned but no TLDs were found in them. Skipping unneeded JARs during scanning can improve startup time and JSP compilation time.
12-Oct-2017 16:05:13.072 정보 [main] org.apache.catalina.startup.HostConfig.deployDirectory Deployment of web application directory [E:\2017_웹_서버_프로그래밍\apache-tomcat-9.0.0.M26\webapps\manager] has finished in [489] ms
12-Oct-2017 16:05:13.077 정보 [main] org.apache.catalina.startup.HostConfig.deployDirectory Deploying web application directory [E:\2017_웹_서버_프로그래밍\apache-tomcat-9.0.0.M26\webapps\ROOT]
12-Oct-2017 16:05:13.656 정보 [main] org.apache.jasper.servlet.TldScanner.scanJars At least one JAR was scanned for TLDs yet contained no TLDs. Enable debug logging for this logger for a complete list of JARs that were scanned but no TLDs were found in them. Skipping unneeded JARs during scanning can improve startup time and JSP compilation time.
12-Oct-2017 16:05:13.667 정보 [main] org.apache.catalina.startup.HostConfig.deployDirectory Deployment of web application directory [E:\2017_웹_서버_프로그래밍\apache-tomcat-9.0.0.M26\webapps\ROOT] has finished in [590] ms
12-Oct-2017 16:05:13.671 정보 [main] org.apache.catalina.startup.HostConfig.deployDirectory Deploying web application directory [E:\2017_웹_서버_프로그래밍\apache-tomcat-9.0.0.M26\webapps\websrv]
12-Oct-2017 16:05:14.338 정보 [main] org.apache.jasper.servlet.TldScanner.scanJars At least one JAR was scanned for TLDs yet contained no TLDs. Enable debug logging for this logger for a complete list of JARs that were scanned but no TLDs were found in them. Skipping unneeded JARs during scanning can improve startup time and JSP compilation time.
12-Oct-2017 16:05:14.364 정보 [main] org.apache.catalina.startup.HostConfig.deployDirectory Deployment of web application directory [E:\2017_웹_서버_프로그래밍\apache-tomcat-9.0.0.M26\webapps\websrv] has finished in [693] ms
12-Oct-2017 16:05:14.369 정보 [main] org.apache.coyote.AbstractProtocol.start Starting ProtocolHandler ["http-nio-8080"]
12-Oct-2017 16:05:14.386 정보 [main] org.apache.coyote.AbstractProtocol.start Starting ProtocolHandler ["ajp-nio-8009"]
12-Oct-2017 16:05:14.393 정보 [main] org.apache.catalina.startup.Catalina.start Server startup in 4675 ms
12-Oct-2017 16:58:04.170 정보 [Thread-5] org.apache.coyote.AbstractProtocol.pause Pausing ProtocolHandler ["http-nio-8080"]
12-Oct-2017 16:58:04.310 정보 [Thread-5] org.apache.coyote.AbstractProtocol.pause Pausing ProtocolHandler ["ajp-nio-8009"]
12-Oct-2017 16:58:04.482 정보 [Thread-5] org.apache.catalina.core.StandardService.stopInternal Stopping service [Catalina]
12-Oct-2017 16:58:04.529 정보 [Thread-5] org.apache.coyote.AbstractProtocol.stop Stopping ProtocolHandler ["http-nio-8080"]
12-Oct-2017 16:58:04.529 정보 [Thread-5] org.apache.coyote.AbstractProtocol.stop Stopping ProtocolHandler ["ajp-nio-8009"]
12-Oct-2017 16:58:04.544 정보 [Thread-5] org.apache.coyote.AbstractProtocol.destroy Destroying ProtocolHandler ["http-nio-8080"]
12-Oct-2017 16:58:04.544 정보 [Thread-5] org.apache.coyote.AbstractProtocol.destroy Destroying ProtocolHandler ["ajp-nio-8009"]
